---------------------------------------------------------------
[ 2018-03-10T08:53:40+08:00 ] 223.72.56.189 GET /ding/index/index
[ info ] dt.julongjinrong.top/ding/index/index [运行时间：0.583356s][吞吐率：1.71req/s] [内存消耗：1,874.83kb] [文件加载：65]
[ info ] [ BEHAVIOR ] Run Closure @app_init [ RunTime:0.000029s ]
[ info ] [ CACHE ] INIT File
[ info ] [ BEHAVIOR ] Run Closure @app_init [ RunTime:0.001076s ]
[ info ] [ LANG ] /home/wwwroot/dt.julongjinrong.top/thinkphp/lang/zh-cn.php
[ info ] [ ROUTE ] array (
  'type' => 'module',
  'module' => 
  array (
    0 => 'ding',
    1 => 'index',
    2 => 'index',
  ),
)
[ info ] [ HEADER ] array (
  'connection' => 'keep-alive',
  'accept-encoding' => 'gzip, deflate',
  'accept-language' => 'zh-cn',
  'user-agent' => 'Mozilla/5.0 (iPhone; CPU iPhone OS 11_2_2 like Mac OS X) AppleWebKit/604.4.7 (KHTML, like Gecko) Mobile/15C202 AliApp(DingTalk/4.3.0) com.laiwang.DingTalk/3215633 Channel/201200 language/zh-Hans-CN',
  'accept' => 'text/html,application/xhtml+xml,application/xml;q=0.9,*/*;q=0.8',
  'upgrade-insecure-requests' => '1',
  'dingtalk-flag' => '1',
  'host' => 'dt.julongjinrong.top',
  'content-type' => '',
  'content-length' => '',
)
[ info ] [ PARAM ] array (
)
[ info ] [ BEHAVIOR ] Run app\common\behavior\Common @module_init [ RunTime:0.000200s ]
[ info ] [ RUN ] app\ding\controller\Index->index[ /home/wwwroot/dt.julongjinrong.top/application/ding/controller/Index.php ]
[ info ] [ VIEW ] /home/wwwroot/dt.julongjinrong.top/public/../application/ding/view/index/index.html [ array (
  0 => 'list',
) ]
[ info ] [ LOG ] INIT File
---------------------------------------------------------------
[ 2018-03-10T08:54:03+08:00 ] 42.156.251.195 GET /ding/index/index
[ info ] dt.julongjinrong.top/ding/index/index [运行时间：0.504199s][吞吐率：1.98req/s] [内存消耗：1,875.04kb] [文件加载：65]
[ info ] [ BEHAVIOR ] Run Closure @app_init [ RunTime:0.000019s ]
[ info ] [ CACHE ] INIT File
[ info ] [ BEHAVIOR ] Run Closure @app_init [ RunTime:0.001090s ]
[ info ] [ LANG ] /home/wwwroot/dt.julongjinrong.top/thinkphp/lang/zh-cn.php
[ info ] [ ROUTE ] array (
  'type' => 'module',
  'module' => 
  array (
    0 => 'ding',
    1 => 'index',
    2 => 'index',
  ),
)
[ info ] [ HEADER ] array (
  'host' => 'dt.julongjinrong.top',
  'accept-language' => 'zh-CN,zh;q=0.8,en;q=0.6',
  'cookie' => 'is_mobile=1; path=/; domain=taoyinbbs2.weebly.com',
  'accept-encoding' => 'gzip, deflate',
  'user-agent' => 'Mozilla/5.0 (Linux; Android 4.4.2; vivo X710L Build/KVT49L; wv) AppleWebKit/537.36 (KHTML, like Gecko) Version/4.0 Chrome/53.0.2785.49 Mobile MQQBrowser/6.2 TBS/043128 Safari/537.36 MicroMessenger/6.5.7.1041 NetType/4G Language/zh_CN',
  'accept' => 'text/html,application/xhtml+xml,application/xml;q=0.9,image/webp,*/*;q=0.8',
  'connection' => 'close',
  'content-type' => '',
  'content-length' => '',
)
[ info ] [ PARAM ] array (
)
[ info ] [ BEHAVIOR ] Run app\common\behavior\Common @module_init [ RunTime:0.000226s ]
[ info ] [ RUN ] app\ding\controller\Index->index[ /home/wwwroot/dt.julongjinrong.top/application/ding/controller/Index.php ]
[ info ] [ VIEW ] /home/wwwroot/dt.julongjinrong.top/public/../application/ding/view/index/index.html [ array (
  0 => 'list',
) ]
[ info ] [ LOG ] INIT File
---------------------------------------------------------------
[ 2018-03-10T08:54:06+08:00 ] 42.156.251.195 GET /ding/index/index
[ info ] dt.julongjinrong.top/ding/index/index [运行时间：0.536682s][吞吐率：1.86req/s] [内存消耗：1,873.05kb] [文件加载：65]
[ info ] [ BEHAVIOR ] Run Closure @app_init [ RunTime:0.000034s ]
[ info ] [ CACHE ] INIT File
[ info ] [ BEHAVIOR ] Run Closure @app_init [ RunTime:0.001038s ]
[ info ] [ LANG ] /home/wwwroot/dt.julongjinrong.top/thinkphp/lang/zh-cn.php
[ info ] [ ROUTE ] array (
  'type' => 'module',
  'module' => 
  array (
    0 => 'ding',
    1 => 'index',
    2 => 'index',
  ),
)
[ info ] [ HEADER ] array (
  'host' => 'dt.julongjinrong.top',
  'accept-language' => 'zh-CN,en,*',
  'accept-encoding' => 'gzip, deflate',
  'connection' => 'Keep-Alive',
  'user-agent' => 'Mozilla/5.0 (Linux; Android 4.4.2; vivo X710L Build/KVT49L; wv) AppleWebKit/537.36 (KHTML, like Gecko) Version/4.0 Chrome/53.0.2785.49 Mobile MQQBrowser/6.2 TBS/043128 Safari/537.36 MicroMessenger/6.5.7.1041 NetType/4G Language/zh_CN',
  'accept' => 'text/html,application/xhtml+xml,application/xml;q=0.9,*/*;q=0.8',
  'content-type' => '',
  'content-length' => '',
)
[ info ] [ PARAM ] array (
)
[ info ] [ BEHAVIOR ] Run app\common\behavior\Common @module_init [ RunTime:0.000199s ]
[ info ] [ RUN ] app\ding\controller\Index->index[ /home/wwwroot/dt.julongjinrong.top/application/ding/controller/Index.php ]
[ info ] [ VIEW ] /home/wwwroot/dt.julongjinrong.top/public/../application/ding/view/index/index.html [ array (
  0 => 'list',
) ]
[ info ] [ LOG ] INIT File
---------------------------------------------------------------
[ 2018-03-10T15:31:04+08:00 ] 175.167.138.1 GET /ding/index/index
[ info ] dt.julongjinrong.top/ding/index/index [运行时间：0.608616s][吞吐率：1.64req/s] [内存消耗：1,875.02kb] [文件加载：65]
[ info ] [ BEHAVIOR ] Run Closure @app_init [ RunTime:0.000021s ]
[ info ] [ CACHE ] INIT File
[ info ] [ BEHAVIOR ] Run Closure @app_init [ RunTime:0.001061s ]
[ info ] [ LANG ] /home/wwwroot/dt.julongjinrong.top/thinkphp/lang/zh-cn.php
[ info ] [ ROUTE ] array (
  'type' => 'module',
  'module' => 
  array (
    0 => 'ding',
    1 => 'index',
    2 => 'index',
  ),
)
[ info ] [ HEADER ] array (
  'accept-encoding' => 'gzip, deflate',
  'referer' => 'http://dt.julongjinrong.top/ding/index/index',
  'accept-language' => 'zh-CN',
  'user-agent' => 'Mozilla/5.0 (Linux; U; Android 7.0; zh-CN; M1 E Build/NRD90M) AppleWebKit/537.36 (KHTML, like Gecko) Version/4.0 Chrome/40.0.2214.89 UCBrowser/11.6.6.951 UWS/2.11.0.42 Mobile Safari/537.36 AliApp(DingTalk/4.3.0) com.alibaba.android.rimet/0 Channel/228200 language/zh-CN',
  'accept' => 'text/html,application/xhtml+xml,application/xml;q=0.9,image/webp,*/*;q=0.8,UC/3009',
  'connection' => 'keep-alive',
  'host' => 'dt.julongjinrong.top',
  'content-type' => '',
  'content-length' => '',
)
[ info ] [ PARAM ] array (
)
[ info ] [ BEHAVIOR ] Run app\common\behavior\Common @module_init [ RunTime:0.000204s ]
[ info ] [ RUN ] app\ding\controller\Index->index[ /home/wwwroot/dt.julongjinrong.top/application/ding/controller/Index.php ]
[ info ] [ VIEW ] /home/wwwroot/dt.julongjinrong.top/public/../application/ding/view/index/index.html [ array (
  0 => 'list',
) ]
[ info ] [ LOG ] INIT File
---------------------------------------------------------------
[ 2018-03-10T15:31:09+08:00 ] 42.156.251.189 GET /ding/index/index
[ info ] dt.julongjinrong.top/ding/index/index [运行时间：0.558758s][吞吐率：1.79req/s] [内存消耗：1,874.76kb] [文件加载：65]
[ info ] [ BEHAVIOR ] Run Closure @app_init [ RunTime:0.000020s ]
[ info ] [ CACHE ] INIT File
[ info ] [ BEHAVIOR ] Run Closure @app_init [ RunTime:0.001046s ]
[ info ] [ LANG ] /home/wwwroot/dt.julongjinrong.top/thinkphp/lang/zh-cn.php
[ info ] [ ROUTE ] array (
  'type' => 'module',
  'module' => 
  array (
    0 => 'ding',
    1 => 'index',
    2 => 'index',
  ),
)
[ info ] [ HEADER ] array (
  'host' => 'dt.julongjinrong.top',
  'accept-language' => 'zh-CN,zh;q=0.8,en;q=0.6',
  'cookie' => 'B7Y9_2132_sid=TIFcEl; expires=Sun, 11-Mar-2018 07:31:08 GMT; Max-Age=86400; path=/; secure',
  'accept-encoding' => 'gzip, deflate',
  'user-agent' => 'Mozilla/5.0 (Linux; Android 5.0.2; SM-A5000 Build/LRX22C  ) AppleWebKit/603.1.30 (KHTML, like Gecko) Mobile/14E304 Tx(Tx/6.8.1) WindVane/8.2.0 640x1136',
  'accept' => 'text/html,application/xhtml+xml,application/xml;q=0.9,image/webp,*/*;q=0.8',
  'connection' => 'close',
  'content-type' => '',
  'content-length' => '',
)
[ info ] [ PARAM ] array (
)
[ info ] [ BEHAVIOR ] Run app\common\behavior\Common @module_init [ RunTime:0.000212s ]
[ info ] [ RUN ] app\ding\controller\Index->index[ /home/wwwroot/dt.julongjinrong.top/application/ding/controller/Index.php ]
[ info ] [ VIEW ] /home/wwwroot/dt.julongjinrong.top/public/../application/ding/view/index/index.html [ array (
  0 => 'list',
) ]
[ info ] [ LOG ] INIT File
---------------------------------------------------------------
[ 2018-03-10T15:31:11+08:00 ] 175.167.138.1 GET /ding/index/index
[ info ] dt.julongjinrong.top/ding/index/index [运行时间：0.584403s][吞吐率：1.71req/s] [内存消耗：1,856.89kb] [文件加载：64]
[ info ] [ BEHAVIOR ] Run Closure @app_init [ RunTime:0.000018s ]
[ info ] [ CACHE ] INIT File
[ info ] [ BEHAVIOR ] Run Closure @app_init [ RunTime:0.001114s ]
[ info ] [ LANG ] /home/wwwroot/dt.julongjinrong.top/thinkphp/lang/zh-cn.php
[ info ] [ ROUTE ] array (
  'type' => 'module',
  'module' => 
  array (
    0 => 'ding',
    1 => 'index',
    2 => 'index',
  ),
)
[ info ] [ HEADER ] array (
  'accept-encoding' => 'gzip, deflate',
  'referer' => 'http://dt.julongjinrong.top/ding/index/index',
  'accept-language' => 'zh-CN',
  'user-agent' => 'Mozilla/5.0 (Linux; U; Android 7.0; zh-CN; M1 E Build/NRD90M) AppleWebKit/537.36 (KHTML, like Gecko) Version/4.0 Chrome/40.0.2214.89 UCBrowser/11.6.6.951 UWS/2.11.0.42 Mobile Safari/537.36 AliApp(DingTalk/4.3.0) com.alibaba.android.rimet/0 Channel/228200 language/zh-CN',
  'accept' => 'text/html,application/xhtml+xml,application/xml;q=0.9,image/webp,*/*;q=0.8,UC/3009',
  'connection' => 'keep-alive',
  'host' => 'dt.julongjinrong.top',
  'content-type' => '',
  'content-length' => '',
)
[ info ] [ PARAM ] array (
)
[ info ] [ BEHAVIOR ] Run app\common\behavior\Common @module_init [ RunTime:0.000207s ]
[ info ] [ RUN ] app\ding\controller\Index->index[ /home/wwwroot/dt.julongjinrong.top/application/ding/controller/Index.php ]
[ info ] [ VIEW ] /home/wwwroot/dt.julongjinrong.top/public/../application/ding/view/index/index.html [ array (
  0 => 'list',
) ]
[ info ] [ LOG ] INIT File
---------------------------------------------------------------
[ 2018-03-10T15:31:11+08:00 ] 175.167.138.1 GET /ding/index/index
[ info ] dt.julongjinrong.top/ding/index/index [运行时间：0.534834s][吞吐率：1.87req/s] [内存消耗：1,875.02kb] [文件加载：65]
[ info ] [ BEHAVIOR ] Run Closure @app_init [ RunTime:0.000018s ]
[ info ] [ CACHE ] INIT File
[ info ] [ BEHAVIOR ] Run Closure @app_init [ RunTime:0.001016s ]
[ info ] [ LANG ] /home/wwwroot/dt.julongjinrong.top/thinkphp/lang/zh-cn.php
[ info ] [ ROUTE ] array (
  'type' => 'module',
  'module' => 
  array (
    0 => 'ding',
    1 => 'index',
    2 => 'index',
  ),
)
[ info ] [ HEADER ] array (
  'accept-encoding' => 'gzip, deflate',
  'referer' => 'http://dt.julongjinrong.top/ding/index/index',
  'accept-language' => 'zh-CN',
  'user-agent' => 'Mozilla/5.0 (Linux; U; Android 7.0; zh-CN; M1 E Build/NRD90M) AppleWebKit/537.36 (KHTML, like Gecko) Version/4.0 Chrome/40.0.2214.89 UCBrowser/11.6.6.951 UWS/2.11.0.42 Mobile Safari/537.36 AliApp(DingTalk/4.3.0) com.alibaba.android.rimet/0 Channel/228200 language/zh-CN',
  'accept' => 'text/html,application/xhtml+xml,application/xml;q=0.9,image/webp,*/*;q=0.8,UC/3009',
  'connection' => 'keep-alive',
  'host' => 'dt.julongjinrong.top',
  'content-type' => '',
  'content-length' => '',
)
[ info ] [ PARAM ] array (
)
[ info ] [ BEHAVIOR ] Run app\common\behavior\Common @module_init [ RunTime:0.000201s ]
[ info ] [ RUN ] app\ding\controller\Index->index[ /home/wwwroot/dt.julongjinrong.top/application/ding/controller/Index.php ]
[ info ] [ VIEW ] /home/wwwroot/dt.julongjinrong.top/public/../application/ding/view/index/index.html [ array (
  0 => 'list',
) ]
[ info ] [ LOG ] INIT File
---------------------------------------------------------------
[ 2018-03-10T15:31:12+08:00 ] 175.167.138.1 GET /favicon.ico
[ info ] dt.julongjinrong.top/favicon.ico [运行时间：0.020253s][吞吐率：49.38req/s] [内存消耗：1,632.48kb] [文件加载：53]
[ info ] [ BEHAVIOR ] Run Closure @app_init [ RunTime:0.000059s ]
[ info ] [ CACHE ] INIT File
[ info ] [ BEHAVIOR ] Run Closure @app_init [ RunTime:0.001048s ]
[ info ] [ LANG ] /home/wwwroot/dt.julongjinrong.top/thinkphp/lang/zh-cn.php
[ info ] [ ROUTE ] array (
  'type' => 'module',
  'module' => 
  array (
    0 => 'favicon.ico',
    1 => NULL,
    2 => NULL,
  ),
)
[ info ] [ HEADER ] array (
  'user-agent' => 'Mozilla/5.0 (Linux; U; Android 7.0; zh-CN; M1 E Build/NRD90M) AppleWebKit/537.36 (KHTML, like Gecko) Version/4.0 Chrome/40.0.2214.89 UCBrowser/11.6.6.951 UWS/2.11.0.42 Mobile Safari/537.36 AliApp(DingTalk/4.3.0) com.alibaba.android.rimet/0 Channel/228200 language/zh-CN',
  'accept-language' => 'zh-CN,en-US;q=0.8',
  'accept-encoding' => 'gzip, deflate',
  'accept' => '*/*',
  'connection' => 'keep-alive',
  'host' => 'dt.julongjinrong.top',
  'content-type' => '',
  'content-length' => '',
)
[ info ] [ PARAM ] array (
)
[ info ] [ LOG ] INIT File
---------------------------------------------------------------
[ 2018-03-10T15:31:12+08:00 ] 42.156.251.189 GET /ding/index/index
[ info ] dt.julongjinrong.top/ding/index/index [运行时间：0.563160s][吞吐率：1.78req/s] [内存消耗：1,872.87kb] [文件加载：65]
[ info ] [ BEHAVIOR ] Run Closure @app_init [ RunTime:0.000020s ]
[ info ] [ CACHE ] INIT File
[ info ] [ BEHAVIOR ] Run Closure @app_init [ RunTime:0.001127s ]
[ info ] [ LANG ] /home/wwwroot/dt.julongjinrong.top/thinkphp/lang/zh-cn.php
[ info ] [ ROUTE ] array (
  'type' => 'module',
  'module' => 
  array (
    0 => 'ding',
    1 => 'index',
    2 => 'index',
  ),
)
[ info ] [ HEADER ] array (
  'host' => 'dt.julongjinrong.top',
  'accept-language' => 'zh-CN,en,*',
  'accept-encoding' => 'gzip, deflate',
  'connection' => 'Keep-Alive',
  'user-agent' => 'Mozilla/5.0 (Linux; Android 7.0; EVA-AL00 Build/HUAWEIEVA-AL00; wv) AppleWebKit/537.36 (KHTML, like Gecko) Version/4.0 Chrome/58.0.3029.83 Mobile Safari/537.36 Tx(LX/8.2.2) AliTrip/8.2.2',
  'accept' => 'text/html,application/xhtml+xml,application/xml;q=0.9,*/*;q=0.8',
  'content-type' => '',
  'content-length' => '',
)
[ info ] [ PARAM ] array (
)
[ info ] [ BEHAVIOR ] Run app\common\behavior\Common @module_init [ RunTime:0.000207s ]
[ info ] [ RUN ] app\ding\controller\Index->index[ /home/wwwroot/dt.julongjinrong.top/application/ding/controller/Index.php ]
[ info ] [ VIEW ] /home/wwwroot/dt.julongjinrong.top/public/../application/ding/view/index/index.html [ array (
  0 => 'list',
) ]
[ info ] [ LOG ] INIT File
---------------------------------------------------------------
[ 2018-03-10T21:16:40+08:00 ] 113.57.182.239 GET /ding/index/index
[ info ] dt.julongjinrong.top/ding/index/index [运行时间：0.583259s][吞吐率：1.71req/s] [内存消耗：1,843.70kb] [文件加载：64]
[ info ] [ BEHAVIOR ] Run Closure @app_init [ RunTime:0.000018s ]
[ info ] [ CACHE ] INIT File
[ info ] [ BEHAVIOR ] Run Closure @app_init [ RunTime:0.001053s ]
[ info ] [ ROUTE ] array (
  'type' => 'module',
  'module' => 
  array (
    0 => 'ding',
    1 => 'index',
    2 => 'index',
  ),
)
[ info ] [ HEADER ] array (
  'accept-encoding' => 'gzip, deflate',
  'referer' => 'http://dt.julongjinrong.top/ding/index/index',
  'accept-language' => 'en-US',
  'user-agent' => 'Mozilla/5.0 (Linux; U; Android 7.1.1; zh-CN; MI 6 Build/NMF26X) AppleWebKit/537.36 (KHTML, like Gecko) Version/4.0 Chrome/40.0.2214.89 UCBrowser/11.6.6.951 UWS/2.11.0.42 Mobile Safari/537.36 AliApp(DingTalk/4.3.0) com.alibaba.android.rimet/0 Channel/700159 language/en-US',
  'accept' => 'text/html,application/xhtml+xml,application/xml;q=0.9,image/webp,*/*;q=0.8,UC/3009',
  'connection' => 'keep-alive',
  'host' => 'dt.julongjinrong.top',
  'content-type' => '',
  'content-length' => '',
)
[ info ] [ PARAM ] array (
)
[ info ] [ BEHAVIOR ] Run app\common\behavior\Common @module_init [ RunTime:0.000207s ]
[ info ] [ RUN ] app\ding\controller\Index->index[ /home/wwwroot/dt.julongjinrong.top/application/ding/controller/Index.php ]
[ info ] [ VIEW ] /home/wwwroot/dt.julongjinrong.top/public/../application/ding/view/index/index.html [ array (
  0 => 'list',
) ]
[ info ] [ LOG ] INIT File
---------------------------------------------------------------
[ 2018-03-10T21:16:41+08:00 ] 113.57.182.239 GET /favicon.ico
[ info ] dt.julongjinrong.top/favicon.ico [运行时间：0.020691s][吞吐率：48.33req/s] [内存消耗：1,612.12kb] [文件加载：52]
[ info ] [ BEHAVIOR ] Run Closure @app_init [ RunTime:0.000019s ]
[ info ] [ CACHE ] INIT File
[ info ] [ BEHAVIOR ] Run Closure @app_init [ RunTime:0.002744s ]
[ info ] [ ROUTE ] array (
  'type' => 'module',
  'module' => 
  array (
    0 => 'favicon.ico',
    1 => NULL,
    2 => NULL,
  ),
)
[ info ] [ HEADER ] array (
  'user-agent' => 'Mozilla/5.0 (Linux; U; Android 7.1.1; zh-CN; MI 6 Build/NMF26X) AppleWebKit/537.36 (KHTML, like Gecko) Version/4.0 Chrome/40.0.2214.89 UCBrowser/11.6.6.951 UWS/2.11.0.42 Mobile Safari/537.36 AliApp(DingTalk/4.3.0) com.alibaba.android.rimet/0 Channel/700159 language/en-US',
  'accept-language' => 'en-US',
  'accept-encoding' => 'gzip, deflate',
  'accept' => '*/*',
  'connection' => 'keep-alive',
  'host' => 'dt.julongjinrong.top',
  'content-type' => '',
  'content-length' => '',
)
[ info ] [ PARAM ] array (
)
[ info ] [ LOG ] INIT File
---------------------------------------------------------------
[ 2018-03-10T21:16:43+08:00 ] 113.57.182.239 GET /ding/index/index
[ info ] dt.julongjinrong.top/ding/index/index [运行时间：0.542785s][吞吐率：1.84req/s] [内存消耗：1,843.70kb] [文件加载：64]
[ info ] [ BEHAVIOR ] Run Closure @app_init [ RunTime:0.000014s ]
[ info ] [ CACHE ] INIT File
[ info ] [ BEHAVIOR ] Run Closure @app_init [ RunTime:0.000994s ]
[ info ] [ ROUTE ] array (
  'type' => 'module',
  'module' => 
  array (
    0 => 'ding',
    1 => 'index',
    2 => 'index',
  ),
)
[ info ] [ HEADER ] array (
  'accept-encoding' => 'gzip, deflate',
  'referer' => 'http://dt.julongjinrong.top/ding/index/index',
  'accept-language' => 'en-US',
  'user-agent' => 'Mozilla/5.0 (Linux; U; Android 7.1.1; zh-CN; MI 6 Build/NMF26X) AppleWebKit/537.36 (KHTML, like Gecko) Version/4.0 Chrome/40.0.2214.89 UCBrowser/11.6.6.951 UWS/2.11.0.42 Mobile Safari/537.36 AliApp(DingTalk/4.3.0) com.alibaba.android.rimet/0 Channel/700159 language/en-US',
  'accept' => 'text/html,application/xhtml+xml,application/xml;q=0.9,image/webp,*/*;q=0.8,UC/3009',
  'connection' => 'keep-alive',
  'host' => 'dt.julongjinrong.top',
  'content-type' => '',
  'content-length' => '',
)
[ info ] [ PARAM ] array (
)
[ info ] [ BEHAVIOR ] Run app\common\behavior\Common @module_init [ RunTime:0.000188s ]
[ info ] [ RUN ] app\ding\controller\Index->index[ /home/wwwroot/dt.julongjinrong.top/application/ding/controller/Index.php ]
[ info ] [ VIEW ] /home/wwwroot/dt.julongjinrong.top/public/../application/ding/view/index/index.html [ array (
  0 => 'list',
) ]
[ info ] [ LOG ] INIT File
---------------------------------------------------------------
[ 2018-03-10T21:16:43+08:00 ] 42.156.250.242 GET /ding/index/index
[ info ] dt.julongjinrong.top/ding/index/index [运行时间：0.601898s][吞吐率：1.66req/s] [内存消耗：1,875.01kb] [文件加载：65]
[ info ] [ BEHAVIOR ] Run Closure @app_init [ RunTime:0.000019s ]
[ info ] [ CACHE ] INIT File
[ info ] [ BEHAVIOR ] Run Closure @app_init [ RunTime:0.001064s ]
[ info ] [ LANG ] /home/wwwroot/dt.julongjinrong.top/thinkphp/lang/zh-cn.php
[ info ] [ ROUTE ] array (
  'type' => 'module',
  'module' => 
  array (
    0 => 'ding',
    1 => 'index',
    2 => 'index',
  ),
)
[ info ] [ HEADER ] array (
  'host' => 'dt.julongjinrong.top',
  'accept-language' => 'zh-CN,zh;q=0.8,en;q=0.6',
  'cookie' => 'f04e6_lastvisit=0%091520687801%09%2Frewrite.php%3Fpychazuo%2F13980931; expires=Sun, 10-Mar-2019 13:16:41 GMT; path=/; domain=.hualongxiang.com',
  'accept-encoding' => 'gzip, deflate',
  'user-agent' => 'Mozilla/5.0 (Linux; Android 6.0.1; SM-N9100 Build/LRX22C  ) AppleWebKit/601.1.46 (KHTML, like Gecko) Mobile/13A404 Tx(Tx/6.0.0) WindVane/8.1.0 1242x2208',
  'accept' => 'text/html,application/xhtml+xml,application/xml;q=0.9,image/webp,*/*;q=0.8',
  'connection' => 'close',
  'content-type' => '',
  'content-length' => '',
)
[ info ] [ PARAM ] array (
)
[ info ] [ BEHAVIOR ] Run app\common\behavior\Common @module_init [ RunTime:0.000197s ]
[ info ] [ RUN ] app\ding\controller\Index->index[ /home/wwwroot/dt.julongjinrong.top/application/ding/controller/Index.php ]
[ info ] [ VIEW ] /home/wwwroot/dt.julongjinrong.top/public/../application/ding/view/index/index.html [ array (
  0 => 'list',
) ]
[ info ] [ LOG ] INIT File
---------------------------------------------------------------
[ 2018-03-10T21:16:44+08:00 ] 42.156.250.242 GET /ding/index/index
[ info ] dt.julongjinrong.top/ding/index/index [运行时间：0.553288s][吞吐率：1.81req/s] [内存消耗：1,872.68kb] [文件加载：65]
[ info ] [ BEHAVIOR ] Run Closure @app_init [ RunTime:0.000018s ]
[ info ] [ CACHE ] INIT File
[ info ] [ BEHAVIOR ] Run Closure @app_init [ RunTime:0.001078s ]
[ info ] [ LANG ] /home/wwwroot/dt.julongjinrong.top/thinkphp/lang/zh-cn.php
[ info ] [ ROUTE ] array (
  'type' => 'module',
  'module' => 
  array (
    0 => 'ding',
    1 => 'index',
    2 => 'index',
  ),
)
[ info ] [ HEADER ] array (
  'host' => 'dt.julongjinrong.top',
  'accept-language' => 'zh-CN,en,*',
  'accept-encoding' => 'gzip, deflate',
  'connection' => 'Keep-Alive',
  'user-agent' => 'Mozilla/5.0 (Linux; Android 6.0.1; SM-N9100 Build/LRX22C  ) AppleWebKit/601.1.46 (KHTML, like Gecko) Mobile/13A404 Tx(Tx/6.0.0) WindVane/8.1.0 1242x2208',
  'accept' => 'text/html,application/xhtml+xml,application/xml;q=0.9,*/*;q=0.8',
  'content-type' => '',
  'content-length' => '',
)
[ info ] [ PARAM ] array (
)
[ info ] [ BEHAVIOR ] Run app\common\behavior\Common @module_init [ RunTime:0.000233s ]
[ info ] [ RUN ] app\ding\controller\Index->index[ /home/wwwroot/dt.julongjinrong.top/application/ding/controller/Index.php ]
[ info ] [ VIEW ] /home/wwwroot/dt.julongjinrong.top/public/../application/ding/view/index/index.html [ array (
  0 => 'list',
) ]
[ info ] [ LOG ] INIT File
---------------------------------------------------------------
[ 2018-03-10T21:16:44+08:00 ] 113.57.182.239 GET /favicon.ico
[ info ] dt.julongjinrong.top/favicon.ico [运行时间：0.019427s][吞吐率：51.47req/s] [内存消耗：1,612.12kb] [文件加载：52]
[ info ] [ BEHAVIOR ] Run Closure @app_init [ RunTime:0.000020s ]
[ info ] [ CACHE ] INIT File
[ info ] [ BEHAVIOR ] Run Closure @app_init [ RunTime:0.001074s ]
[ info ] [ ROUTE ] array (
  'type' => 'module',
  'module' => 
  array (
    0 => 'favicon.ico',
    1 => NULL,
    2 => NULL,
  ),
)
[ info ] [ HEADER ] array (
  'user-agent' => 'Mozilla/5.0 (Linux; U; Android 7.1.1; zh-CN; MI 6 Build/NMF26X) AppleWebKit/537.36 (KHTML, like Gecko) Version/4.0 Chrome/40.0.2214.89 UCBrowser/11.6.6.951 UWS/2.11.0.42 Mobile Safari/537.36 AliApp(DingTalk/4.3.0) com.alibaba.android.rimet/0 Channel/700159 language/en-US',
  'accept-language' => 'en-US',
  'accept-encoding' => 'gzip, deflate',
  'accept' => '*/*',
  'connection' => 'keep-alive',
  'host' => 'dt.julongjinrong.top',
  'content-type' => '',
  'content-length' => '',
)
[ info ] [ PARAM ] array (
)
[ info ] [ LOG ] INIT File
