---------------------------------------------------------------
[ 2018-02-03T00:26:06+08:00 ] 171.82.128.251 GET /
[ info ] dt.julongjinrong.top/ [运行时间：0.033636s][吞吐率：29.73req/s] [内存消耗：2,294.59kb] [文件加载：66]
[ info ] [ BEHAVIOR ] Run Closure @app_init [ RunTime:0.000036s ]
[ info ] [ CACHE ] INIT File
[ info ] [ BEHAVIOR ] Run Closure @app_init [ RunTime:0.001298s ]
[ info ] [ LANG ] /home/wwwroot/dt.julongjinrong.top/thinkphp/lang/zh-cn.php
[ info ] [ ROUTE ] array (
  'type' => 'module',
  'module' => 
  array (
    0 => '',
    1 => NULL,
    2 => NULL,
  ),
)
[ info ] [ HEADER ] array (
  'cookie' => 'Hm_lvt_f8d0a8c400404989e195270b0bbf060a=1517577788; Hm_lpvt_f8d0a8c400404989e195270b0bbf060a=1517581557',
  'accept-encoding' => 'gzip, deflate',
  'referer' => 'http://dt.julongjinrong.top/',
  'accept-language' => 'zh-CN',
  'user-agent' => 'Mozilla/5.0 (Linux; U; Android 7.0; zh-CN; SM-G9550 Build/NRD90M) AppleWebKit/537.36 (KHTML, like Gecko) Version/4.0 Chrome/40.0.2214.89 UCBrowser/11.6.6.951 UWS/2.11.0.42 Mobile Safari/537.36 AliApp(DingTalk/4.2.8) com.alibaba.android.rimet/0 Channel/10002068 language/zh-CN',
  'accept' => 'text/html,application/xhtml+xml,application/xml;q=0.9,image/webp,*/*;q=0.8,UC/3009',
  'connection' => 'keep-alive',
  'host' => 'dt.julongjinrong.top',
  'content-type' => '',
  'content-length' => '',
)
[ info ] [ PARAM ] array (
)
[ info ] [ LANG ] /home/wwwroot/dt.julongjinrong.top/public/../application/index/lang/zh-cn.php
[ info ] [ BEHAVIOR ] Run app\common\behavior\Common @module_init [ RunTime:0.000267s ]
[ info ] [ LANG ] /home/wwwroot/dt.julongjinrong.top/public/../application/index/lang/zh-cn/index.php
[ info ] [ RUN ] app\index\controller\Index->index[ /home/wwwroot/dt.julongjinrong.top/application/index/controller/Index.php ]
[ info ] [ VIEW ] /home/wwwroot/dt.julongjinrong.top/public/../application/index/view/index/index.html [ array (
  0 => 'user',
  1 => 'site',
  2 => 'config',
) ]
[ info ] [ LOG ] INIT File
---------------------------------------------------------------
[ 2018-02-03T00:26:07+08:00 ] 171.82.128.251 GET /favicon.ico
[ info ] dt.julongjinrong.top/favicon.ico [运行时间：0.019770s][吞吐率：50.58req/s] [内存消耗：1,634.27kb] [文件加载：53]
[ info ] [ BEHAVIOR ] Run Closure @app_init [ RunTime:0.000017s ]
[ info ] [ CACHE ] INIT File
[ info ] [ BEHAVIOR ] Run Closure @app_init [ RunTime:0.001054s ]
[ info ] [ LANG ] /home/wwwroot/dt.julongjinrong.top/thinkphp/lang/zh-cn.php
[ info ] [ ROUTE ] array (
  'type' => 'module',
  'module' => 
  array (
    0 => 'favicon.ico',
    1 => NULL,
    2 => NULL,
  ),
)
[ info ] [ HEADER ] array (
  'user-agent' => 'Mozilla/5.0 (Linux; U; Android 7.0; zh-CN; SM-G9550 Build/NRD90M) AppleWebKit/537.36 (KHTML, like Gecko) Version/4.0 Chrome/40.0.2214.89 UCBrowser/11.6.6.951 UWS/2.11.0.42 Mobile Safari/537.36 AliApp(DingTalk/4.2.8) com.alibaba.android.rimet/0 Channel/10002068 language/zh-CN',
  'cookie' => 'Hm_lvt_f8d0a8c400404989e195270b0bbf060a=1517577788; Hm_lpvt_f8d0a8c400404989e195270b0bbf060a=1517588767',
  'accept-language' => 'zh-CN,en-US;q=0.8',
  'accept-encoding' => 'gzip, deflate',
  'accept' => '*/*',
  'connection' => 'keep-alive',
  'host' => 'dt.julongjinrong.top',
  'content-type' => '',
  'content-length' => '',
)
[ info ] [ PARAM ] array (
)
[ info ] [ LOG ] INIT File
---------------------------------------------------------------
[ 2018-02-03T00:26:07+08:00 ] 171.82.128.251 GET /
[ info ] dt.julongjinrong.top/ [运行时间：0.027156s][吞吐率：36.82req/s] [内存消耗：2,294.60kb] [文件加载：66]
[ info ] [ BEHAVIOR ] Run Closure @app_init [ RunTime:0.000017s ]
[ info ] [ CACHE ] INIT File
[ info ] [ BEHAVIOR ] Run Closure @app_init [ RunTime:0.001045s ]
[ info ] [ LANG ] /home/wwwroot/dt.julongjinrong.top/thinkphp/lang/zh-cn.php
[ info ] [ ROUTE ] array (
  'type' => 'module',
  'module' => 
  array (
    0 => '',
    1 => NULL,
    2 => NULL,
  ),
)
[ info ] [ HEADER ] array (
  'cookie' => 'Hm_lvt_f8d0a8c400404989e195270b0bbf060a=1517577788; Hm_lpvt_f8d0a8c400404989e195270b0bbf060a=1517588767',
  'accept-encoding' => 'gzip, deflate',
  'referer' => 'http://dt.julongjinrong.top/',
  'accept-language' => 'zh-CN',
  'user-agent' => 'Mozilla/5.0 (Linux; U; Android 7.0; zh-CN; SM-G9550 Build/NRD90M) AppleWebKit/537.36 (KHTML, like Gecko) Version/4.0 Chrome/40.0.2214.89 UCBrowser/11.6.6.951 UWS/2.11.0.42 Mobile Safari/537.36 AliApp(DingTalk/4.2.8) com.alibaba.android.rimet/0 Channel/10002068 language/zh-CN',
  'accept' => 'text/html,application/xhtml+xml,application/xml;q=0.9,image/webp,*/*;q=0.8,UC/3009',
  'connection' => 'keep-alive',
  'host' => 'dt.julongjinrong.top',
  'content-type' => '',
  'content-length' => '',
)
[ info ] [ PARAM ] array (
)
[ info ] [ LANG ] /home/wwwroot/dt.julongjinrong.top/public/../application/index/lang/zh-cn.php
[ info ] [ BEHAVIOR ] Run app\common\behavior\Common @module_init [ RunTime:0.000195s ]
[ info ] [ LANG ] /home/wwwroot/dt.julongjinrong.top/public/../application/index/lang/zh-cn/index.php
[ info ] [ RUN ] app\index\controller\Index->index[ /home/wwwroot/dt.julongjinrong.top/application/index/controller/Index.php ]
[ info ] [ VIEW ] /home/wwwroot/dt.julongjinrong.top/public/../application/index/view/index/index.html [ array (
  0 => 'user',
  1 => 'site',
  2 => 'config',
) ]
[ info ] [ LOG ] INIT File
---------------------------------------------------------------
[ 2018-02-03T00:26:08+08:00 ] 171.82.128.251 GET /favicon.ico
[ info ] dt.julongjinrong.top/favicon.ico [运行时间：0.019915s][吞吐率：50.21req/s] [内存消耗：1,634.27kb] [文件加载：53]
[ info ] [ BEHAVIOR ] Run Closure @app_init [ RunTime:0.000020s ]
[ info ] [ CACHE ] INIT File
[ info ] [ BEHAVIOR ] Run Closure @app_init [ RunTime:0.001077s ]
[ info ] [ LANG ] /home/wwwroot/dt.julongjinrong.top/thinkphp/lang/zh-cn.php
[ info ] [ ROUTE ] array (
  'type' => 'module',
  'module' => 
  array (
    0 => 'favicon.ico',
    1 => NULL,
    2 => NULL,
  ),
)
[ info ] [ HEADER ] array (
  'user-agent' => 'Mozilla/5.0 (Linux; U; Android 7.0; zh-CN; SM-G9550 Build/NRD90M) AppleWebKit/537.36 (KHTML, like Gecko) Version/4.0 Chrome/40.0.2214.89 UCBrowser/11.6.6.951 UWS/2.11.0.42 Mobile Safari/537.36 AliApp(DingTalk/4.2.8) com.alibaba.android.rimet/0 Channel/10002068 language/zh-CN',
  'cookie' => 'Hm_lvt_f8d0a8c400404989e195270b0bbf060a=1517577788; Hm_lpvt_f8d0a8c400404989e195270b0bbf060a=1517588768',
  'accept-language' => 'zh-CN,en-US;q=0.8',
  'accept-encoding' => 'gzip, deflate',
  'accept' => '*/*',
  'connection' => 'keep-alive',
  'host' => 'dt.julongjinrong.top',
  'content-type' => '',
  'content-length' => '',
)
[ info ] [ PARAM ] array (
)
[ info ] [ LOG ] INIT File
---------------------------------------------------------------
[ 2018-02-03T00:26:14+08:00 ] 42.156.251.206 GET /
[ info ] dt.julongjinrong.top/ [运行时间：0.026100s][吞吐率：38.31req/s] [内存消耗：2,293.30kb] [文件加载：66]
[ info ] [ BEHAVIOR ] Run Closure @app_init [ RunTime:0.000018s ]
[ info ] [ CACHE ] INIT File
[ info ] [ BEHAVIOR ] Run Closure @app_init [ RunTime:0.001009s ]
[ info ] [ LANG ] /home/wwwroot/dt.julongjinrong.top/thinkphp/lang/zh-cn.php
[ info ] [ ROUTE ] array (
  'type' => 'module',
  'module' => 
  array (
    0 => '',
    1 => NULL,
    2 => NULL,
  ),
)
[ info ] [ HEADER ] array (
  'host' => 'dt.julongjinrong.top',
  'accept-language' => 'zh-CN,zh;q=0.8,en;q=0.6',
  'cookie' => 'PHPSESSID=hd03i8fgl2n0us8k1eqsuhrlb1; path=/; HttpOnly',
  'accept-encoding' => 'gzip, deflate',
  'user-agent' => 'Mozilla/5.0 (Linux; Android 6.0.1; SM-G9350 Build/LRX22C) AppleWebKit/537.36 (KHTML, like Gecko) SamsungBrowser/3.0 Chrome/38.0.2125.102 Mobile Safari/537.36',
  'accept' => 'text/html,application/xhtml+xml,application/xml;q=0.9,image/webp,*/*;q=0.8',
  'connection' => 'close',
  'content-type' => '',
  'content-length' => '',
)
[ info ] [ PARAM ] array (
)
[ info ] [ LANG ] /home/wwwroot/dt.julongjinrong.top/public/../application/index/lang/zh-cn.php
[ info ] [ BEHAVIOR ] Run app\common\behavior\Common @module_init [ RunTime:0.000187s ]
[ info ] [ LANG ] /home/wwwroot/dt.julongjinrong.top/public/../application/index/lang/zh-cn/index.php
[ info ] [ RUN ] app\index\controller\Index->index[ /home/wwwroot/dt.julongjinrong.top/application/index/controller/Index.php ]
[ info ] [ VIEW ] /home/wwwroot/dt.julongjinrong.top/public/../application/index/view/index/index.html [ array (
  0 => 'user',
  1 => 'site',
  2 => 'config',
) ]
[ info ] [ LOG ] INIT File
---------------------------------------------------------------
[ 2018-02-03T00:26:14+08:00 ] 42.156.251.206 GET /
[ info ] dt.julongjinrong.top/ [运行时间：0.027192s][吞吐率：36.78req/s] [内存消耗：2,290.82kb] [文件加载：66]
[ info ] [ BEHAVIOR ] Run Closure @app_init [ RunTime:0.000019s ]
[ info ] [ CACHE ] INIT File
[ info ] [ BEHAVIOR ] Run Closure @app_init [ RunTime:0.001045s ]
[ info ] [ LANG ] /home/wwwroot/dt.julongjinrong.top/thinkphp/lang/zh-cn.php
[ info ] [ ROUTE ] array (
  'type' => 'module',
  'module' => 
  array (
    0 => '',
    1 => NULL,
    2 => NULL,
  ),
)
[ info ] [ HEADER ] array (
  'host' => 'dt.julongjinrong.top',
  'accept-language' => 'zh-CN,en,*',
  'accept-encoding' => 'gzip, deflate',
  'connection' => 'Keep-Alive',
  'user-agent' => 'Mozilla/5.0 (Linux; Android 6.0.1; SM-G9350 Build/LRX22C) AppleWebKit/537.36 (KHTML, like Gecko) SamsungBrowser/3.0 Chrome/38.0.2125.102 Mobile Safari/537.36',
  'accept' => 'text/html,application/xhtml+xml,application/xml;q=0.9,*/*;q=0.8',
  'content-type' => '',
  'content-length' => '',
)
[ info ] [ PARAM ] array (
)
[ info ] [ LANG ] /home/wwwroot/dt.julongjinrong.top/public/../application/index/lang/zh-cn.php
[ info ] [ BEHAVIOR ] Run app\common\behavior\Common @module_init [ RunTime:0.000218s ]
[ info ] [ LANG ] /home/wwwroot/dt.julongjinrong.top/public/../application/index/lang/zh-cn/index.php
[ info ] [ RUN ] app\index\controller\Index->index[ /home/wwwroot/dt.julongjinrong.top/application/index/controller/Index.php ]
[ info ] [ VIEW ] /home/wwwroot/dt.julongjinrong.top/public/../application/index/view/index/index.html [ array (
  0 => 'user',
  1 => 'site',
  2 => 'config',
) ]
[ info ] [ LOG ] INIT File
---------------------------------------------------------------
[ 2018-02-03T00:33:26+08:00 ] 171.82.128.251 GET /
[ info ] dt.julongjinrong.top/ [运行时间：0.026069s][吞吐率：38.36req/s] [内存消耗：2,294.60kb] [文件加载：66]
[ info ] [ BEHAVIOR ] Run Closure @app_init [ RunTime:0.000018s ]
[ info ] [ CACHE ] INIT File
[ info ] [ BEHAVIOR ] Run Closure @app_init [ RunTime:0.001036s ]
[ info ] [ LANG ] /home/wwwroot/dt.julongjinrong.top/thinkphp/lang/zh-cn.php
[ info ] [ ROUTE ] array (
  'type' => 'module',
  'module' => 
  array (
    0 => '',
    1 => NULL,
    2 => NULL,
  ),
)
[ info ] [ HEADER ] array (
  'cookie' => 'Hm_lvt_f8d0a8c400404989e195270b0bbf060a=1517577788; Hm_lpvt_f8d0a8c400404989e195270b0bbf060a=1517588768',
  'accept-encoding' => 'gzip, deflate',
  'referer' => 'http://dt.julongjinrong.top/',
  'accept-language' => 'zh-CN',
  'user-agent' => 'Mozilla/5.0 (Linux; U; Android 7.0; zh-CN; SM-G9550 Build/NRD90M) AppleWebKit/537.36 (KHTML, like Gecko) Version/4.0 Chrome/40.0.2214.89 UCBrowser/11.6.6.951 UWS/2.11.0.42 Mobile Safari/537.36 AliApp(DingTalk/4.2.8) com.alibaba.android.rimet/0 Channel/10002068 language/zh-CN',
  'accept' => 'text/html,application/xhtml+xml,application/xml;q=0.9,image/webp,*/*;q=0.8,UC/3009',
  'connection' => 'keep-alive',
  'host' => 'dt.julongjinrong.top',
  'content-type' => '',
  'content-length' => '',
)
[ info ] [ PARAM ] array (
)
[ info ] [ LANG ] /home/wwwroot/dt.julongjinrong.top/public/../application/index/lang/zh-cn.php
[ info ] [ BEHAVIOR ] Run app\common\behavior\Common @module_init [ RunTime:0.000221s ]
[ info ] [ LANG ] /home/wwwroot/dt.julongjinrong.top/public/../application/index/lang/zh-cn/index.php
[ info ] [ RUN ] app\index\controller\Index->index[ /home/wwwroot/dt.julongjinrong.top/application/index/controller/Index.php ]
[ info ] [ VIEW ] /home/wwwroot/dt.julongjinrong.top/public/../application/index/view/index/index.html [ array (
  0 => 'user',
  1 => 'site',
  2 => 'config',
) ]
[ info ] [ LOG ] INIT File
---------------------------------------------------------------
[ 2018-02-03T00:33:27+08:00 ] 171.82.128.251 GET /favicon.ico
[ info ] dt.julongjinrong.top/favicon.ico [运行时间：0.021199s][吞吐率：47.17req/s] [内存消耗：1,634.27kb] [文件加载：53]
[ info ] [ BEHAVIOR ] Run Closure @app_init [ RunTime:0.000019s ]
[ info ] [ CACHE ] INIT File
[ info ] [ BEHAVIOR ] Run Closure @app_init [ RunTime:0.002207s ]
[ info ] [ LANG ] /home/wwwroot/dt.julongjinrong.top/thinkphp/lang/zh-cn.php
[ info ] [ ROUTE ] array (
  'type' => 'module',
  'module' => 
  array (
    0 => 'favicon.ico',
    1 => NULL,
    2 => NULL,
  ),
)
[ info ] [ HEADER ] array (
  'user-agent' => 'Mozilla/5.0 (Linux; U; Android 7.0; zh-CN; SM-G9550 Build/NRD90M) AppleWebKit/537.36 (KHTML, like Gecko) Version/4.0 Chrome/40.0.2214.89 UCBrowser/11.6.6.951 UWS/2.11.0.42 Mobile Safari/537.36 AliApp(DingTalk/4.2.8) com.alibaba.android.rimet/0 Channel/10002068 language/zh-CN',
  'cookie' => 'Hm_lvt_f8d0a8c400404989e195270b0bbf060a=1517577788; Hm_lpvt_f8d0a8c400404989e195270b0bbf060a=1517589206',
  'accept-language' => 'zh-CN,en-US;q=0.8',
  'accept-encoding' => 'gzip, deflate',
  'accept' => '*/*',
  'connection' => 'keep-alive',
  'host' => 'dt.julongjinrong.top',
  'content-type' => '',
  'content-length' => '',
)
[ info ] [ PARAM ] array (
)
[ info ] [ LOG ] INIT File
---------------------------------------------------------------
[ 2018-02-03T00:33:28+08:00 ] 171.82.128.251 GET /
[ info ] dt.julongjinrong.top/ [运行时间：0.027212s][吞吐率：36.75req/s] [内存消耗：2,294.60kb] [文件加载：66]
[ info ] [ BEHAVIOR ] Run Closure @app_init [ RunTime:0.000019s ]
[ info ] [ CACHE ] INIT File
[ info ] [ BEHAVIOR ] Run Closure @app_init [ RunTime:0.001073s ]
[ info ] [ LANG ] /home/wwwroot/dt.julongjinrong.top/thinkphp/lang/zh-cn.php
[ info ] [ ROUTE ] array (
  'type' => 'module',
  'module' => 
  array (
    0 => '',
    1 => NULL,
    2 => NULL,
  ),
)
[ info ] [ HEADER ] array (
  'cookie' => 'Hm_lvt_f8d0a8c400404989e195270b0bbf060a=1517577788; Hm_lpvt_f8d0a8c400404989e195270b0bbf060a=1517589206',
  'accept-encoding' => 'gzip, deflate',
  'referer' => 'http://dt.julongjinrong.top/',
  'accept-language' => 'zh-CN',
  'user-agent' => 'Mozilla/5.0 (Linux; U; Android 7.0; zh-CN; SM-G9550 Build/NRD90M) AppleWebKit/537.36 (KHTML, like Gecko) Version/4.0 Chrome/40.0.2214.89 UCBrowser/11.6.6.951 UWS/2.11.0.42 Mobile Safari/537.36 AliApp(DingTalk/4.2.8) com.alibaba.android.rimet/0 Channel/10002068 language/zh-CN',
  'accept' => 'text/html,application/xhtml+xml,application/xml;q=0.9,image/webp,*/*;q=0.8,UC/3009',
  'connection' => 'keep-alive',
  'host' => 'dt.julongjinrong.top',
  'content-type' => '',
  'content-length' => '',
)
[ info ] [ PARAM ] array (
)
[ info ] [ LANG ] /home/wwwroot/dt.julongjinrong.top/public/../application/index/lang/zh-cn.php
[ info ] [ BEHAVIOR ] Run app\common\behavior\Common @module_init [ RunTime:0.000196s ]
[ info ] [ LANG ] /home/wwwroot/dt.julongjinrong.top/public/../application/index/lang/zh-cn/index.php
[ info ] [ RUN ] app\index\controller\Index->index[ /home/wwwroot/dt.julongjinrong.top/application/index/controller/Index.php ]
[ info ] [ VIEW ] /home/wwwroot/dt.julongjinrong.top/public/../application/index/view/index/index.html [ array (
  0 => 'user',
  1 => 'site',
  2 => 'config',
) ]
[ info ] [ LOG ] INIT File
---------------------------------------------------------------
[ 2018-02-03T00:33:33+08:00 ] 171.82.128.251 GET /favicon.ico
[ info ] dt.julongjinrong.top/favicon.ico [运行时间：0.020067s][吞吐率：49.83req/s] [内存消耗：1,634.27kb] [文件加载：53]
[ info ] [ BEHAVIOR ] Run Closure @app_init [ RunTime:0.000019s ]
[ info ] [ CACHE ] INIT File
[ info ] [ BEHAVIOR ] Run Closure @app_init [ RunTime:0.001095s ]
[ info ] [ LANG ] /home/wwwroot/dt.julongjinrong.top/thinkphp/lang/zh-cn.php
[ info ] [ ROUTE ] array (
  'type' => 'module',
  'module' => 
  array (
    0 => 'favicon.ico',
    1 => NULL,
    2 => NULL,
  ),
)
[ info ] [ HEADER ] array (
  'user-agent' => 'Mozilla/5.0 (Linux; U; Android 7.0; zh-CN; SM-G9550 Build/NRD90M) AppleWebKit/537.36 (KHTML, like Gecko) Version/4.0 Chrome/40.0.2214.89 UCBrowser/11.6.6.951 UWS/2.11.0.42 Mobile Safari/537.36 AliApp(DingTalk/4.2.8) com.alibaba.android.rimet/0 Channel/10002068 language/zh-CN',
  'cookie' => 'Hm_lvt_f8d0a8c400404989e195270b0bbf060a=1517577788; Hm_lpvt_f8d0a8c400404989e195270b0bbf060a=1517589213',
  'accept-language' => 'zh-CN,en-US;q=0.8',
  'accept-encoding' => 'gzip, deflate',
  'accept' => '*/*',
  'connection' => 'keep-alive',
  'host' => 'dt.julongjinrong.top',
  'content-type' => '',
  'content-length' => '',
)
[ info ] [ PARAM ] array (
)
[ info ] [ LOG ] INIT File
---------------------------------------------------------------
[ 2018-02-03T03:57:37+08:00 ] 42.156.250.244 GET /
[ info ] dt.julongjinrong.top/ [运行时间：0.027004s][吞吐率：37.03req/s] [内存消耗：2,293.59kb] [文件加载：66]
[ info ] [ BEHAVIOR ] Run Closure @app_init [ RunTime:0.000019s ]
[ info ] [ CACHE ] INIT File
[ info ] [ BEHAVIOR ] Run Closure @app_init [ RunTime:0.001061s ]
[ info ] [ LANG ] /home/wwwroot/dt.julongjinrong.top/thinkphp/lang/zh-cn.php
[ info ] [ ROUTE ] array (
  'type' => 'module',
  'module' => 
  array (
    0 => '',
    1 => NULL,
    2 => NULL,
  ),
)
[ info ] [ HEADER ] array (
  'host' => 'dt.julongjinrong.top',
  'accept-language' => 'zh-CN,zh;q=0.8,en;q=0.6',
  'cookie' => '__cfduid=d86984acb66da5c1bcf7bf0399b22989f1517601455; expires=Sat, 02-Feb-19 19:57:35 GMT; path=/; domain=.securiosis.com; HttpOnly',
  'accept-encoding' => 'gzip, deflate',
  'user-agent' => 'Mozilla/5.0 (Linux; Android 5.0.2; SM-T805C Build/LRX22C) AppleWebKit/537.36 (KHTML, like Gecko) SamsungBrowser/3.0 Chrome/38.0.2125.102 Mobile Safari/537.36',
  'accept' => 'text/html,application/xhtml+xml,application/xml;q=0.9,image/webp,*/*;q=0.8',
  'connection' => 'close',
  'content-type' => '',
  'content-length' => '',
)
[ info ] [ PARAM ] array (
)
[ info ] [ LANG ] /home/wwwroot/dt.julongjinrong.top/public/../application/index/lang/zh-cn.php
[ info ] [ BEHAVIOR ] Run app\common\behavior\Common @module_init [ RunTime:0.000194s ]
[ info ] [ LANG ] /home/wwwroot/dt.julongjinrong.top/public/../application/index/lang/zh-cn/index.php
[ info ] [ RUN ] app\index\controller\Index->index[ /home/wwwroot/dt.julongjinrong.top/application/index/controller/Index.php ]
[ info ] [ VIEW ] /home/wwwroot/dt.julongjinrong.top/public/../application/index/view/index/index.html [ array (
  0 => 'user',
  1 => 'site',
  2 => 'config',
) ]
[ info ] [ LOG ] INIT File
---------------------------------------------------------------
[ 2018-02-03T03:57:37+08:00 ] 42.156.250.244 GET /
[ info ] dt.julongjinrong.top/ [运行时间：0.026825s][吞吐率：37.28req/s] [内存消耗：2,290.82kb] [文件加载：66]
[ info ] [ BEHAVIOR ] Run Closure @app_init [ RunTime:0.000018s ]
[ info ] [ CACHE ] INIT File
[ info ] [ BEHAVIOR ] Run Closure @app_init [ RunTime:0.001023s ]
[ info ] [ LANG ] /home/wwwroot/dt.julongjinrong.top/thinkphp/lang/zh-cn.php
[ info ] [ ROUTE ] array (
  'type' => 'module',
  'module' => 
  array (
    0 => '',
    1 => NULL,
    2 => NULL,
  ),
)
[ info ] [ HEADER ] array (
  'host' => 'dt.julongjinrong.top',
  'accept-language' => 'zh-CN,en,*',
  'accept-encoding' => 'gzip, deflate',
  'connection' => 'Keep-Alive',
  'user-agent' => 'Mozilla/5.0 (Linux; Android 5.0.2; SM-T805C Build/LRX22C) AppleWebKit/537.36 (KHTML, like Gecko) SamsungBrowser/3.0 Chrome/38.0.2125.102 Mobile Safari/537.36',
  'accept' => 'text/html,application/xhtml+xml,application/xml;q=0.9,*/*;q=0.8',
  'content-type' => '',
  'content-length' => '',
)
[ info ] [ PARAM ] array (
)
[ info ] [ LANG ] /home/wwwroot/dt.julongjinrong.top/public/../application/index/lang/zh-cn.php
[ info ] [ BEHAVIOR ] Run app\common\behavior\Common @module_init [ RunTime:0.000191s ]
[ info ] [ LANG ] /home/wwwroot/dt.julongjinrong.top/public/../application/index/lang/zh-cn/index.php
[ info ] [ RUN ] app\index\controller\Index->index[ /home/wwwroot/dt.julongjinrong.top/application/index/controller/Index.php ]
[ info ] [ VIEW ] /home/wwwroot/dt.julongjinrong.top/public/../application/index/view/index/index.html [ array (
  0 => 'user',
  1 => 'site',
  2 => 'config',
) ]
[ info ] [ LOG ] INIT File
---------------------------------------------------------------
[ 2018-02-03T08:10:23+08:00 ] 58.48.246.74 GET /
[ info ] dt.julongjinrong.top/ [运行时间：0.026024s][吞吐率：38.43req/s] [内存消耗：2,294.60kb] [文件加载：66]
[ info ] [ BEHAVIOR ] Run Closure @app_init [ RunTime:0.000018s ]
[ info ] [ CACHE ] INIT File
[ info ] [ BEHAVIOR ] Run Closure @app_init [ RunTime:0.001008s ]
[ info ] [ LANG ] /home/wwwroot/dt.julongjinrong.top/thinkphp/lang/zh-cn.php
[ info ] [ ROUTE ] array (
  'type' => 'module',
  'module' => 
  array (
    0 => '',
    1 => NULL,
    2 => NULL,
  ),
)
[ info ] [ HEADER ] array (
  'cookie' => 'Hm_lvt_f8d0a8c400404989e195270b0bbf060a=1517577788; Hm_lpvt_f8d0a8c400404989e195270b0bbf060a=1517589213',
  'accept-encoding' => 'gzip, deflate',
  'referer' => 'http://dt.julongjinrong.top/',
  'accept-language' => 'zh-CN',
  'user-agent' => 'Mozilla/5.0 (Linux; U; Android 7.0; zh-CN; SM-G9550 Build/NRD90M) AppleWebKit/537.36 (KHTML, like Gecko) Version/4.0 Chrome/40.0.2214.89 UCBrowser/11.6.6.951 UWS/2.11.0.42 Mobile Safari/537.36 AliApp(DingTalk/4.2.8) com.alibaba.android.rimet/0 Channel/10002068 language/zh-CN',
  'accept' => 'text/html,application/xhtml+xml,application/xml;q=0.9,image/webp,*/*;q=0.8,UC/3009',
  'connection' => 'keep-alive',
  'host' => 'dt.julongjinrong.top',
  'content-type' => '',
  'content-length' => '',
)
[ info ] [ PARAM ] array (
)
[ info ] [ LANG ] /home/wwwroot/dt.julongjinrong.top/public/../application/index/lang/zh-cn.php
[ info ] [ BEHAVIOR ] Run app\common\behavior\Common @module_init [ RunTime:0.000239s ]
[ info ] [ LANG ] /home/wwwroot/dt.julongjinrong.top/public/../application/index/lang/zh-cn/index.php
[ info ] [ RUN ] app\index\controller\Index->index[ /home/wwwroot/dt.julongjinrong.top/application/index/controller/Index.php ]
[ info ] [ VIEW ] /home/wwwroot/dt.julongjinrong.top/public/../application/index/view/index/index.html [ array (
  0 => 'user',
  1 => 'site',
  2 => 'config',
) ]
[ info ] [ LOG ] INIT File
---------------------------------------------------------------
[ 2018-02-03T08:10:24+08:00 ] 58.48.246.74 GET /favicon.ico
[ info ] dt.julongjinrong.top/favicon.ico [运行时间：0.020272s][吞吐率：49.33req/s] [内存消耗：1,634.27kb] [文件加载：53]
[ info ] [ BEHAVIOR ] Run Closure @app_init [ RunTime:0.000018s ]
[ info ] [ CACHE ] INIT File
[ info ] [ BEHAVIOR ] Run Closure @app_init [ RunTime:0.001084s ]
[ info ] [ LANG ] /home/wwwroot/dt.julongjinrong.top/thinkphp/lang/zh-cn.php
[ info ] [ ROUTE ] array (
  'type' => 'module',
  'module' => 
  array (
    0 => 'favicon.ico',
    1 => NULL,
    2 => NULL,
  ),
)
[ info ] [ HEADER ] array (
  'user-agent' => 'Mozilla/5.0 (Linux; U; Android 7.0; zh-CN; SM-G9550 Build/NRD90M) AppleWebKit/537.36 (KHTML, like Gecko) Version/4.0 Chrome/40.0.2214.89 UCBrowser/11.6.6.951 UWS/2.11.0.42 Mobile Safari/537.36 AliApp(DingTalk/4.2.8) com.alibaba.android.rimet/0 Channel/10002068 language/zh-CN',
  'cookie' => 'Hm_lvt_f8d0a8c400404989e195270b0bbf060a=1517577788; Hm_lpvt_f8d0a8c400404989e195270b0bbf060a=1517616623',
  'accept-language' => 'zh-CN,en-US;q=0.8',
  'accept-encoding' => 'gzip, deflate',
  'accept' => '*/*',
  'connection' => 'keep-alive',
  'host' => 'dt.julongjinrong.top',
  'content-type' => '',
  'content-length' => '',
)
[ info ] [ PARAM ] array (
)
[ info ] [ LOG ] INIT File
---------------------------------------------------------------
[ 2018-02-03T08:10:25+08:00 ] 58.48.246.74 GET /
[ info ] dt.julongjinrong.top/ [运行时间：0.026174s][吞吐率：38.21req/s] [内存消耗：2,294.60kb] [文件加载：66]
[ info ] [ BEHAVIOR ] Run Closure @app_init [ RunTime:0.000019s ]
[ info ] [ CACHE ] INIT File
[ info ] [ BEHAVIOR ] Run Closure @app_init [ RunTime:0.000993s ]
[ info ] [ LANG ] /home/wwwroot/dt.julongjinrong.top/thinkphp/lang/zh-cn.php
[ info ] [ ROUTE ] array (
  'type' => 'module',
  'module' => 
  array (
    0 => '',
    1 => NULL,
    2 => NULL,
  ),
)
[ info ] [ HEADER ] array (
  'cookie' => 'Hm_lvt_f8d0a8c400404989e195270b0bbf060a=1517577788; Hm_lpvt_f8d0a8c400404989e195270b0bbf060a=1517616623',
  'accept-encoding' => 'gzip, deflate',
  'referer' => 'http://dt.julongjinrong.top/',
  'accept-language' => 'zh-CN',
  'user-agent' => 'Mozilla/5.0 (Linux; U; Android 7.0; zh-CN; SM-G9550 Build/NRD90M) AppleWebKit/537.36 (KHTML, like Gecko) Version/4.0 Chrome/40.0.2214.89 UCBrowser/11.6.6.951 UWS/2.11.0.42 Mobile Safari/537.36 AliApp(DingTalk/4.2.8) com.alibaba.android.rimet/0 Channel/10002068 language/zh-CN',
  'accept' => 'text/html,application/xhtml+xml,application/xml;q=0.9,image/webp,*/*;q=0.8,UC/3009',
  'connection' => 'keep-alive',
  'host' => 'dt.julongjinrong.top',
  'content-type' => '',
  'content-length' => '',
)
[ info ] [ PARAM ] array (
)
[ info ] [ LANG ] /home/wwwroot/dt.julongjinrong.top/public/../application/index/lang/zh-cn.php
[ info ] [ BEHAVIOR ] Run app\common\behavior\Common @module_init [ RunTime:0.000227s ]
[ info ] [ LANG ] /home/wwwroot/dt.julongjinrong.top/public/../application/index/lang/zh-cn/index.php
[ info ] [ RUN ] app\index\controller\Index->index[ /home/wwwroot/dt.julongjinrong.top/application/index/controller/Index.php ]
[ info ] [ VIEW ] /home/wwwroot/dt.julongjinrong.top/public/../application/index/view/index/index.html [ array (
  0 => 'user',
  1 => 'site',
  2 => 'config',
) ]
[ info ] [ LOG ] INIT File
---------------------------------------------------------------
[ 2018-02-03T08:10:25+08:00 ] 58.48.246.74 GET /favicon.ico
[ info ] dt.julongjinrong.top/favicon.ico [运行时间：0.020006s][吞吐率：49.99req/s] [内存消耗：1,634.27kb] [文件加载：53]
[ info ] [ BEHAVIOR ] Run Closure @app_init [ RunTime:0.000019s ]
[ info ] [ CACHE ] INIT File
[ info ] [ BEHAVIOR ] Run Closure @app_init [ RunTime:0.001078s ]
[ info ] [ LANG ] /home/wwwroot/dt.julongjinrong.top/thinkphp/lang/zh-cn.php
[ info ] [ ROUTE ] array (
  'type' => 'module',
  'module' => 
  array (
    0 => 'favicon.ico',
    1 => NULL,
    2 => NULL,
  ),
)
[ info ] [ HEADER ] array (
  'user-agent' => 'Mozilla/5.0 (Linux; U; Android 7.0; zh-CN; SM-G9550 Build/NRD90M) AppleWebKit/537.36 (KHTML, like Gecko) Version/4.0 Chrome/40.0.2214.89 UCBrowser/11.6.6.951 UWS/2.11.0.42 Mobile Safari/537.36 AliApp(DingTalk/4.2.8) com.alibaba.android.rimet/0 Channel/10002068 language/zh-CN',
  'cookie' => 'Hm_lvt_f8d0a8c400404989e195270b0bbf060a=1517577788; Hm_lpvt_f8d0a8c400404989e195270b0bbf060a=1517616624',
  'accept-language' => 'zh-CN,en-US;q=0.8',
  'accept-encoding' => 'gzip, deflate',
  'accept' => '*/*',
  'connection' => 'keep-alive',
  'host' => 'dt.julongjinrong.top',
  'content-type' => '',
  'content-length' => '',
)
[ info ] [ PARAM ] array (
)
[ info ] [ LOG ] INIT File
---------------------------------------------------------------
[ 2018-02-03T08:24:40+08:00 ] 58.48.246.74 GET /
[ info ] dt.julongjinrong.top/ [运行时间：0.027167s][吞吐率：36.81req/s] [内存消耗：2,294.60kb] [文件加载：66]
[ info ] [ BEHAVIOR ] Run Closure @app_init [ RunTime:0.000021s ]
[ info ] [ CACHE ] INIT File
[ info ] [ BEHAVIOR ] Run Closure @app_init [ RunTime:0.001070s ]
[ info ] [ LANG ] /home/wwwroot/dt.julongjinrong.top/thinkphp/lang/zh-cn.php
[ info ] [ ROUTE ] array (
  'type' => 'module',
  'module' => 
  array (
    0 => '',
    1 => NULL,
    2 => NULL,
  ),
)
[ info ] [ HEADER ] array (
  'cookie' => 'Hm_lvt_f8d0a8c400404989e195270b0bbf060a=1517577788; Hm_lpvt_f8d0a8c400404989e195270b0bbf060a=1517616624',
  'accept-encoding' => 'gzip, deflate',
  'referer' => 'http://dt.julongjinrong.top/',
  'accept-language' => 'zh-CN',
  'user-agent' => 'Mozilla/5.0 (Linux; U; Android 7.0; zh-CN; SM-G9550 Build/NRD90M) AppleWebKit/537.36 (KHTML, like Gecko) Version/4.0 Chrome/40.0.2214.89 UCBrowser/11.6.6.951 UWS/2.11.0.42 Mobile Safari/537.36 AliApp(DingTalk/4.2.8) com.alibaba.android.rimet/0 Channel/10002068 language/zh-CN',
  'accept' => 'text/html,application/xhtml+xml,application/xml;q=0.9,image/webp,*/*;q=0.8,UC/3009',
  'connection' => 'keep-alive',
  'host' => 'dt.julongjinrong.top',
  'content-type' => '',
  'content-length' => '',
)
[ info ] [ PARAM ] array (
)
[ info ] [ LANG ] /home/wwwroot/dt.julongjinrong.top/public/../application/index/lang/zh-cn.php
[ info ] [ BEHAVIOR ] Run app\common\behavior\Common @module_init [ RunTime:0.000195s ]
[ info ] [ LANG ] /home/wwwroot/dt.julongjinrong.top/public/../application/index/lang/zh-cn/index.php
[ info ] [ RUN ] app\index\controller\Index->index[ /home/wwwroot/dt.julongjinrong.top/application/index/controller/Index.php ]
[ info ] [ VIEW ] /home/wwwroot/dt.julongjinrong.top/public/../application/index/view/index/index.html [ array (
  0 => 'user',
  1 => 'site',
  2 => 'config',
) ]
[ info ] [ LOG ] INIT File
---------------------------------------------------------------
[ 2018-02-03T08:24:40+08:00 ] 58.48.246.74 GET /favicon.ico
[ info ] dt.julongjinrong.top/favicon.ico [运行时间：0.019855s][吞吐率：50.37req/s] [内存消耗：1,634.27kb] [文件加载：53]
[ info ] [ BEHAVIOR ] Run Closure @app_init [ RunTime:0.000018s ]
[ info ] [ CACHE ] INIT File
[ info ] [ BEHAVIOR ] Run Closure @app_init [ RunTime:0.001054s ]
[ info ] [ LANG ] /home/wwwroot/dt.julongjinrong.top/thinkphp/lang/zh-cn.php
[ info ] [ ROUTE ] array (
  'type' => 'module',
  'module' => 
  array (
    0 => 'favicon.ico',
    1 => NULL,
    2 => NULL,
  ),
)
[ info ] [ HEADER ] array (
  'user-agent' => 'Mozilla/5.0 (Linux; U; Android 7.0; zh-CN; SM-G9550 Build/NRD90M) AppleWebKit/537.36 (KHTML, like Gecko) Version/4.0 Chrome/40.0.2214.89 UCBrowser/11.6.6.951 UWS/2.11.0.42 Mobile Safari/537.36 AliApp(DingTalk/4.2.8) com.alibaba.android.rimet/0 Channel/10002068 language/zh-CN',
  'cookie' => 'Hm_lvt_f8d0a8c400404989e195270b0bbf060a=1517577788; Hm_lpvt_f8d0a8c400404989e195270b0bbf060a=1517617479',
  'accept-language' => 'zh-CN,en-US;q=0.8',
  'accept-encoding' => 'gzip, deflate',
  'accept' => '*/*',
  'connection' => 'keep-alive',
  'host' => 'dt.julongjinrong.top',
  'content-type' => '',
  'content-length' => '',
)
[ info ] [ PARAM ] array (
)
[ info ] [ LOG ] INIT File
---------------------------------------------------------------
[ 2018-02-03T08:24:41+08:00 ] 58.48.246.74 GET /
[ info ] dt.julongjinrong.top/ [运行时间：0.026116s][吞吐率：38.29req/s] [内存消耗：2,294.60kb] [文件加载：66]
[ info ] [ BEHAVIOR ] Run Closure @app_init [ RunTime:0.000017s ]
[ info ] [ CACHE ] INIT File
[ info ] [ BEHAVIOR ] Run Closure @app_init [ RunTime:0.000997s ]
[ info ] [ LANG ] /home/wwwroot/dt.julongjinrong.top/thinkphp/lang/zh-cn.php
[ info ] [ ROUTE ] array (
  'type' => 'module',
  'module' => 
  array (
    0 => '',
    1 => NULL,
    2 => NULL,
  ),
)
[ info ] [ HEADER ] array (
  'cookie' => 'Hm_lvt_f8d0a8c400404989e195270b0bbf060a=1517577788; Hm_lpvt_f8d0a8c400404989e195270b0bbf060a=1517617479',
  'accept-encoding' => 'gzip, deflate',
  'referer' => 'http://dt.julongjinrong.top/',
  'accept-language' => 'zh-CN',
  'user-agent' => 'Mozilla/5.0 (Linux; U; Android 7.0; zh-CN; SM-G9550 Build/NRD90M) AppleWebKit/537.36 (KHTML, like Gecko) Version/4.0 Chrome/40.0.2214.89 UCBrowser/11.6.6.951 UWS/2.11.0.42 Mobile Safari/537.36 AliApp(DingTalk/4.2.8) com.alibaba.android.rimet/0 Channel/10002068 language/zh-CN',
  'accept' => 'text/html,application/xhtml+xml,application/xml;q=0.9,image/webp,*/*;q=0.8,UC/3009',
  'connection' => 'keep-alive',
  'host' => 'dt.julongjinrong.top',
  'content-type' => '',
  'content-length' => '',
)
[ info ] [ PARAM ] array (
)
[ info ] [ LANG ] /home/wwwroot/dt.julongjinrong.top/public/../application/index/lang/zh-cn.php
[ info ] [ BEHAVIOR ] Run app\common\behavior\Common @module_init [ RunTime:0.000227s ]
[ info ] [ LANG ] /home/wwwroot/dt.julongjinrong.top/public/../application/index/lang/zh-cn/index.php
[ info ] [ RUN ] app\index\controller\Index->index[ /home/wwwroot/dt.julongjinrong.top/application/index/controller/Index.php ]
[ info ] [ VIEW ] /home/wwwroot/dt.julongjinrong.top/public/../application/index/view/index/index.html [ array (
  0 => 'user',
  1 => 'site',
  2 => 'config',
) ]
[ info ] [ LOG ] INIT File
---------------------------------------------------------------
[ 2018-02-03T08:24:44+08:00 ] 58.48.246.74 GET /favicon.ico
[ info ] dt.julongjinrong.top/favicon.ico [运行时间：0.020435s][吞吐率：48.94req/s] [内存消耗：1,634.27kb] [文件加载：53]
[ info ] [ BEHAVIOR ] Run Closure @app_init [ RunTime:0.000021s ]
[ info ] [ CACHE ] INIT File
[ info ] [ BEHAVIOR ] Run Closure @app_init [ RunTime:0.001105s ]
[ info ] [ LANG ] /home/wwwroot/dt.julongjinrong.top/thinkphp/lang/zh-cn.php
[ info ] [ ROUTE ] array (
  'type' => 'module',
  'module' => 
  array (
    0 => 'favicon.ico',
    1 => NULL,
    2 => NULL,
  ),
)
[ info ] [ HEADER ] array (
  'user-agent' => 'Mozilla/5.0 (Linux; U; Android 7.0; zh-CN; SM-G9550 Build/NRD90M) AppleWebKit/537.36 (KHTML, like Gecko) Version/4.0 Chrome/40.0.2214.89 UCBrowser/11.6.6.951 UWS/2.11.0.42 Mobile Safari/537.36 AliApp(DingTalk/4.2.8) com.alibaba.android.rimet/0 Channel/10002068 language/zh-CN',
  'cookie' => 'Hm_lvt_f8d0a8c400404989e195270b0bbf060a=1517577788; Hm_lpvt_f8d0a8c400404989e195270b0bbf060a=1517617483',
  'accept-language' => 'zh-CN,en-US;q=0.8',
  'accept-encoding' => 'gzip, deflate',
  'accept' => '*/*',
  'connection' => 'keep-alive',
  'host' => 'dt.julongjinrong.top',
  'content-type' => '',
  'content-length' => '',
)
[ info ] [ PARAM ] array (
)
[ info ] [ LOG ] INIT File
---------------------------------------------------------------
[ 2018-02-03T09:20:34+08:00 ] 223.104.20.183 GET /
[ info ] dt.julongjinrong.top/ [运行时间：0.026973s][吞吐率：37.07req/s] [内存消耗：2,251.09kb] [文件加载：63]
[ info ] [ BEHAVIOR ] Run Closure @app_init [ RunTime:0.000020s ]
[ info ] [ CACHE ] INIT File
[ info ] [ BEHAVIOR ] Run Closure @app_init [ RunTime:0.001052s ]
[ info ] [ ROUTE ] array (
  'type' => 'module',
  'module' => 
  array (
    0 => '',
    1 => NULL,
    2 => NULL,
  ),
)
[ info ] [ HEADER ] array (
  'cookie' => 'Hm_lvt_f8d0a8c400404989e195270b0bbf060a=1517499898; Hm_lpvt_f8d0a8c400404989e195270b0bbf060a=1517499898; PHPSESSID=994fvr1b5seherge5cl0a0nu16',
  'accept-encoding' => 'gzip, deflate',
  'referer' => 'http://dt.julongjinrong.top/',
  'accept-language' => 'en-US',
  'user-agent' => 'Mozilla/5.0 (Linux; U; Android 6.0.1; zh-CN; PRO 6 Plus Build/MMB29T) AppleWebKit/537.36 (KHTML, like Gecko) Version/4.0 Chrome/40.0.2214.89 UCBrowser/11.6.6.951 UWS/2.11.0.42 Mobile Safari/537.36 AliApp(DingTalk/4.2.8) com.alibaba.android.rimet/0 Channel/228200 language/en-US',
  'accept' => 'text/html,application/xhtml+xml,application/xml;q=0.9,image/webp,*/*;q=0.8,UC/3009',
  'connection' => 'keep-alive',
  'host' => 'dt.julongjinrong.top',
  'content-type' => '',
  'content-length' => '',
)
[ info ] [ PARAM ] array (
)
[ info ] [ BEHAVIOR ] Run app\common\behavior\Common @module_init [ RunTime:0.000237s ]
[ info ] [ RUN ] app\index\controller\Index->index[ /home/wwwroot/dt.julongjinrong.top/application/index/controller/Index.php ]
[ info ] [ VIEW ] /home/wwwroot/dt.julongjinrong.top/public/../application/index/view/index/index.html [ array (
  0 => 'user',
  1 => 'site',
  2 => 'config',
) ]
[ info ] [ LOG ] INIT File
---------------------------------------------------------------
[ 2018-02-03T09:20:36+08:00 ] 223.104.20.183 GET /favicon.ico
[ info ] dt.julongjinrong.top/favicon.ico [运行时间：0.018781s][吞吐率：53.25req/s] [内存消耗：1,614.03kb] [文件加载：52]
[ info ] [ BEHAVIOR ] Run Closure @app_init [ RunTime:0.000019s ]
[ info ] [ CACHE ] INIT File
[ info ] [ BEHAVIOR ] Run Closure @app_init [ RunTime:0.001010s ]
[ info ] [ ROUTE ] array (
  'type' => 'module',
  'module' => 
  array (
    0 => 'favicon.ico',
    1 => NULL,
    2 => NULL,
  ),
)
[ info ] [ HEADER ] array (
  'user-agent' => 'Mozilla/5.0 (Linux; U; Android 6.0.1; zh-CN; PRO 6 Plus Build/MMB29T) AppleWebKit/537.36 (KHTML, like Gecko) Version/4.0 Chrome/40.0.2214.89 UCBrowser/11.6.6.951 UWS/2.11.0.42 Mobile Safari/537.36 AliApp(DingTalk/4.2.8) com.alibaba.android.rimet/0 Channel/228200 language/en-US',
  'cookie' => 'PHPSESSID=994fvr1b5seherge5cl0a0nu16; Hm_lvt_f8d0a8c400404989e195270b0bbf060a=1517499898; Hm_lpvt_f8d0a8c400404989e195270b0bbf060a=1517620834',
  'accept-language' => 'en-US',
  'accept-encoding' => 'gzip, deflate',
  'accept' => '*/*',
  'connection' => 'keep-alive',
  'host' => 'dt.julongjinrong.top',
  'content-type' => '',
  'content-length' => '',
)
[ info ] [ PARAM ] array (
)
[ info ] [ LOG ] INIT File
---------------------------------------------------------------
[ 2018-02-03T09:20:36+08:00 ] 223.104.20.183 GET /
[ info ] dt.julongjinrong.top/ [运行时间：0.031147s][吞吐率：32.11req/s] [内存消耗：2,251.09kb] [文件加载：63]
[ info ] [ BEHAVIOR ] Run Closure @app_init [ RunTime:0.000022s ]
[ info ] [ CACHE ] INIT File
[ info ] [ BEHAVIOR ] Run Closure @app_init [ RunTime:0.001337s ]
[ info ] [ ROUTE ] array (
  'type' => 'module',
  'module' => 
  array (
    0 => '',
    1 => NULL,
    2 => NULL,
  ),
)
[ info ] [ HEADER ] array (
  'cookie' => 'PHPSESSID=994fvr1b5seherge5cl0a0nu16; Hm_lvt_f8d0a8c400404989e195270b0bbf060a=1517499898; Hm_lpvt_f8d0a8c400404989e195270b0bbf060a=1517620834',
  'accept-encoding' => 'gzip, deflate',
  'referer' => 'http://dt.julongjinrong.top/',
  'accept-language' => 'en-US',
  'user-agent' => 'Mozilla/5.0 (Linux; U; Android 6.0.1; zh-CN; PRO 6 Plus Build/MMB29T) AppleWebKit/537.36 (KHTML, like Gecko) Version/4.0 Chrome/40.0.2214.89 UCBrowser/11.6.6.951 UWS/2.11.0.42 Mobile Safari/537.36 AliApp(DingTalk/4.2.8) com.alibaba.android.rimet/0 Channel/228200 language/en-US',
  'accept' => 'text/html,application/xhtml+xml,application/xml;q=0.9,image/webp,*/*;q=0.8,UC/3009',
  'connection' => 'keep-alive',
  'host' => 'dt.julongjinrong.top',
  'content-type' => '',
  'content-length' => '',
)
[ info ] [ PARAM ] array (
)
[ info ] [ BEHAVIOR ] Run app\common\behavior\Common @module_init [ RunTime:0.000244s ]
[ info ] [ RUN ] app\index\controller\Index->index[ /home/wwwroot/dt.julongjinrong.top/application/index/controller/Index.php ]
[ info ] [ VIEW ] /home/wwwroot/dt.julongjinrong.top/public/../application/index/view/index/index.html [ array (
  0 => 'user',
  1 => 'site',
  2 => 'config',
) ]
[ info ] [ LOG ] INIT File
---------------------------------------------------------------
[ 2018-02-03T09:20:37+08:00 ] 223.104.20.183 GET /favicon.ico
[ info ] dt.julongjinrong.top/favicon.ico [运行时间：0.019118s][吞吐率：52.31req/s] [内存消耗：1,614.03kb] [文件加载：52]
[ info ] [ BEHAVIOR ] Run Closure @app_init [ RunTime:0.000019s ]
[ info ] [ CACHE ] INIT File
[ info ] [ BEHAVIOR ] Run Closure @app_init [ RunTime:0.001032s ]
[ info ] [ ROUTE ] array (
  'type' => 'module',
  'module' => 
  array (
    0 => 'favicon.ico',
    1 => NULL,
    2 => NULL,
  ),
)
[ info ] [ HEADER ] array (
  'user-agent' => 'Mozilla/5.0 (Linux; U; Android 6.0.1; zh-CN; PRO 6 Plus Build/MMB29T) AppleWebKit/537.36 (KHTML, like Gecko) Version/4.0 Chrome/40.0.2214.89 UCBrowser/11.6.6.951 UWS/2.11.0.42 Mobile Safari/537.36 AliApp(DingTalk/4.2.8) com.alibaba.android.rimet/0 Channel/228200 language/en-US',
  'cookie' => 'PHPSESSID=994fvr1b5seherge5cl0a0nu16; Hm_lvt_f8d0a8c400404989e195270b0bbf060a=1517499898; Hm_lpvt_f8d0a8c400404989e195270b0bbf060a=1517620836',
  'accept-language' => 'en-US',
  'accept-encoding' => 'gzip, deflate',
  'accept' => '*/*',
  'connection' => 'keep-alive',
  'host' => 'dt.julongjinrong.top',
  'content-type' => '',
  'content-length' => '',
)
[ info ] [ PARAM ] array (
)
[ info ] [ LOG ] INIT File
---------------------------------------------------------------
[ 2018-02-03T11:53:26+08:00 ] 106.11.227.40 GET /
[ info ] dt.julongjinrong.top/ [运行时间：0.027334s][吞吐率：36.58req/s] [内存消耗：2,292.40kb] [文件加载：66]
[ info ] [ BEHAVIOR ] Run Closure @app_init [ RunTime:0.000018s ]
[ info ] [ CACHE ] INIT File
[ info ] [ BEHAVIOR ] Run Closure @app_init [ RunTime:0.001055s ]
[ info ] [ LANG ] /home/wwwroot/dt.julongjinrong.top/thinkphp/lang/zh-cn.php
[ info ] [ ROUTE ] array (
  'type' => 'module',
  'module' => 
  array (
    0 => '',
    1 => NULL,
    2 => NULL,
  ),
)
[ info ] [ HEADER ] array (
  'connection' => 'keep-alive',
  'accept' => 'text/html, image/gif, image/jpeg, *; q=.2, */*; q=.2',
  'host' => 'dt.julongjinrong.top',
  'pragma' => 'no-cache',
  'cache-control' => 'no-cache',
  'user-agent' => 'Mozilla/5.0 (iPad; CPU OS 9_1 like Mac OS X) AppleWebKit/601.1.46 (KHTML, like Gecko) Version/9.0 Mobile/13B143 Safari/601.1',
  'accept-encoding' => 'gzip',
  'content-type' => '',
  'content-length' => '',
)
[ info ] [ PARAM ] array (
)
[ info ] [ LANG ] /home/wwwroot/dt.julongjinrong.top/public/../application/index/lang/zh-cn.php
[ info ] [ BEHAVIOR ] Run app\common\behavior\Common @module_init [ RunTime:0.000195s ]
[ info ] [ LANG ] /home/wwwroot/dt.julongjinrong.top/public/../application/index/lang/zh-cn/index.php
[ info ] [ RUN ] app\index\controller\Index->index[ /home/wwwroot/dt.julongjinrong.top/application/index/controller/Index.php ]
[ info ] [ VIEW ] /home/wwwroot/dt.julongjinrong.top/public/../application/index/view/index/index.html [ array (
  0 => 'user',
  1 => 'site',
  2 => 'config',
) ]
[ info ] [ LOG ] INIT File
---------------------------------------------------------------
[ 2018-02-03T21:24:13+08:00 ] 42.156.251.208 GET /
[ info ] dt.julongjinrong.top/ [运行时间：0.026181s][吞吐率：38.20req/s] [内存消耗：2,293.30kb] [文件加载：66]
[ info ] [ BEHAVIOR ] Run Closure @app_init [ RunTime:0.000018s ]
[ info ] [ CACHE ] INIT File
[ info ] [ BEHAVIOR ] Run Closure @app_init [ RunTime:0.001014s ]
[ info ] [ LANG ] /home/wwwroot/dt.julongjinrong.top/thinkphp/lang/zh-cn.php
[ info ] [ ROUTE ] array (
  'type' => 'module',
  'module' => 
  array (
    0 => '',
    1 => NULL,
    2 => NULL,
  ),
)
[ info ] [ HEADER ] array (
  'host' => 'dt.julongjinrong.top',
  'accept-language' => 'zh-CN,zh;q=0.8,en;q=0.6',
  'cookie' => 'PHPSESSID=mtiq4q8cm8jqn439mrethmm110; path=/',
  'accept-encoding' => 'gzip, deflate',
  'user-agent' => 'Mozilla/5.0 (Linux; Android 6.0.1; SM-G6100 Build/LRX22C) AppleWebKit/537.36 (KHTML, like Gecko) SamsungBrowser/3.0 Chrome/38.0.2125.102 Mobile Safari/537.36',
  'accept' => 'text/html,application/xhtml+xml,application/xml;q=0.9,image/webp,*/*;q=0.8',
  'connection' => 'close',
  'content-type' => '',
  'content-length' => '',
)
[ info ] [ PARAM ] array (
)
[ info ] [ LANG ] /home/wwwroot/dt.julongjinrong.top/public/../application/index/lang/zh-cn.php
[ info ] [ BEHAVIOR ] Run app\common\behavior\Common @module_init [ RunTime:0.000194s ]
[ info ] [ LANG ] /home/wwwroot/dt.julongjinrong.top/public/../application/index/lang/zh-cn/index.php
[ info ] [ RUN ] app\index\controller\Index->index[ /home/wwwroot/dt.julongjinrong.top/application/index/controller/Index.php ]
[ info ] [ VIEW ] /home/wwwroot/dt.julongjinrong.top/public/../application/index/view/index/index.html [ array (
  0 => 'user',
  1 => 'site',
  2 => 'config',
) ]
[ info ] [ LOG ] INIT File
---------------------------------------------------------------
[ 2018-02-03T21:24:13+08:00 ] 42.156.251.208 GET /
[ info ] dt.julongjinrong.top/ [运行时间：0.026995s][吞吐率：37.04req/s] [内存消耗：2,290.82kb] [文件加载：66]
[ info ] [ BEHAVIOR ] Run Closure @app_init [ RunTime:0.000015s ]
[ info ] [ CACHE ] INIT File
[ info ] [ BEHAVIOR ] Run Closure @app_init [ RunTime:0.000992s ]
[ info ] [ LANG ] /home/wwwroot/dt.julongjinrong.top/thinkphp/lang/zh-cn.php
[ info ] [ ROUTE ] array (
  'type' => 'module',
  'module' => 
  array (
    0 => '',
    1 => NULL,
    2 => NULL,
  ),
)
[ info ] [ HEADER ] array (
  'host' => 'dt.julongjinrong.top',
  'accept-language' => 'zh-CN,en,*',
  'accept-encoding' => 'gzip, deflate',
  'connection' => 'Keep-Alive',
  'user-agent' => 'Mozilla/5.0 (Linux; Android 6.0.1; SM-G6100 Build/LRX22C) AppleWebKit/537.36 (KHTML, like Gecko) SamsungBrowser/3.0 Chrome/38.0.2125.102 Mobile Safari/537.36',
  'accept' => 'text/html,application/xhtml+xml,application/xml;q=0.9,*/*;q=0.8',
  'content-type' => '',
  'content-length' => '',
)
[ info ] [ PARAM ] array (
)
[ info ] [ LANG ] /home/wwwroot/dt.julongjinrong.top/public/../application/index/lang/zh-cn.php
[ info ] [ BEHAVIOR ] Run app\common\behavior\Common @module_init [ RunTime:0.000210s ]
[ info ] [ LANG ] /home/wwwroot/dt.julongjinrong.top/public/../application/index/lang/zh-cn/index.php
[ info ] [ RUN ] app\index\controller\Index->index[ /home/wwwroot/dt.julongjinrong.top/application/index/controller/Index.php ]
[ info ] [ VIEW ] /home/wwwroot/dt.julongjinrong.top/public/../application/index/view/index/index.html [ array (
  0 => 'user',
  1 => 'site',
  2 => 'config',
) ]
[ info ] [ LOG ] INIT File
---------------------------------------------------------------
[ 2018-02-03T21:24:14+08:00 ] 113.57.246.175 GET /
[ info ] dt.julongjinrong.top/ [运行时间：0.026829s][吞吐率：37.27req/s] [内存消耗：2,251.09kb] [文件加载：63]
[ info ] [ BEHAVIOR ] Run Closure @app_init [ RunTime:0.000031s ]
[ info ] [ CACHE ] INIT File
[ info ] [ BEHAVIOR ] Run Closure @app_init [ RunTime:0.001041s ]
[ info ] [ ROUTE ] array (
  'type' => 'module',
  'module' => 
  array (
    0 => '',
    1 => NULL,
    2 => NULL,
  ),
)
[ info ] [ HEADER ] array (
  'cookie' => 'PHPSESSID=994fvr1b5seherge5cl0a0nu16; Hm_lvt_f8d0a8c400404989e195270b0bbf060a=1517499898; Hm_lpvt_f8d0a8c400404989e195270b0bbf060a=1517620836',
  'accept-encoding' => 'gzip, deflate',
  'referer' => 'http://dt.julongjinrong.top/',
  'accept-language' => 'en-US',
  'user-agent' => 'Mozilla/5.0 (Linux; U; Android 6.0.1; zh-CN; PRO 6 Plus Build/MMB29T) AppleWebKit/537.36 (KHTML, like Gecko) Version/4.0 Chrome/40.0.2214.89 UCBrowser/11.6.6.951 UWS/2.11.0.42 Mobile Safari/537.36 AliApp(DingTalk/4.2.8) com.alibaba.android.rimet/0 Channel/228200 language/en-US',
  'accept' => 'text/html,application/xhtml+xml,application/xml;q=0.9,image/webp,*/*;q=0.8,UC/3009',
  'connection' => 'keep-alive',
  'host' => 'dt.julongjinrong.top',
  'content-type' => '',
  'content-length' => '',
)
[ info ] [ PARAM ] array (
)
[ info ] [ BEHAVIOR ] Run app\common\behavior\Common @module_init [ RunTime:0.000251s ]
[ info ] [ RUN ] app\index\controller\Index->index[ /home/wwwroot/dt.julongjinrong.top/application/index/controller/Index.php ]
[ info ] [ VIEW ] /home/wwwroot/dt.julongjinrong.top/public/../application/index/view/index/index.html [ array (
  0 => 'user',
  1 => 'site',
  2 => 'config',
) ]
[ info ] [ LOG ] INIT File
---------------------------------------------------------------
[ 2018-02-03T21:24:16+08:00 ] 113.57.246.175 GET /
[ info ] dt.julongjinrong.top/ [运行时间：0.039602s][吞吐率：25.25req/s] [内存消耗：2,251.09kb] [文件加载：63]
[ info ] [ BEHAVIOR ] Run Closure @app_init [ RunTime:0.000023s ]
[ info ] [ CACHE ] INIT File
[ info ] [ BEHAVIOR ] Run Closure @app_init [ RunTime:0.001301s ]
[ info ] [ ROUTE ] array (
  'type' => 'module',
  'module' => 
  array (
    0 => '',
    1 => NULL,
    2 => NULL,
  ),
)
[ info ] [ HEADER ] array (
  'cookie' => 'PHPSESSID=994fvr1b5seherge5cl0a0nu16; Hm_lvt_f8d0a8c400404989e195270b0bbf060a=1517499898; Hm_lpvt_f8d0a8c400404989e195270b0bbf060a=1517620836',
  'accept-encoding' => 'gzip, deflate',
  'referer' => 'http://dt.julongjinrong.top/',
  'accept-language' => 'en-US',
  'user-agent' => 'Mozilla/5.0 (Linux; U; Android 6.0.1; zh-CN; PRO 6 Plus Build/MMB29T) AppleWebKit/537.36 (KHTML, like Gecko) Version/4.0 Chrome/40.0.2214.89 UCBrowser/11.6.6.951 UWS/2.11.0.42 Mobile Safari/537.36 AliApp(DingTalk/4.2.8) com.alibaba.android.rimet/0 Channel/228200 language/en-US',
  'accept' => 'text/html,application/xhtml+xml,application/xml;q=0.9,image/webp,*/*;q=0.8,UC/3009',
  'connection' => 'keep-alive',
  'host' => 'dt.julongjinrong.top',
  'content-type' => '',
  'content-length' => '',
)
[ info ] [ PARAM ] array (
)
[ info ] [ BEHAVIOR ] Run app\common\behavior\Common @module_init [ RunTime:0.000244s ]
[ info ] [ RUN ] app\index\controller\Index->index[ /home/wwwroot/dt.julongjinrong.top/application/index/controller/Index.php ]
[ info ] [ VIEW ] /home/wwwroot/dt.julongjinrong.top/public/../application/index/view/index/index.html [ array (
  0 => 'user',
  1 => 'site',
  2 => 'config',
) ]
[ info ] [ LOG ] INIT File
---------------------------------------------------------------
[ 2018-02-03T21:24:24+08:00 ] 113.57.246.175 GET /favicon.ico
[ info ] dt.julongjinrong.top/favicon.ico [运行时间：0.029780s][吞吐率：33.58req/s] [内存消耗：1,614.03kb] [文件加载：52]
[ info ] [ BEHAVIOR ] Run Closure @app_init [ RunTime:0.000023s ]
[ info ] [ CACHE ] INIT File
[ info ] [ BEHAVIOR ] Run Closure @app_init [ RunTime:0.001301s ]
[ info ] [ ROUTE ] array (
  'type' => 'module',
  'module' => 
  array (
    0 => 'favicon.ico',
    1 => NULL,
    2 => NULL,
  ),
)
[ info ] [ HEADER ] array (
  'user-agent' => 'Mozilla/5.0 (Linux; U; Android 6.0.1; zh-CN; PRO 6 Plus Build/MMB29T) AppleWebKit/537.36 (KHTML, like Gecko) Version/4.0 Chrome/40.0.2214.89 UCBrowser/11.6.6.951 UWS/2.11.0.42 Mobile Safari/537.36 AliApp(DingTalk/4.2.8) com.alibaba.android.rimet/0 Channel/228200 language/en-US',
  'cookie' => 'PHPSESSID=994fvr1b5seherge5cl0a0nu16; Hm_lvt_f8d0a8c400404989e195270b0bbf060a=1517499898; Hm_lpvt_f8d0a8c400404989e195270b0bbf060a=1517664263',
  'accept-language' => 'en-US',
  'accept-encoding' => 'gzip, deflate',
  'accept' => '*/*',
  'connection' => 'keep-alive',
  'host' => 'dt.julongjinrong.top',
  'content-type' => '',
  'content-length' => '',
)
[ info ] [ PARAM ] array (
)
[ info ] [ LOG ] INIT File
