---------------------------------------------------------------
[ 2018-02-05T08:53:56+08:00 ] 113.57.245.194 GET /
[ info ] dt.julongjinrong.top/ [运行时间：0.026812s][吞吐率：37.30req/s] [内存消耗：2,251.09kb] [文件加载：63]
[ info ] [ BEHAVIOR ] Run Closure @app_init [ RunTime:0.000019s ]
[ info ] [ CACHE ] INIT File
[ info ] [ BEHAVIOR ] Run Closure @app_init [ RunTime:0.001050s ]
[ info ] [ ROUTE ] array (
  'type' => 'module',
  'module' => 
  array (
    0 => '',
    1 => NULL,
    2 => NULL,
  ),
)
[ info ] [ HEADER ] array (
  'cookie' => 'PHPSESSID=994fvr1b5seherge5cl0a0nu16; Hm_lvt_f8d0a8c400404989e195270b0bbf060a=1517499898; Hm_lpvt_f8d0a8c400404989e195270b0bbf060a=1517664263',
  'accept-encoding' => 'gzip, deflate',
  'referer' => 'http://dt.julongjinrong.top/',
  'accept-language' => 'en-US',
  'user-agent' => 'Mozilla/5.0 (Linux; U; Android 6.0.1; zh-CN; PRO 6 Plus Build/MMB29T) AppleWebKit/537.36 (KHTML, like Gecko) Version/4.0 Chrome/40.0.2214.89 UCBrowser/11.6.6.951 UWS/2.11.0.42 Mobile Safari/537.36 AliApp(DingTalk/4.2.8) com.alibaba.android.rimet/0 Channel/228200 language/en-US',
  'accept' => 'text/html,application/xhtml+xml,application/xml;q=0.9,image/webp,*/*;q=0.8,UC/3009',
  'connection' => 'keep-alive',
  'host' => 'dt.julongjinrong.top',
  'content-type' => '',
  'content-length' => '',
)
[ info ] [ PARAM ] array (
)
[ info ] [ BEHAVIOR ] Run app\common\behavior\Common @module_init [ RunTime:0.000199s ]
[ info ] [ RUN ] app\index\controller\Index->index[ /home/wwwroot/dt.julongjinrong.top/application/index/controller/Index.php ]
[ info ] [ VIEW ] /home/wwwroot/dt.julongjinrong.top/public/../application/index/view/index/index.html [ array (
  0 => 'user',
  1 => 'site',
  2 => 'config',
) ]
[ info ] [ LOG ] INIT File
---------------------------------------------------------------
[ 2018-02-05T08:53:57+08:00 ] 113.57.245.194 GET /favicon.ico
[ info ] dt.julongjinrong.top/favicon.ico [运行时间：0.019111s][吞吐率：52.33req/s] [内存消耗：1,614.03kb] [文件加载：52]
[ info ] [ BEHAVIOR ] Run Closure @app_init [ RunTime:0.000018s ]
[ info ] [ CACHE ] INIT File
[ info ] [ BEHAVIOR ] Run Closure @app_init [ RunTime:0.001025s ]
[ info ] [ ROUTE ] array (
  'type' => 'module',
  'module' => 
  array (
    0 => 'favicon.ico',
    1 => NULL,
    2 => NULL,
  ),
)
[ info ] [ HEADER ] array (
  'user-agent' => 'Mozilla/5.0 (Linux; U; Android 6.0.1; zh-CN; PRO 6 Plus Build/MMB29T) AppleWebKit/537.36 (KHTML, like Gecko) Version/4.0 Chrome/40.0.2214.89 UCBrowser/11.6.6.951 UWS/2.11.0.42 Mobile Safari/537.36 AliApp(DingTalk/4.2.8) com.alibaba.android.rimet/0 Channel/228200 language/en-US',
  'cookie' => 'PHPSESSID=994fvr1b5seherge5cl0a0nu16; Hm_lvt_f8d0a8c400404989e195270b0bbf060a=1517499898; Hm_lpvt_f8d0a8c400404989e195270b0bbf060a=1517792036',
  'accept-language' => 'en-US',
  'accept-encoding' => 'gzip, deflate',
  'accept' => '*/*',
  'connection' => 'keep-alive',
  'host' => 'dt.julongjinrong.top',
  'content-type' => '',
  'content-length' => '',
)
[ info ] [ PARAM ] array (
)
[ info ] [ LOG ] INIT File
---------------------------------------------------------------
[ 2018-02-05T08:53:58+08:00 ] 113.57.245.194 GET /
[ info ] dt.julongjinrong.top/ [运行时间：0.025544s][吞吐率：39.15req/s] [内存消耗：2,251.09kb] [文件加载：63]
[ info ] [ BEHAVIOR ] Run Closure @app_init [ RunTime:0.000018s ]
[ info ] [ CACHE ] INIT File
[ info ] [ BEHAVIOR ] Run Closure @app_init [ RunTime:0.000993s ]
[ info ] [ ROUTE ] array (
  'type' => 'module',
  'module' => 
  array (
    0 => '',
    1 => NULL,
    2 => NULL,
  ),
)
[ info ] [ HEADER ] array (
  'cookie' => 'PHPSESSID=994fvr1b5seherge5cl0a0nu16; Hm_lvt_f8d0a8c400404989e195270b0bbf060a=1517499898; Hm_lpvt_f8d0a8c400404989e195270b0bbf060a=1517792036',
  'accept-encoding' => 'gzip, deflate',
  'referer' => 'http://dt.julongjinrong.top/',
  'accept-language' => 'en-US',
  'user-agent' => 'Mozilla/5.0 (Linux; U; Android 6.0.1; zh-CN; PRO 6 Plus Build/MMB29T) AppleWebKit/537.36 (KHTML, like Gecko) Version/4.0 Chrome/40.0.2214.89 UCBrowser/11.6.6.951 UWS/2.11.0.42 Mobile Safari/537.36 AliApp(DingTalk/4.2.8) com.alibaba.android.rimet/0 Channel/228200 language/en-US',
  'accept' => 'text/html,application/xhtml+xml,application/xml;q=0.9,image/webp,*/*;q=0.8,UC/3009',
  'connection' => 'keep-alive',
  'host' => 'dt.julongjinrong.top',
  'content-type' => '',
  'content-length' => '',
)
[ info ] [ PARAM ] array (
)
[ info ] [ BEHAVIOR ] Run app\common\behavior\Common @module_init [ RunTime:0.000204s ]
[ info ] [ RUN ] app\index\controller\Index->index[ /home/wwwroot/dt.julongjinrong.top/application/index/controller/Index.php ]
[ info ] [ VIEW ] /home/wwwroot/dt.julongjinrong.top/public/../application/index/view/index/index.html [ array (
  0 => 'user',
  1 => 'site',
  2 => 'config',
) ]
[ info ] [ LOG ] INIT File
---------------------------------------------------------------
[ 2018-02-05T08:53:58+08:00 ] 113.57.245.194 GET /favicon.ico
[ info ] dt.julongjinrong.top/favicon.ico [运行时间：0.019772s][吞吐率：50.58req/s] [内存消耗：1,614.03kb] [文件加载：52]
[ info ] [ BEHAVIOR ] Run Closure @app_init [ RunTime:0.000018s ]
[ info ] [ CACHE ] INIT File
[ info ] [ BEHAVIOR ] Run Closure @app_init [ RunTime:0.001064s ]
[ info ] [ ROUTE ] array (
  'type' => 'module',
  'module' => 
  array (
    0 => 'favicon.ico',
    1 => NULL,
    2 => NULL,
  ),
)
[ info ] [ HEADER ] array (
  'user-agent' => 'Mozilla/5.0 (Linux; U; Android 6.0.1; zh-CN; PRO 6 Plus Build/MMB29T) AppleWebKit/537.36 (KHTML, like Gecko) Version/4.0 Chrome/40.0.2214.89 UCBrowser/11.6.6.951 UWS/2.11.0.42 Mobile Safari/537.36 AliApp(DingTalk/4.2.8) com.alibaba.android.rimet/0 Channel/228200 language/en-US',
  'cookie' => 'PHPSESSID=994fvr1b5seherge5cl0a0nu16; Hm_lvt_f8d0a8c400404989e195270b0bbf060a=1517499898; Hm_lpvt_f8d0a8c400404989e195270b0bbf060a=1517792037',
  'accept-language' => 'en-US',
  'accept-encoding' => 'gzip, deflate',
  'accept' => '*/*',
  'connection' => 'keep-alive',
  'host' => 'dt.julongjinrong.top',
  'content-type' => '',
  'content-length' => '',
)
[ info ] [ PARAM ] array (
)
[ info ] [ LOG ] INIT File
---------------------------------------------------------------
[ 2018-02-05T12:38:20+08:00 ] 106.11.226.92 GET /
[ info ] dt.julongjinrong.top/ [运行时间：0.026954s][吞吐率：37.10req/s] [内存消耗：2,292.40kb] [文件加载：66]
[ info ] [ BEHAVIOR ] Run Closure @app_init [ RunTime:0.000022s ]
[ info ] [ CACHE ] INIT File
[ info ] [ BEHAVIOR ] Run Closure @app_init [ RunTime:0.001062s ]
[ info ] [ LANG ] /home/wwwroot/dt.julongjinrong.top/thinkphp/lang/zh-cn.php
[ info ] [ ROUTE ] array (
  'type' => 'module',
  'module' => 
  array (
    0 => '',
    1 => NULL,
    2 => NULL,
  ),
)
[ info ] [ HEADER ] array (
  'connection' => 'keep-alive',
  'accept' => 'text/html, image/gif, image/jpeg, *; q=.2, */*; q=.2',
  'host' => 'dt.julongjinrong.top',
  'pragma' => 'no-cache',
  'cache-control' => 'no-cache',
  'user-agent' => 'Mozilla/5.0 (iPad; CPU OS 9_1 like Mac OS X) AppleWebKit/601.1.46 (KHTML, like Gecko) Version/9.0 Mobile/13B143 Safari/601.1',
  'accept-encoding' => 'gzip',
  'content-type' => '',
  'content-length' => '',
)
[ info ] [ PARAM ] array (
)
[ info ] [ LANG ] /home/wwwroot/dt.julongjinrong.top/public/../application/index/lang/zh-cn.php
[ info ] [ BEHAVIOR ] Run app\common\behavior\Common @module_init [ RunTime:0.000192s ]
[ info ] [ LANG ] /home/wwwroot/dt.julongjinrong.top/public/../application/index/lang/zh-cn/index.php
[ info ] [ RUN ] app\index\controller\Index->index[ /home/wwwroot/dt.julongjinrong.top/application/index/controller/Index.php ]
[ info ] [ VIEW ] /home/wwwroot/dt.julongjinrong.top/public/../application/index/view/index/index.html [ array (
  0 => 'user',
  1 => 'site',
  2 => 'config',
) ]
[ info ] [ LOG ] INIT File
---------------------------------------------------------------
[ 2018-02-05T13:54:45+08:00 ] 42.156.251.191 GET /
[ info ] dt.julongjinrong.top/ [运行时间：0.034483s][吞吐率：29.00req/s] [内存消耗：2,293.65kb] [文件加载：66]
[ info ] [ BEHAVIOR ] Run Closure @app_init [ RunTime:0.000022s ]
[ info ] [ CACHE ] INIT File
[ info ] [ BEHAVIOR ] Run Closure @app_init [ RunTime:0.001389s ]
[ info ] [ LANG ] /home/wwwroot/dt.julongjinrong.top/thinkphp/lang/zh-cn.php
[ info ] [ ROUTE ] array (
  'type' => 'module',
  'module' => 
  array (
    0 => '',
    1 => NULL,
    2 => NULL,
  ),
)
[ info ] [ HEADER ] array (
  'host' => 'dt.julongjinrong.top',
  'accept-language' => 'zh-CN,zh;q=0.8,en;q=0.6',
  'cookie' => 'connect.sid=s%3A3jxmaPSHjrXHyA7_ywo4yLWAtbFZ4w9-.PynoZJ91oUV3%2FqGClg77ewC6tUa1%2Bo5NB%2FhLI6hZm1Q; Path=/; Expires=Wed, 07 Feb 2018 05:54:45 GMT; HttpOnly',
  'accept-encoding' => 'gzip, deflate',
  'user-agent' => 'Mozilla/5.0 (Linux; Android 6.0.1; SM-N9100 Build/LRX22C) AppleWebKit/537.51.1 (KHTML, like Gecko) Mobile/13G35 UCBrowser/11.5.4.970 Mobile  Tx(TUnionSDK/0.1.15)',
  'accept' => 'text/html,application/xhtml+xml,application/xml;q=0.9,image/webp,*/*;q=0.8',
  'connection' => 'close',
  'content-type' => '',
  'content-length' => '',
)
[ info ] [ PARAM ] array (
)
[ info ] [ LANG ] /home/wwwroot/dt.julongjinrong.top/public/../application/index/lang/zh-cn.php
[ info ] [ BEHAVIOR ] Run app\common\behavior\Common @module_init [ RunTime:0.000291s ]
[ info ] [ LANG ] /home/wwwroot/dt.julongjinrong.top/public/../application/index/lang/zh-cn/index.php
[ info ] [ RUN ] app\index\controller\Index->index[ /home/wwwroot/dt.julongjinrong.top/application/index/controller/Index.php ]
[ info ] [ VIEW ] /home/wwwroot/dt.julongjinrong.top/public/../application/index/view/index/index.html [ array (
  0 => 'user',
  1 => 'site',
  2 => 'config',
) ]
[ info ] [ LOG ] INIT File
---------------------------------------------------------------
[ 2018-02-05T13:54:45+08:00 ] 42.156.251.191 GET /
[ info ] dt.julongjinrong.top/ [运行时间：0.026197s][吞吐率：38.17req/s] [内存消耗：2,290.82kb] [文件加载：66]
[ info ] [ BEHAVIOR ] Run Closure @app_init [ RunTime:0.000016s ]
[ info ] [ CACHE ] INIT File
[ info ] [ BEHAVIOR ] Run Closure @app_init [ RunTime:0.000992s ]
[ info ] [ LANG ] /home/wwwroot/dt.julongjinrong.top/thinkphp/lang/zh-cn.php
[ info ] [ ROUTE ] array (
  'type' => 'module',
  'module' => 
  array (
    0 => '',
    1 => NULL,
    2 => NULL,
  ),
)
[ info ] [ HEADER ] array (
  'host' => 'dt.julongjinrong.top',
  'accept-language' => 'zh-CN,en,*',
  'accept-encoding' => 'gzip, deflate',
  'connection' => 'Keep-Alive',
  'user-agent' => 'Mozilla/5.0 (Linux; Android 6.0.1; SM-N9100 Build/LRX22C) AppleWebKit/537.51.1 (KHTML, like Gecko) Mobile/13G35 UCBrowser/11.5.4.970 Mobile  Tx(TUnionSDK/0.1.15)',
  'accept' => 'text/html,application/xhtml+xml,application/xml;q=0.9,*/*;q=0.8',
  'content-type' => '',
  'content-length' => '',
)
[ info ] [ PARAM ] array (
)
[ info ] [ LANG ] /home/wwwroot/dt.julongjinrong.top/public/../application/index/lang/zh-cn.php
[ info ] [ BEHAVIOR ] Run app\common\behavior\Common @module_init [ RunTime:0.000208s ]
[ info ] [ LANG ] /home/wwwroot/dt.julongjinrong.top/public/../application/index/lang/zh-cn/index.php
[ info ] [ RUN ] app\index\controller\Index->index[ /home/wwwroot/dt.julongjinrong.top/application/index/controller/Index.php ]
[ info ] [ VIEW ] /home/wwwroot/dt.julongjinrong.top/public/../application/index/view/index/index.html [ array (
  0 => 'user',
  1 => 'site',
  2 => 'config',
) ]
[ info ] [ LOG ] INIT File
---------------------------------------------------------------
[ 2018-02-05T13:54:45+08:00 ] 59.175.124.48 GET /
[ info ] dt.julongjinrong.top/ [运行时间：0.025936s][吞吐率：38.56req/s] [内存消耗：2,293.48kb] [文件加载：66]
[ info ] [ BEHAVIOR ] Run Closure @app_init [ RunTime:0.000017s ]
[ info ] [ CACHE ] INIT File
[ info ] [ BEHAVIOR ] Run Closure @app_init [ RunTime:0.001058s ]
[ info ] [ LANG ] /home/wwwroot/dt.julongjinrong.top/thinkphp/lang/zh-cn.php
[ info ] [ ROUTE ] array (
  'type' => 'module',
  'module' => 
  array (
    0 => '',
    1 => NULL,
    2 => NULL,
  ),
)
[ info ] [ HEADER ] array (
  'connection' => 'keep-alive',
  'accept-encoding' => 'gzip, deflate',
  'accept-language' => 'zh-cn',
  'user-agent' => 'Mozilla/5.0 (iPhone; CPU iPhone OS 11_2_1 like Mac OS X) AppleWebKit/604.4.7 (KHTML, like Gecko) Mobile/15C153 AliApp(DingTalk/4.2.8) com.laiwang.DingTalk/3130734 Channel/201200 language/zh-Hans-CN',
  'accept' => 'text/html,application/xhtml+xml,application/xml;q=0.9,*/*;q=0.8',
  'upgrade-insecure-requests' => '1',
  'dingtalk-flag' => '1',
  'host' => 'dt.julongjinrong.top',
  'content-type' => '',
  'content-length' => '',
)
[ info ] [ PARAM ] array (
)
[ info ] [ LANG ] /home/wwwroot/dt.julongjinrong.top/public/../application/index/lang/zh-cn.php
[ info ] [ BEHAVIOR ] Run app\common\behavior\Common @module_init [ RunTime:0.000186s ]
[ info ] [ LANG ] /home/wwwroot/dt.julongjinrong.top/public/../application/index/lang/zh-cn/index.php
[ info ] [ RUN ] app\index\controller\Index->index[ /home/wwwroot/dt.julongjinrong.top/application/index/controller/Index.php ]
[ info ] [ VIEW ] /home/wwwroot/dt.julongjinrong.top/public/../application/index/view/index/index.html [ array (
  0 => 'user',
  1 => 'site',
  2 => 'config',
) ]
[ info ] [ LOG ] INIT File
---------------------------------------------------------------
[ 2018-02-05T13:55:25+08:00 ] 59.175.124.48 GET /admin/index/login.html
[ info ] dt.julongjinrong.top/admin/index/login.html [运行时间：0.028213s][吞吐率：35.44req/s] [内存消耗：2,477.11kb] [文件加载：72]
[ info ] [ BEHAVIOR ] Run Closure @app_init [ RunTime:0.000020s ]
[ info ] [ CACHE ] INIT File
[ info ] [ BEHAVIOR ] Run Closure @app_init [ RunTime:0.001015s ]
[ info ] [ LANG ] /home/wwwroot/dt.julongjinrong.top/thinkphp/lang/zh-cn.php
[ info ] [ ROUTE ] array (
  'type' => 'module',
  'module' => 
  array (
    0 => 'admin',
    1 => 'index',
    2 => 'login',
  ),
)
[ info ] [ HEADER ] array (
  'accept-encoding' => 'gzip, deflate',
  'accept-language' => 'zh-cn',
  'referer' => 'http://dt.julongjinrong.top/',
  'user-agent' => 'Mozilla/5.0 (iPhone; CPU iPhone OS 11_2_1 like Mac OS X) AppleWebKit/604.4.7 (KHTML, like Gecko) Mobile/15C153 AliApp(DingTalk/4.2.8) com.laiwang.DingTalk/3130734 Channel/201200 language/zh-Hans-CN',
  'accept' => 'text/html,application/xhtml+xml,application/xml;q=0.9,*/*;q=0.8',
  'upgrade-insecure-requests' => '1',
  'dingtalk-flag' => '1',
  'connection' => 'keep-alive',
  'cookie' => 'Hm_lpvt_f8d0a8c400404989e195270b0bbf060a=1517810087; Hm_lvt_f8d0a8c400404989e195270b0bbf060a=1517810087',
  'host' => 'dt.julongjinrong.top',
  'content-type' => '',
  'content-length' => '',
)
[ info ] [ PARAM ] array (
)
[ info ] [ LANG ] /home/wwwroot/dt.julongjinrong.top/public/../application/admin/lang/zh-cn.php
[ info ] [ BEHAVIOR ] Run app\common\behavior\Common @module_init [ RunTime:0.000192s ]
[ info ] [ SESSION ] INIT array (
  'id' => '',
  'var_session_id' => '',
  'prefix' => 'think',
  'type' => '',
  'auto_start' => true,
)
[ info ] [ LANG ] /home/wwwroot/dt.julongjinrong.top/public/../application/admin/lang/zh-cn/index.php
[ info ] [ RUN ] app\admin\controller\Index->login[ /home/wwwroot/dt.julongjinrong.top/application/admin/controller/Index.php ]
[ info ] [ VIEW ] /home/wwwroot/dt.julongjinrong.top/public/../application/admin/view/index/login.html [ array (
  0 => 'breadcrumb',
  1 => 'site',
  2 => 'config',
  3 => 'auth',
  4 => 'admin',
  5 => 'background',
) ]
[ info ] [ BEHAVIOR ] Run app\admin\behavior\AdminLog @app_end [ RunTime:0.000094s ]
[ info ] [ LOG ] INIT File
---------------------------------------------------------------
[ 2018-02-05T13:55:27+08:00 ] 59.175.124.48 GET /admin/ajax/lang?callback=define&controllername=index&v=1517810125
[ info ] dt.julongjinrong.top/admin/ajax/lang?callback=define&controllername=index&v=1517810125 [运行时间：0.028389s][吞吐率：35.22req/s] [内存消耗：2,481.30kb] [文件加载：72]
[ info ] [ BEHAVIOR ] Run Closure @app_init [ RunTime:0.000018s ]
[ info ] [ CACHE ] INIT File
[ info ] [ BEHAVIOR ] Run Closure @app_init [ RunTime:0.001016s ]
[ info ] [ LANG ] /home/wwwroot/dt.julongjinrong.top/thinkphp/lang/zh-cn.php
[ info ] [ ROUTE ] array (
  'type' => 'module',
  'module' => 
  array (
    0 => 'admin',
    1 => 'ajax',
    2 => 'lang',
  ),
)
[ info ] [ HEADER ] array (
  'accept-encoding' => 'gzip, deflate',
  'accept-language' => 'zh-cn',
  'referer' => 'http://dt.julongjinrong.top/admin/index/login.html',
  'user-agent' => 'Mozilla/5.0 (iPhone; CPU iPhone OS 11_2_1 like Mac OS X) AppleWebKit/604.4.7 (KHTML, like Gecko) Mobile/15C153 AliApp(DingTalk/4.2.8) com.laiwang.DingTalk/3130734 Channel/201200 language/zh-Hans-CN',
  'accept' => '*/*',
  'dingtalk-flag' => '1',
  'connection' => 'keep-alive',
  'cookie' => 'PHPSESSID=5e1fbi22kmclb4f42rmlhthsam; Hm_lpvt_f8d0a8c400404989e195270b0bbf060a=1517810087; Hm_lvt_f8d0a8c400404989e195270b0bbf060a=1517810087',
  'host' => 'dt.julongjinrong.top',
  'content-type' => '',
  'content-length' => '',
)
[ info ] [ PARAM ] array (
  'callback' => 'define',
  'controllername' => 'index',
  'v' => '1517810125',
)
[ info ] [ LANG ] /home/wwwroot/dt.julongjinrong.top/public/../application/admin/lang/zh-cn.php
[ info ] [ BEHAVIOR ] Run app\common\behavior\Common @module_init [ RunTime:0.000211s ]
[ info ] [ SESSION ] INIT array (
  'id' => '',
  'var_session_id' => '',
  'prefix' => 'think',
  'type' => '',
  'auto_start' => true,
)
[ info ] [ LANG ] /home/wwwroot/dt.julongjinrong.top/public/../application/admin/lang/zh-cn/ajax.php
[ info ] [ RUN ] app\admin\controller\Ajax->lang[ /home/wwwroot/dt.julongjinrong.top/application/admin/controller/Ajax.php ]
[ info ] [ LANG ] /home/wwwroot/dt.julongjinrong.top/public/../application/admin/lang/zh-cn/index.php
[ info ] [ BEHAVIOR ] Run app\admin\behavior\AdminLog @app_end [ RunTime:0.000140s ]
[ info ] [ LOG ] INIT File
---------------------------------------------------------------
[ 2018-02-05T18:40:10+08:00 ] 42.156.251.201 GET /
[ info ] dt.julongjinrong.top/ [运行时间：0.027157s][吞吐率：36.82req/s] [内存消耗：2,293.37kb] [文件加载：66]
[ info ] [ BEHAVIOR ] Run Closure @app_init [ RunTime:0.000019s ]
[ info ] [ CACHE ] INIT File
[ info ] [ BEHAVIOR ] Run Closure @app_init [ RunTime:0.001058s ]
[ info ] [ LANG ] /home/wwwroot/dt.julongjinrong.top/thinkphp/lang/zh-cn.php
[ info ] [ ROUTE ] array (
  'type' => 'module',
  'module' => 
  array (
    0 => '',
    1 => NULL,
    2 => NULL,
  ),
)
[ info ] [ HEADER ] array (
  'host' => 'dt.julongjinrong.top',
  'accept-language' => 'zh-CN,zh;q=0.8,en;q=0.6',
  'cookie' => 'route=3eafd75cf7811267c016e74fcf40e63f; Path=/',
  'accept-encoding' => 'gzip, deflate',
  'user-agent' => 'Mozilla/5.0 (Linux; Android 7.0; VIE-AL10 Build/HUAWEIVIE-AL10; wv) AppleWebKit/537.36 (KHTML, like Gecko) Version/4.0 Chrome/48.0.2564.116 Mobile Safari/537.36 baidubrowser/7.12.12.0 (Baidu; P1 7.0)',
  'accept' => 'text/html,application/xhtml+xml,application/xml;q=0.9,image/webp,*/*;q=0.8',
  'connection' => 'close',
  'content-type' => '',
  'content-length' => '',
)
[ info ] [ PARAM ] array (
)
[ info ] [ LANG ] /home/wwwroot/dt.julongjinrong.top/public/../application/index/lang/zh-cn.php
[ info ] [ BEHAVIOR ] Run app\common\behavior\Common @module_init [ RunTime:0.000199s ]
[ info ] [ LANG ] /home/wwwroot/dt.julongjinrong.top/public/../application/index/lang/zh-cn/index.php
[ info ] [ RUN ] app\index\controller\Index->index[ /home/wwwroot/dt.julongjinrong.top/application/index/controller/Index.php ]
[ info ] [ VIEW ] /home/wwwroot/dt.julongjinrong.top/public/../application/index/view/index/index.html [ array (
  0 => 'user',
  1 => 'site',
  2 => 'config',
) ]
[ info ] [ LOG ] INIT File
---------------------------------------------------------------
[ 2018-02-05T18:40:10+08:00 ] 42.156.251.201 GET /
[ info ] dt.julongjinrong.top/ [运行时间：0.026010s][吞吐率：38.45req/s] [内存消耗：2,290.82kb] [文件加载：66]
[ info ] [ BEHAVIOR ] Run Closure @app_init [ RunTime:0.000018s ]
[ info ] [ CACHE ] INIT File
[ info ] [ BEHAVIOR ] Run Closure @app_init [ RunTime:0.001014s ]
[ info ] [ LANG ] /home/wwwroot/dt.julongjinrong.top/thinkphp/lang/zh-cn.php
[ info ] [ ROUTE ] array (
  'type' => 'module',
  'module' => 
  array (
    0 => '',
    1 => NULL,
    2 => NULL,
  ),
)
[ info ] [ HEADER ] array (
  'host' => 'dt.julongjinrong.top',
  'accept-language' => 'zh-CN,en,*',
  'accept-encoding' => 'gzip, deflate',
  'connection' => 'Keep-Alive',
  'user-agent' => 'Mozilla/5.0 (Linux; Android 5.0.2; SM-A5000 Build/LRX22C  ) AppleWebKit/602.2.14 (KHTML, like Gecko) Mobile/14B72 Tx(Tx/6.6.0) WindVane/8.2.0 750x1334',
  'accept' => 'text/html,application/xhtml+xml,application/xml;q=0.9,*/*;q=0.8',
  'content-type' => '',
  'content-length' => '',
)
[ info ] [ PARAM ] array (
)
[ info ] [ LANG ] /home/wwwroot/dt.julongjinrong.top/public/../application/index/lang/zh-cn.php
[ info ] [ BEHAVIOR ] Run app\common\behavior\Common @module_init [ RunTime:0.000188s ]
[ info ] [ LANG ] /home/wwwroot/dt.julongjinrong.top/public/../application/index/lang/zh-cn/index.php
[ info ] [ RUN ] app\index\controller\Index->index[ /home/wwwroot/dt.julongjinrong.top/application/index/controller/Index.php ]
[ info ] [ VIEW ] /home/wwwroot/dt.julongjinrong.top/public/../application/index/view/index/index.html [ array (
  0 => 'user',
  1 => 'site',
  2 => 'config',
) ]
[ info ] [ LOG ] INIT File
---------------------------------------------------------------
[ 2018-02-05T18:40:11+08:00 ] 113.57.246.130 GET /
[ info ] dt.julongjinrong.top/ [运行时间：0.026640s][吞吐率：37.54req/s] [内存消耗：2,251.09kb] [文件加载：63]
[ info ] [ BEHAVIOR ] Run Closure @app_init [ RunTime:0.000017s ]
[ info ] [ CACHE ] INIT File
[ info ] [ BEHAVIOR ] Run Closure @app_init [ RunTime:0.001049s ]
[ info ] [ ROUTE ] array (
  'type' => 'module',
  'module' => 
  array (
    0 => '',
    1 => NULL,
    2 => NULL,
  ),
)
[ info ] [ HEADER ] array (
  'cookie' => 'PHPSESSID=994fvr1b5seherge5cl0a0nu16; Hm_lvt_f8d0a8c400404989e195270b0bbf060a=1517499898; Hm_lpvt_f8d0a8c400404989e195270b0bbf060a=1517792037',
  'accept-encoding' => 'gzip, deflate',
  'referer' => 'http://dt.julongjinrong.top/',
  'accept-language' => 'en-US',
  'user-agent' => 'Mozilla/5.0 (Linux; U; Android 6.0.1; zh-CN; PRO 6 Plus Build/MMB29T) AppleWebKit/537.36 (KHTML, like Gecko) Version/4.0 Chrome/40.0.2214.89 UCBrowser/11.6.6.951 UWS/2.11.0.42 Mobile Safari/537.36 AliApp(DingTalk/4.2.8) com.alibaba.android.rimet/0 Channel/228200 language/en-US',
  'accept' => 'text/html,application/xhtml+xml,application/xml;q=0.9,image/webp,*/*;q=0.8,UC/3009',
  'connection' => 'keep-alive',
  'host' => 'dt.julongjinrong.top',
  'content-type' => '',
  'content-length' => '',
)
[ info ] [ PARAM ] array (
)
[ info ] [ BEHAVIOR ] Run app\common\behavior\Common @module_init [ RunTime:0.000237s ]
[ info ] [ RUN ] app\index\controller\Index->index[ /home/wwwroot/dt.julongjinrong.top/application/index/controller/Index.php ]
[ info ] [ VIEW ] /home/wwwroot/dt.julongjinrong.top/public/../application/index/view/index/index.html [ array (
  0 => 'user',
  1 => 'site',
  2 => 'config',
) ]
[ info ] [ LOG ] INIT File
---------------------------------------------------------------
[ 2018-02-05T18:41:08+08:00 ] 113.57.246.130 GET /
[ info ] dt.julongjinrong.top/ [运行时间：0.025652s][吞吐率：38.98req/s] [内存消耗：2,251.09kb] [文件加载：63]
[ info ] [ BEHAVIOR ] Run Closure @app_init [ RunTime:0.000020s ]
[ info ] [ CACHE ] INIT File
[ info ] [ BEHAVIOR ] Run Closure @app_init [ RunTime:0.001003s ]
[ info ] [ ROUTE ] array (
  'type' => 'module',
  'module' => 
  array (
    0 => '',
    1 => NULL,
    2 => NULL,
  ),
)
[ info ] [ HEADER ] array (
  'cookie' => 'PHPSESSID=994fvr1b5seherge5cl0a0nu16; Hm_lvt_f8d0a8c400404989e195270b0bbf060a=1517499898; Hm_lpvt_f8d0a8c400404989e195270b0bbf060a=1517792037',
  'accept-encoding' => 'gzip, deflate',
  'referer' => 'http://dt.julongjinrong.top/',
  'accept-language' => 'en-US',
  'user-agent' => 'Mozilla/5.0 (Linux; U; Android 6.0.1; zh-CN; PRO 6 Plus Build/MMB29T) AppleWebKit/537.36 (KHTML, like Gecko) Version/4.0 Chrome/40.0.2214.89 UCBrowser/11.6.6.951 UWS/2.11.0.42 Mobile Safari/537.36 AliApp(DingTalk/4.2.8) com.alibaba.android.rimet/0 Channel/228200 language/en-US',
  'accept' => 'text/html,application/xhtml+xml,application/xml;q=0.9,image/webp,*/*;q=0.8,UC/3009',
  'connection' => 'keep-alive',
  'host' => 'dt.julongjinrong.top',
  'content-type' => '',
  'content-length' => '',
)
[ info ] [ PARAM ] array (
)
[ info ] [ BEHAVIOR ] Run app\common\behavior\Common @module_init [ RunTime:0.000224s ]
[ info ] [ RUN ] app\index\controller\Index->index[ /home/wwwroot/dt.julongjinrong.top/application/index/controller/Index.php ]
[ info ] [ VIEW ] /home/wwwroot/dt.julongjinrong.top/public/../application/index/view/index/index.html [ array (
  0 => 'user',
  1 => 'site',
  2 => 'config',
) ]
[ info ] [ LOG ] INIT File
---------------------------------------------------------------
[ 2018-02-05T18:41:09+08:00 ] 113.57.246.130 GET /favicon.ico
[ info ] dt.julongjinrong.top/favicon.ico [运行时间：0.022940s][吞吐率：43.59req/s] [内存消耗：1,614.03kb] [文件加载：52]
[ info ] [ BEHAVIOR ] Run Closure @app_init [ RunTime:0.000022s ]
[ info ] [ CACHE ] INIT File
[ info ] [ BEHAVIOR ] Run Closure @app_init [ RunTime:0.001278s ]
[ info ] [ ROUTE ] array (
  'type' => 'module',
  'module' => 
  array (
    0 => 'favicon.ico',
    1 => NULL,
    2 => NULL,
  ),
)
[ info ] [ HEADER ] array (
  'user-agent' => 'Mozilla/5.0 (Linux; U; Android 6.0.1; zh-CN; PRO 6 Plus Build/MMB29T) AppleWebKit/537.36 (KHTML, like Gecko) Version/4.0 Chrome/40.0.2214.89 UCBrowser/11.6.6.951 UWS/2.11.0.42 Mobile Safari/537.36 AliApp(DingTalk/4.2.8) com.alibaba.android.rimet/0 Channel/228200 language/en-US',
  'cookie' => 'PHPSESSID=994fvr1b5seherge5cl0a0nu16; Hm_lvt_f8d0a8c400404989e195270b0bbf060a=1517499898; Hm_lpvt_f8d0a8c400404989e195270b0bbf060a=1517827269',
  'accept-language' => 'en-US',
  'accept-encoding' => 'gzip, deflate',
  'accept' => '*/*',
  'connection' => 'keep-alive',
  'host' => 'dt.julongjinrong.top',
  'content-type' => '',
  'content-length' => '',
)
[ info ] [ PARAM ] array (
)
[ info ] [ LOG ] INIT File
