---------------------------------------------------------------
[ 2018-02-10T09:03:24+08:00 ] 42.156.251.191 GET /ding/index
[ info ] dt.julongjinrong.top/ding/index [运行时间：0.021687s][吞吐率：46.11req/s] [内存消耗：1,792.32kb] [文件加载：59]
[ info ] [ BEHAVIOR ] Run Closure @app_init [ RunTime:0.000028s ]
[ info ] [ CACHE ] INIT File
[ info ] [ BEHAVIOR ] Run Closure @app_init [ RunTime:0.001008s ]
[ info ] [ LANG ] /home/wwwroot/dt.julongjinrong.top/thinkphp/lang/zh-cn.php
[ info ] [ ROUTE ] array (
  'type' => 'module',
  'module' => 
  array (
    0 => 'ding',
    1 => 'index',
    2 => NULL,
  ),
)
[ info ] [ HEADER ] array (
  'host' => 'dt.julongjinrong.top',
  'accept-language' => 'zh-CN,zh;q=0.8,en;q=0.6',
  'cookie' => '__cfduid=d775560ffa622b2e739fa1f411caa89e71518224604; expires=Sun, 10-Feb-19 01:03:24 GMT; path=/; domain=.877cf.com; HttpOnly',
  'accept-encoding' => 'gzip, deflate',
  'user-agent' => 'Mozilla/5.0 (Linux; Android 7.0; BLN-AL20 Build/HONORBLN-AL20; wv) AppleWebKit/537.36 (KHTML, like Gecko) Version/4.0 Chrome/58.0.3029.83 Mobile Safari/537.36 Tx(LX/8.2.2) AliTrip/8.2.2',
  'accept' => 'text/html,application/xhtml+xml,application/xml;q=0.9,image/webp,*/*;q=0.8',
  'connection' => 'close',
  'content-type' => '',
  'content-length' => '',
)
[ info ] [ PARAM ] array (
)
[ info ] [ BEHAVIOR ] Run app\common\behavior\Common @module_init [ RunTime:0.000227s ]
[ info ] [ RUN ] app\ding\controller\Index->index[ /home/wwwroot/dt.julongjinrong.top/application/ding/controller/Index.php ]
[ info ] [ VIEW ] /home/wwwroot/dt.julongjinrong.top/public/../application/ding/view/index/index.html [ array (
) ]
[ info ] [ LOG ] INIT File
---------------------------------------------------------------
[ 2018-02-10T09:03:24+08:00 ] 42.156.251.191 GET /ding/index
[ info ] dt.julongjinrong.top/ding/index [运行时间：0.024851s][吞吐率：40.24req/s] [内存消耗：1,790.19kb] [文件加载：59]
[ info ] [ BEHAVIOR ] Run Closure @app_init [ RunTime:0.000016s ]
[ info ] [ CACHE ] INIT File
[ info ] [ BEHAVIOR ] Run Closure @app_init [ RunTime:0.001000s ]
[ info ] [ LANG ] /home/wwwroot/dt.julongjinrong.top/thinkphp/lang/zh-cn.php
[ info ] [ ROUTE ] array (
  'type' => 'module',
  'module' => 
  array (
    0 => 'ding',
    1 => 'index',
    2 => NULL,
  ),
)
[ info ] [ HEADER ] array (
  'host' => 'dt.julongjinrong.top',
  'accept-language' => 'zh-CN,en,*',
  'accept-encoding' => 'gzip, deflate',
  'connection' => 'Keep-Alive',
  'user-agent' => 'Mozilla/5.0 (Linux; Android 7.0; BLN-AL20 Build/HONORBLN-AL20; wv) AppleWebKit/537.36 (KHTML, like Gecko) Version/4.0 Chrome/58.0.3029.83 Mobile Safari/537.36 Tx(LX/8.2.2) AliTrip/8.2.2',
  'accept' => 'text/html,application/xhtml+xml,application/xml;q=0.9,*/*;q=0.8',
  'content-type' => '',
  'content-length' => '',
)
[ info ] [ PARAM ] array (
)
[ info ] [ BEHAVIOR ] Run app\common\behavior\Common @module_init [ RunTime:0.000219s ]
[ info ] [ RUN ] app\ding\controller\Index->index[ /home/wwwroot/dt.julongjinrong.top/application/ding/controller/Index.php ]
[ info ] [ VIEW ] /home/wwwroot/dt.julongjinrong.top/public/../application/ding/view/index/index.html [ array (
) ]
[ info ] [ LOG ] INIT File
---------------------------------------------------------------
[ 2018-02-10T09:03:24+08:00 ] 59.175.124.48 GET /ding/index
[ info ] dt.julongjinrong.top/ding/index [运行时间：0.021264s][吞吐率：47.03req/s] [内存消耗：1,792.58kb] [文件加载：59]
[ info ] [ BEHAVIOR ] Run Closure @app_init [ RunTime:0.000015s ]
[ info ] [ CACHE ] INIT File
[ info ] [ BEHAVIOR ] Run Closure @app_init [ RunTime:0.000979s ]
[ info ] [ LANG ] /home/wwwroot/dt.julongjinrong.top/thinkphp/lang/zh-cn.php
[ info ] [ ROUTE ] array (
  'type' => 'module',
  'module' => 
  array (
    0 => 'ding',
    1 => 'index',
    2 => NULL,
  ),
)
[ info ] [ HEADER ] array (
  'connection' => 'keep-alive',
  'accept-encoding' => 'gzip, deflate',
  'accept-language' => 'zh-cn',
  'user-agent' => 'Mozilla/5.0 (iPhone; CPU iPhone OS 11_2_1 like Mac OS X) AppleWebKit/604.4.7 (KHTML, like Gecko) Mobile/15C153 AliApp(DingTalk/4.2.8) com.laiwang.DingTalk/3130734 Channel/201200 language/zh-Hans-CN',
  'accept' => 'text/html,application/xhtml+xml,application/xml;q=0.9,*/*;q=0.8',
  'upgrade-insecure-requests' => '1',
  'dingtalk-flag' => '1',
  'cookie' => 'Hm_lvt_f8d0a8c400404989e195270b0bbf060a=1517810087,1517968651',
  'host' => 'dt.julongjinrong.top',
  'content-type' => '',
  'content-length' => '',
)
[ info ] [ PARAM ] array (
)
[ info ] [ BEHAVIOR ] Run app\common\behavior\Common @module_init [ RunTime:0.000182s ]
[ info ] [ RUN ] app\ding\controller\Index->index[ /home/wwwroot/dt.julongjinrong.top/application/ding/controller/Index.php ]
[ info ] [ VIEW ] /home/wwwroot/dt.julongjinrong.top/public/../application/ding/view/index/index.html [ array (
) ]
[ info ] [ LOG ] INIT File
---------------------------------------------------------------
[ 2018-02-10T09:03:28+08:00 ] 59.175.124.48 GET /ding/collect_case/index
[ info ] dt.julongjinrong.top/ding/collect_case/index [运行时间：0.023238s][吞吐率：43.03req/s] [内存消耗：1,795.37kb] [文件加载：59]
[ info ] [ BEHAVIOR ] Run Closure @app_init [ RunTime:0.000019s ]
[ info ] [ CACHE ] INIT File
[ info ] [ BEHAVIOR ] Run Closure @app_init [ RunTime:0.001133s ]
[ info ] [ LANG ] /home/wwwroot/dt.julongjinrong.top/thinkphp/lang/zh-cn.php
[ info ] [ ROUTE ] array (
  'type' => 'module',
  'module' => 
  array (
    0 => 'ding',
    1 => 'collect_case',
    2 => 'index',
  ),
)
[ info ] [ HEADER ] array (
  'accept-encoding' => 'gzip, deflate',
  'accept-language' => 'zh-cn',
  'referer' => 'http://dt.julongjinrong.top/ding/index',
  'user-agent' => 'Mozilla/5.0 (iPhone; CPU iPhone OS 11_2_1 like Mac OS X) AppleWebKit/604.4.7 (KHTML, like Gecko) Mobile/15C153 AliApp(DingTalk/4.2.8) com.laiwang.DingTalk/3130734 Channel/201200 language/zh-Hans-CN',
  'accept' => 'text/html,application/xhtml+xml,application/xml;q=0.9,*/*;q=0.8',
  'upgrade-insecure-requests' => '1',
  'dingtalk-flag' => '1',
  'connection' => 'keep-alive',
  'cookie' => 'Hm_lvt_f8d0a8c400404989e195270b0bbf060a=1517810087,1517968651',
  'host' => 'dt.julongjinrong.top',
  'content-type' => '',
  'content-length' => '',
)
[ info ] [ PARAM ] array (
)
[ info ] [ BEHAVIOR ] Run app\common\behavior\Common @module_init [ RunTime:0.000209s ]
[ info ] [ RUN ] app\ding\controller\CollectCase->index[ /home/wwwroot/dt.julongjinrong.top/application/ding/controller/CollectCase.php ]
[ info ] [ VIEW ] /home/wwwroot/dt.julongjinrong.top/public/../application/ding/view/collect_case/index.html [ array (
) ]
[ info ] [ LOG ] INIT File
---------------------------------------------------------------
[ 2018-02-10T09:03:30+08:00 ] 59.175.124.48 GET /ding/collect_case/crown_case
[ info ] dt.julongjinrong.top/ding/collect_case/crown_case [运行时间：0.022500s][吞吐率：44.44req/s] [内存消耗：1,800.97kb] [文件加载：59]
[ info ] [ BEHAVIOR ] Run Closure @app_init [ RunTime:0.000018s ]
[ info ] [ CACHE ] INIT File
[ info ] [ BEHAVIOR ] Run Closure @app_init [ RunTime:0.001082s ]
[ info ] [ LANG ] /home/wwwroot/dt.julongjinrong.top/thinkphp/lang/zh-cn.php
[ info ] [ ROUTE ] array (
  'type' => 'module',
  'module' => 
  array (
    0 => 'ding',
    1 => 'collect_case',
    2 => 'crown_case',
  ),
)
[ info ] [ HEADER ] array (
  'accept-encoding' => 'gzip, deflate',
  'accept-language' => 'zh-cn',
  'referer' => 'http://dt.julongjinrong.top/ding/collect_case/index',
  'user-agent' => 'Mozilla/5.0 (iPhone; CPU iPhone OS 11_2_1 like Mac OS X) AppleWebKit/604.4.7 (KHTML, like Gecko) Mobile/15C153 AliApp(DingTalk/4.2.8) com.laiwang.DingTalk/3130734 Channel/201200 language/zh-Hans-CN',
  'accept' => 'text/html,application/xhtml+xml,application/xml;q=0.9,*/*;q=0.8',
  'upgrade-insecure-requests' => '1',
  'dingtalk-flag' => '1',
  'connection' => 'keep-alive',
  'cookie' => 'Hm_lvt_f8d0a8c400404989e195270b0bbf060a=1517810087,1517968651',
  'host' => 'dt.julongjinrong.top',
  'content-type' => '',
  'content-length' => '',
)
[ info ] [ PARAM ] array (
)
[ info ] [ BEHAVIOR ] Run app\common\behavior\Common @module_init [ RunTime:0.000197s ]
[ info ] [ RUN ] app\ding\controller\CollectCase->crown_case[ /home/wwwroot/dt.julongjinrong.top/application/ding/controller/CollectCase.php ]
[ info ] [ VIEW ] /home/wwwroot/dt.julongjinrong.top/public/../application/ding/view/collect_case/crown_case.html [ array (
) ]
[ info ] [ LOG ] INIT File
---------------------------------------------------------------
[ 2018-02-10T09:03:55+08:00 ] 59.175.124.48 GET /ding/manage_case/index
[ info ] dt.julongjinrong.top/ding/manage_case/index [运行时间：0.022730s][吞吐率：43.99req/s] [内存消耗：1,798.02kb] [文件加载：59]
[ info ] [ BEHAVIOR ] Run Closure @app_init [ RunTime:0.000019s ]
[ info ] [ CACHE ] INIT File
[ info ] [ BEHAVIOR ] Run Closure @app_init [ RunTime:0.001004s ]
[ info ] [ LANG ] /home/wwwroot/dt.julongjinrong.top/thinkphp/lang/zh-cn.php
[ info ] [ ROUTE ] array (
  'type' => 'module',
  'module' => 
  array (
    0 => 'ding',
    1 => 'manage_case',
    2 => 'index',
  ),
)
[ info ] [ HEADER ] array (
  'accept-encoding' => 'gzip, deflate',
  'accept-language' => 'zh-cn',
  'referer' => 'http://dt.julongjinrong.top/ding/index',
  'user-agent' => 'Mozilla/5.0 (iPhone; CPU iPhone OS 11_2_1 like Mac OS X) AppleWebKit/604.4.7 (KHTML, like Gecko) Mobile/15C153 AliApp(DingTalk/4.2.8) com.laiwang.DingTalk/3130734 Channel/201200 language/zh-Hans-CN',
  'accept' => 'text/html,application/xhtml+xml,application/xml;q=0.9,*/*;q=0.8',
  'upgrade-insecure-requests' => '1',
  'dingtalk-flag' => '1',
  'connection' => 'keep-alive',
  'cookie' => 'Hm_lvt_f8d0a8c400404989e195270b0bbf060a=1517810087,1517968651',
  'host' => 'dt.julongjinrong.top',
  'content-type' => '',
  'content-length' => '',
)
[ info ] [ PARAM ] array (
)
[ info ] [ BEHAVIOR ] Run app\common\behavior\Common @module_init [ RunTime:0.000191s ]
[ info ] [ RUN ] app\ding\controller\ManageCase->index[ /home/wwwroot/dt.julongjinrong.top/application/ding/controller/ManageCase.php ]
[ info ] [ VIEW ] /home/wwwroot/dt.julongjinrong.top/public/../application/ding/view/manage_case/index.html [ array (
) ]
[ info ] [ LOG ] INIT File
---------------------------------------------------------------
[ 2018-02-10T09:03:56+08:00 ] 59.175.124.48 GET /ding/manage_case/info_case
[ info ] dt.julongjinrong.top/ding/manage_case/info_case [运行时间：0.021338s][吞吐率：46.86req/s] [内存消耗：1,810.59kb] [文件加载：59]
[ info ] [ BEHAVIOR ] Run Closure @app_init [ RunTime:0.000017s ]
[ info ] [ CACHE ] INIT File
[ info ] [ BEHAVIOR ] Run Closure @app_init [ RunTime:0.001025s ]
[ info ] [ LANG ] /home/wwwroot/dt.julongjinrong.top/thinkphp/lang/zh-cn.php
[ info ] [ ROUTE ] array (
  'type' => 'module',
  'module' => 
  array (
    0 => 'ding',
    1 => 'manage_case',
    2 => 'info_case',
  ),
)
[ info ] [ HEADER ] array (
  'accept-encoding' => 'gzip, deflate',
  'accept-language' => 'zh-cn',
  'referer' => 'http://dt.julongjinrong.top/ding/manage_case/index',
  'user-agent' => 'Mozilla/5.0 (iPhone; CPU iPhone OS 11_2_1 like Mac OS X) AppleWebKit/604.4.7 (KHTML, like Gecko) Mobile/15C153 AliApp(DingTalk/4.2.8) com.laiwang.DingTalk/3130734 Channel/201200 language/zh-Hans-CN',
  'accept' => 'text/html,application/xhtml+xml,application/xml;q=0.9,*/*;q=0.8',
  'upgrade-insecure-requests' => '1',
  'dingtalk-flag' => '1',
  'connection' => 'keep-alive',
  'cookie' => 'Hm_lvt_f8d0a8c400404989e195270b0bbf060a=1517810087,1517968651',
  'host' => 'dt.julongjinrong.top',
  'content-type' => '',
  'content-length' => '',
)
[ info ] [ PARAM ] array (
)
[ info ] [ BEHAVIOR ] Run app\common\behavior\Common @module_init [ RunTime:0.000190s ]
[ info ] [ RUN ] app\ding\controller\ManageCase->info_case[ /home/wwwroot/dt.julongjinrong.top/application/ding/controller/ManageCase.php ]
[ info ] [ VIEW ] /home/wwwroot/dt.julongjinrong.top/public/../application/ding/view/manage_case/info_case.html [ array (
) ]
[ info ] [ LOG ] INIT File
---------------------------------------------------------------
[ 2018-02-10T09:04:06+08:00 ] 59.175.124.48 GET /ding/collect_case/index
[ info ] dt.julongjinrong.top/ding/collect_case/index [运行时间：0.022409s][吞吐率：44.63req/s] [内存消耗：1,795.37kb] [文件加载：59]
[ info ] [ BEHAVIOR ] Run Closure @app_init [ RunTime:0.000019s ]
[ info ] [ CACHE ] INIT File
[ info ] [ BEHAVIOR ] Run Closure @app_init [ RunTime:0.001076s ]
[ info ] [ LANG ] /home/wwwroot/dt.julongjinrong.top/thinkphp/lang/zh-cn.php
[ info ] [ ROUTE ] array (
  'type' => 'module',
  'module' => 
  array (
    0 => 'ding',
    1 => 'collect_case',
    2 => 'index',
  ),
)
[ info ] [ HEADER ] array (
  'accept-encoding' => 'gzip, deflate',
  'accept-language' => 'zh-cn',
  'referer' => 'http://dt.julongjinrong.top/ding/index',
  'user-agent' => 'Mozilla/5.0 (iPhone; CPU iPhone OS 11_2_1 like Mac OS X) AppleWebKit/604.4.7 (KHTML, like Gecko) Mobile/15C153 AliApp(DingTalk/4.2.8) com.laiwang.DingTalk/3130734 Channel/201200 language/zh-Hans-CN',
  'accept' => 'text/html,application/xhtml+xml,application/xml;q=0.9,*/*;q=0.8',
  'upgrade-insecure-requests' => '1',
  'dingtalk-flag' => '1',
  'connection' => 'keep-alive',
  'cookie' => 'Hm_lvt_f8d0a8c400404989e195270b0bbf060a=1517810087,1517968651',
  'host' => 'dt.julongjinrong.top',
  'content-type' => '',
  'content-length' => '',
)
[ info ] [ PARAM ] array (
)
[ info ] [ BEHAVIOR ] Run app\common\behavior\Common @module_init [ RunTime:0.000198s ]
[ info ] [ RUN ] app\ding\controller\CollectCase->index[ /home/wwwroot/dt.julongjinrong.top/application/ding/controller/CollectCase.php ]
[ info ] [ VIEW ] /home/wwwroot/dt.julongjinrong.top/public/../application/ding/view/collect_case/index.html [ array (
) ]
[ info ] [ LOG ] INIT File
---------------------------------------------------------------
[ 2018-02-10T09:04:08+08:00 ] 59.175.124.48 GET /ding/collect_case/crown_case
[ info ] dt.julongjinrong.top/ding/collect_case/crown_case [运行时间：0.022573s][吞吐率：44.30req/s] [内存消耗：1,800.97kb] [文件加载：59]
[ info ] [ BEHAVIOR ] Run Closure @app_init [ RunTime:0.000019s ]
[ info ] [ CACHE ] INIT File
[ info ] [ BEHAVIOR ] Run Closure @app_init [ RunTime:0.001105s ]
[ info ] [ LANG ] /home/wwwroot/dt.julongjinrong.top/thinkphp/lang/zh-cn.php
[ info ] [ ROUTE ] array (
  'type' => 'module',
  'module' => 
  array (
    0 => 'ding',
    1 => 'collect_case',
    2 => 'crown_case',
  ),
)
[ info ] [ HEADER ] array (
  'accept-encoding' => 'gzip, deflate',
  'accept-language' => 'zh-cn',
  'referer' => 'http://dt.julongjinrong.top/ding/collect_case/index',
  'user-agent' => 'Mozilla/5.0 (iPhone; CPU iPhone OS 11_2_1 like Mac OS X) AppleWebKit/604.4.7 (KHTML, like Gecko) Mobile/15C153 AliApp(DingTalk/4.2.8) com.laiwang.DingTalk/3130734 Channel/201200 language/zh-Hans-CN',
  'accept' => 'text/html,application/xhtml+xml,application/xml;q=0.9,*/*;q=0.8',
  'upgrade-insecure-requests' => '1',
  'dingtalk-flag' => '1',
  'connection' => 'keep-alive',
  'cookie' => 'Hm_lvt_f8d0a8c400404989e195270b0bbf060a=1517810087,1517968651',
  'host' => 'dt.julongjinrong.top',
  'content-type' => '',
  'content-length' => '',
)
[ info ] [ PARAM ] array (
)
[ info ] [ BEHAVIOR ] Run app\common\behavior\Common @module_init [ RunTime:0.000218s ]
[ info ] [ RUN ] app\ding\controller\CollectCase->crown_case[ /home/wwwroot/dt.julongjinrong.top/application/ding/controller/CollectCase.php ]
[ info ] [ VIEW ] /home/wwwroot/dt.julongjinrong.top/public/../application/ding/view/collect_case/crown_case.html [ array (
) ]
[ info ] [ LOG ] INIT File
---------------------------------------------------------------
[ 2018-02-10T09:07:52+08:00 ] 59.175.124.48 GET /ding/individual_account/index
[ info ] dt.julongjinrong.top/ding/individual_account/index [运行时间：0.021796s][吞吐率：45.88req/s] [内存消耗：1,850.13kb] [文件加载：60]
[ info ] [ BEHAVIOR ] Run Closure @app_init [ RunTime:0.000019s ]
[ info ] [ CACHE ] INIT File
[ info ] [ BEHAVIOR ] Run Closure @app_init [ RunTime:0.001010s ]
[ info ] [ LANG ] /home/wwwroot/dt.julongjinrong.top/thinkphp/lang/zh-cn.php
[ info ] [ ROUTE ] array (
  'type' => 'module',
  'module' => 
  array (
    0 => 'ding',
    1 => 'individual_account',
    2 => 'index',
  ),
)
[ info ] [ HEADER ] array (
  'accept-encoding' => 'gzip, deflate',
  'accept-language' => 'zh-cn',
  'referer' => 'http://dt.julongjinrong.top/ding/index',
  'user-agent' => 'Mozilla/5.0 (iPhone; CPU iPhone OS 11_2_1 like Mac OS X) AppleWebKit/604.4.7 (KHTML, like Gecko) Mobile/15C153 AliApp(DingTalk/4.2.8) com.laiwang.DingTalk/3130734 Channel/201200 language/zh-Hans-CN',
  'accept' => 'text/html,application/xhtml+xml,application/xml;q=0.9,*/*;q=0.8',
  'upgrade-insecure-requests' => '1',
  'dingtalk-flag' => '1',
  'connection' => 'keep-alive',
  'cookie' => 'Hm_lvt_f8d0a8c400404989e195270b0bbf060a=1517810087,1517968651',
  'host' => 'dt.julongjinrong.top',
  'content-type' => '',
  'content-length' => '',
)
[ info ] [ PARAM ] array (
)
[ info ] [ BEHAVIOR ] Run app\common\behavior\Common @module_init [ RunTime:0.000194s ]
[ info ] [ RUN ] app\ding\controller\IndividualAccount->index[ /home/wwwroot/dt.julongjinrong.top/application/ding/controller/IndividualAccount.php ]
[ info ] [ VIEW ] /home/wwwroot/dt.julongjinrong.top/public/../application/ding/view/individual_account/index.html [ array (
) ]
[ info ] [ LOG ] INIT File
---------------------------------------------------------------
[ 2018-02-10T09:08:06+08:00 ] 59.175.124.48 GET /ding/expend_case/index.html
[ info ] dt.julongjinrong.top/ding/expend_case/index.html [运行时间：0.022308s][吞吐率：44.83req/s] [内存消耗：1,791.62kb] [文件加载：59]
[ info ] [ BEHAVIOR ] Run Closure @app_init [ RunTime:0.000021s ]
[ info ] [ CACHE ] INIT File
[ info ] [ BEHAVIOR ] Run Closure @app_init [ RunTime:0.001055s ]
[ info ] [ LANG ] /home/wwwroot/dt.julongjinrong.top/thinkphp/lang/zh-cn.php
[ info ] [ ROUTE ] array (
  'type' => 'module',
  'module' => 
  array (
    0 => 'ding',
    1 => 'expend_case',
    2 => 'index',
  ),
)
[ info ] [ HEADER ] array (
  'accept-encoding' => 'gzip, deflate',
  'accept-language' => 'zh-cn',
  'referer' => 'http://dt.julongjinrong.top/ding/individual_account/index',
  'user-agent' => 'Mozilla/5.0 (iPhone; CPU iPhone OS 11_2_1 like Mac OS X) AppleWebKit/604.4.7 (KHTML, like Gecko) Mobile/15C153 AliApp(DingTalk/4.2.8) com.laiwang.DingTalk/3130734 Channel/201200 language/zh-Hans-CN',
  'accept' => 'text/html,application/xhtml+xml,application/xml;q=0.9,*/*;q=0.8',
  'upgrade-insecure-requests' => '1',
  'dingtalk-flag' => '1',
  'connection' => 'keep-alive',
  'cookie' => 'Hm_lvt_f8d0a8c400404989e195270b0bbf060a=1517810087,1517968651',
  'host' => 'dt.julongjinrong.top',
  'content-type' => '',
  'content-length' => '',
)
[ info ] [ PARAM ] array (
)
[ info ] [ BEHAVIOR ] Run app\common\behavior\Common @module_init [ RunTime:0.000192s ]
[ info ] [ RUN ] app\ding\controller\ExpendCase->index[ /home/wwwroot/dt.julongjinrong.top/application/ding/controller/ExpendCase.php ]
[ info ] [ VIEW ] /home/wwwroot/dt.julongjinrong.top/public/../application/ding/view/expend_case/index.html [ array (
) ]
[ info ] [ LOG ] INIT File
---------------------------------------------------------------
[ 2018-02-10T10:02:38+08:00 ] 198.13.62.247 GET /
[ info ] dt.julongjinrong.top/ [运行时间：0.026149s][吞吐率：38.24req/s] [内存消耗：2,290.70kb] [文件加载：66]
[ info ] [ BEHAVIOR ] Run Closure @app_init [ RunTime:0.000019s ]
[ info ] [ CACHE ] INIT File
[ info ] [ BEHAVIOR ] Run Closure @app_init [ RunTime:0.001004s ]
[ info ] [ LANG ] /home/wwwroot/dt.julongjinrong.top/thinkphp/lang/zh-cn.php
[ info ] [ ROUTE ] array (
  'type' => 'module',
  'module' => 
  array (
    0 => '',
    1 => NULL,
    2 => NULL,
  ),
)
[ info ] [ HEADER ] array (
  'x-forwarded-for' => '198.13.62.247',
  'accept-encoding' => 'gzip,deflate,br',
  'user-agent' => 'Mozilla/5.0 (X11; Linux x86_64) AppleWebKit/537.36 (KHTML, like Gecko) Chrome/49.0.2623.75 Safari/537.36 Google Favicon',
  'accept' => 'text/html,application/xhtml+xml,application/xml;q=0.9,*/*;q=0.8',
  'connection' => 'keep-alive',
  'host' => 'dt.julongjinrong.top',
  'content-type' => '',
  'content-length' => '',
)
[ info ] [ PARAM ] array (
)
[ info ] [ LANG ] /home/wwwroot/dt.julongjinrong.top/public/../application/index/lang/zh-cn.php
[ info ] [ BEHAVIOR ] Run app\common\behavior\Common @module_init [ RunTime:0.000188s ]
[ info ] [ LANG ] /home/wwwroot/dt.julongjinrong.top/public/../application/index/lang/zh-cn/index.php
[ info ] [ RUN ] app\index\controller\Index->index[ /home/wwwroot/dt.julongjinrong.top/application/index/controller/Index.php ]
[ info ] [ VIEW ] /home/wwwroot/dt.julongjinrong.top/public/../application/index/view/index/index.html [ array (
  0 => 'user',
  1 => 'site',
  2 => 'config',
) ]
[ info ] [ LOG ] INIT File
---------------------------------------------------------------
[ 2018-02-10T10:02:39+08:00 ] 198.13.62.247 GET /favicon.ico
[ info ] dt.julongjinrong.top/favicon.ico [运行时间：0.019712s][吞吐率：50.73req/s] [内存消耗：1,630.92kb] [文件加载：53]
[ info ] [ BEHAVIOR ] Run Closure @app_init [ RunTime:0.000019s ]
[ info ] [ CACHE ] INIT File
[ info ] [ BEHAVIOR ] Run Closure @app_init [ RunTime:0.001028s ]
[ info ] [ LANG ] /home/wwwroot/dt.julongjinrong.top/thinkphp/lang/zh-cn.php
[ info ] [ ROUTE ] array (
  'type' => 'module',
  'module' => 
  array (
    0 => 'favicon.ico',
    1 => NULL,
    2 => NULL,
  ),
)
[ info ] [ HEADER ] array (
  'x-forwarded-for' => '198.13.62.247',
  'accept-encoding' => 'gzip,deflate,br',
  'user-agent' => 'Mozilla/5.0 (X11; Linux x86_64) AppleWebKit/537.36 (KHTML, like Gecko) Chrome/49.0.2623.75 Safari/537.36 Google Favicon',
  'accept' => 'image/*',
  'connection' => 'keep-alive',
  'host' => 'dt.julongjinrong.top',
  'content-type' => '',
  'content-length' => '',
)
[ info ] [ PARAM ] array (
)
[ info ] [ LOG ] INIT File
---------------------------------------------------------------
[ 2018-02-10T10:08:32+08:00 ] 106.11.226.29 GET /
[ info ] dt.julongjinrong.top/ [运行时间：0.026047s][吞吐率：38.39req/s] [内存消耗：2,292.40kb] [文件加载：66]
[ info ] [ BEHAVIOR ] Run Closure @app_init [ RunTime:0.000019s ]
[ info ] [ CACHE ] INIT File
[ info ] [ BEHAVIOR ] Run Closure @app_init [ RunTime:0.001034s ]
[ info ] [ LANG ] /home/wwwroot/dt.julongjinrong.top/thinkphp/lang/zh-cn.php
[ info ] [ ROUTE ] array (
  'type' => 'module',
  'module' => 
  array (
    0 => '',
    1 => NULL,
    2 => NULL,
  ),
)
[ info ] [ HEADER ] array (
  'connection' => 'keep-alive',
  'accept' => 'text/html, image/gif, image/jpeg, *; q=.2, */*; q=.2',
  'host' => 'dt.julongjinrong.top',
  'pragma' => 'no-cache',
  'cache-control' => 'no-cache',
  'user-agent' => 'Mozilla/5.0 (iPad; CPU OS 9_1 like Mac OS X) AppleWebKit/601.1.46 (KHTML, like Gecko) Version/9.0 Mobile/13B143 Safari/601.1',
  'accept-encoding' => 'gzip',
  'content-type' => '',
  'content-length' => '',
)
[ info ] [ PARAM ] array (
)
[ info ] [ LANG ] /home/wwwroot/dt.julongjinrong.top/public/../application/index/lang/zh-cn.php
[ info ] [ BEHAVIOR ] Run app\common\behavior\Common @module_init [ RunTime:0.000195s ]
[ info ] [ LANG ] /home/wwwroot/dt.julongjinrong.top/public/../application/index/lang/zh-cn/index.php
[ info ] [ RUN ] app\index\controller\Index->index[ /home/wwwroot/dt.julongjinrong.top/application/index/controller/Index.php ]
[ info ] [ VIEW ] /home/wwwroot/dt.julongjinrong.top/public/../application/index/view/index/index.html [ array (
  0 => 'user',
  1 => 'site',
  2 => 'config',
) ]
[ info ] [ LOG ] INIT File
---------------------------------------------------------------
[ 2018-02-10T10:17:12+08:00 ] 59.175.124.48 GET /ding/index
[ info ] dt.julongjinrong.top/ding/index [运行时间：0.021366s][吞吐率：46.80req/s] [内存消耗：1,792.58kb] [文件加载：59]
[ info ] [ BEHAVIOR ] Run Closure @app_init [ RunTime:0.000019s ]
[ info ] [ CACHE ] INIT File
[ info ] [ BEHAVIOR ] Run Closure @app_init [ RunTime:0.001019s ]
[ info ] [ LANG ] /home/wwwroot/dt.julongjinrong.top/thinkphp/lang/zh-cn.php
[ info ] [ ROUTE ] array (
  'type' => 'module',
  'module' => 
  array (
    0 => 'ding',
    1 => 'index',
    2 => NULL,
  ),
)
[ info ] [ HEADER ] array (
  'connection' => 'keep-alive',
  'accept-encoding' => 'gzip, deflate',
  'accept-language' => 'zh-cn',
  'user-agent' => 'Mozilla/5.0 (iPhone; CPU iPhone OS 11_2_5 like Mac OS X) AppleWebKit/604.5.6 (KHTML, like Gecko) Mobile/15D60 AliApp(DingTalk/4.2.8) com.laiwang.DingTalk/3130734 Channel/201200 language/zh-Hans-CN',
  'accept' => 'text/html,application/xhtml+xml,application/xml;q=0.9,*/*;q=0.8',
  'upgrade-insecure-requests' => '1',
  'dingtalk-flag' => '1',
  'cookie' => 'Hm_lvt_f8d0a8c400404989e195270b0bbf060a=1517538895,1517971912',
  'host' => 'dt.julongjinrong.top',
  'content-type' => '',
  'content-length' => '',
)
[ info ] [ PARAM ] array (
)
[ info ] [ BEHAVIOR ] Run app\common\behavior\Common @module_init [ RunTime:0.000203s ]
[ info ] [ RUN ] app\ding\controller\Index->index[ /home/wwwroot/dt.julongjinrong.top/application/ding/controller/Index.php ]
[ info ] [ VIEW ] /home/wwwroot/dt.julongjinrong.top/public/../application/ding/view/index/index.html [ array (
) ]
[ info ] [ LOG ] INIT File
---------------------------------------------------------------
[ 2018-02-10T12:03:47+08:00 ] 117.136.23.133 GET /ding/index
[ info ] dt.julongjinrong.top/ding/index [运行时间：0.021117s][吞吐率：47.36req/s] [内存消耗：1,793.42kb] [文件加载：59]
[ info ] [ BEHAVIOR ] Run Closure @app_init [ RunTime:0.000019s ]
[ info ] [ CACHE ] INIT File
[ info ] [ BEHAVIOR ] Run Closure @app_init [ RunTime:0.001009s ]
[ info ] [ LANG ] /home/wwwroot/dt.julongjinrong.top/thinkphp/lang/zh-cn.php
[ info ] [ ROUTE ] array (
  'type' => 'module',
  'module' => 
  array (
    0 => 'ding',
    1 => 'index',
    2 => NULL,
  ),
)
[ info ] [ HEADER ] array (
  'cookie' => 'PHPSESSID=994fvr1b5seherge5cl0a0nu16; Hm_lvt_f8d0a8c400404989e195270b0bbf060a=1517499898; Hm_lpvt_f8d0a8c400404989e195270b0bbf060a=1518106505',
  'accept-encoding' => 'gzip, deflate',
  'referer' => 'http://dt.julongjinrong.top/ding/index',
  'accept-language' => 'zh-CN',
  'user-agent' => 'Mozilla/5.0 (Linux; U; Android 6.0.1; zh-CN; PRO 6 Plus Build/MMB29T) AppleWebKit/537.36 (KHTML, like Gecko) Version/4.0 Chrome/40.0.2214.89 UCBrowser/11.6.6.951 UWS/2.11.0.42 Mobile Safari/537.36 AliApp(DingTalk/4.2.8) com.alibaba.android.rimet/0 Channel/228200 language/zh-CN',
  'accept' => 'text/html,application/xhtml+xml,application/xml;q=0.9,image/webp,*/*;q=0.8,UC/3009',
  'connection' => 'keep-alive',
  'host' => 'dt.julongjinrong.top',
  'content-type' => '',
  'content-length' => '',
)
[ info ] [ PARAM ] array (
)
[ info ] [ BEHAVIOR ] Run app\common\behavior\Common @module_init [ RunTime:0.000189s ]
[ info ] [ RUN ] app\ding\controller\Index->index[ /home/wwwroot/dt.julongjinrong.top/application/ding/controller/Index.php ]
[ info ] [ VIEW ] /home/wwwroot/dt.julongjinrong.top/public/../application/ding/view/index/index.html [ array (
) ]
[ info ] [ LOG ] INIT File
---------------------------------------------------------------
[ 2018-02-10T12:03:48+08:00 ] 117.136.23.133 GET /favicon.ico
[ info ] dt.julongjinrong.top/favicon.ico [运行时间：0.019962s][吞吐率：50.09req/s] [内存消耗：1,634.39kb] [文件加载：53]
[ info ] [ BEHAVIOR ] Run Closure @app_init [ RunTime:0.000018s ]
[ info ] [ CACHE ] INIT File
[ info ] [ BEHAVIOR ] Run Closure @app_init [ RunTime:0.001011s ]
[ info ] [ LANG ] /home/wwwroot/dt.julongjinrong.top/thinkphp/lang/zh-cn.php
[ info ] [ ROUTE ] array (
  'type' => 'module',
  'module' => 
  array (
    0 => 'favicon.ico',
    1 => NULL,
    2 => NULL,
  ),
)
[ info ] [ HEADER ] array (
  'user-agent' => 'Mozilla/5.0 (Linux; U; Android 6.0.1; zh-CN; PRO 6 Plus Build/MMB29T) AppleWebKit/537.36 (KHTML, like Gecko) Version/4.0 Chrome/40.0.2214.89 UCBrowser/11.6.6.951 UWS/2.11.0.42 Mobile Safari/537.36 AliApp(DingTalk/4.2.8) com.alibaba.android.rimet/0 Channel/228200 language/zh-CN',
  'cookie' => 'PHPSESSID=994fvr1b5seherge5cl0a0nu16; Hm_lvt_f8d0a8c400404989e195270b0bbf060a=1517499898; Hm_lpvt_f8d0a8c400404989e195270b0bbf060a=1518106505',
  'accept-language' => 'zh-CN,en-US;q=0.8',
  'accept-encoding' => 'gzip, deflate',
  'accept' => '*/*',
  'connection' => 'keep-alive',
  'host' => 'dt.julongjinrong.top',
  'content-type' => '',
  'content-length' => '',
)
[ info ] [ PARAM ] array (
)
[ info ] [ LOG ] INIT File
---------------------------------------------------------------
[ 2018-02-10T12:03:49+08:00 ] 117.136.23.133 GET /ding/index
[ info ] dt.julongjinrong.top/ding/index [运行时间：0.021710s][吞吐率：46.06req/s] [内存消耗：1,793.42kb] [文件加载：59]
[ info ] [ BEHAVIOR ] Run Closure @app_init [ RunTime:0.000059s ]
[ info ] [ CACHE ] INIT File
[ info ] [ BEHAVIOR ] Run Closure @app_init [ RunTime:0.001026s ]
[ info ] [ LANG ] /home/wwwroot/dt.julongjinrong.top/thinkphp/lang/zh-cn.php
[ info ] [ ROUTE ] array (
  'type' => 'module',
  'module' => 
  array (
    0 => 'ding',
    1 => 'index',
    2 => NULL,
  ),
)
[ info ] [ HEADER ] array (
  'cookie' => 'PHPSESSID=994fvr1b5seherge5cl0a0nu16; Hm_lvt_f8d0a8c400404989e195270b0bbf060a=1517499898; Hm_lpvt_f8d0a8c400404989e195270b0bbf060a=1518106505',
  'accept-encoding' => 'gzip, deflate',
  'referer' => 'http://dt.julongjinrong.top/ding/index',
  'accept-language' => 'zh-CN',
  'user-agent' => 'Mozilla/5.0 (Linux; U; Android 6.0.1; zh-CN; PRO 6 Plus Build/MMB29T) AppleWebKit/537.36 (KHTML, like Gecko) Version/4.0 Chrome/40.0.2214.89 UCBrowser/11.6.6.951 UWS/2.11.0.42 Mobile Safari/537.36 AliApp(DingTalk/4.2.8) com.alibaba.android.rimet/0 Channel/228200 language/zh-CN',
  'accept' => 'text/html,application/xhtml+xml,application/xml;q=0.9,image/webp,*/*;q=0.8,UC/3009',
  'connection' => 'keep-alive',
  'host' => 'dt.julongjinrong.top',
  'content-type' => '',
  'content-length' => '',
)
[ info ] [ PARAM ] array (
)
[ info ] [ BEHAVIOR ] Run app\common\behavior\Common @module_init [ RunTime:0.000246s ]
[ info ] [ RUN ] app\ding\controller\Index->index[ /home/wwwroot/dt.julongjinrong.top/application/ding/controller/Index.php ]
[ info ] [ VIEW ] /home/wwwroot/dt.julongjinrong.top/public/../application/ding/view/index/index.html [ array (
) ]
[ info ] [ LOG ] INIT File
---------------------------------------------------------------
[ 2018-02-10T12:03:49+08:00 ] 42.156.251.201 GET /ding/index
[ info ] dt.julongjinrong.top/ding/index [运行时间：0.022115s][吞吐率：45.22req/s] [内存消耗：1,791.98kb] [文件加载：59]
[ info ] [ BEHAVIOR ] Run Closure @app_init [ RunTime:0.000017s ]
[ info ] [ CACHE ] INIT File
[ info ] [ BEHAVIOR ] Run Closure @app_init [ RunTime:0.001036s ]
[ info ] [ LANG ] /home/wwwroot/dt.julongjinrong.top/thinkphp/lang/zh-cn.php
[ info ] [ ROUTE ] array (
  'type' => 'module',
  'module' => 
  array (
    0 => 'ding',
    1 => 'index',
    2 => NULL,
  ),
)
[ info ] [ HEADER ] array (
  'host' => 'dt.julongjinrong.top',
  'accept-language' => 'zh-CN,zh;q=0.8,en;q=0.6',
  'cookie' => 'PHPSESSID=jl2h3pn8inmdbfg6l7s3d7qvn2; path=/',
  'accept-encoding' => 'gzip, deflate',
  'user-agent' => 'Mozilla/5.0 (Linux; Android 5.0.2; SM-A5000 Build/LRX22C  ) AppleWebKit/603.1.30 (KHTML, like Gecko) Version/10.0 Mobile/14E304 Safari/602.1',
  'accept' => 'text/html,application/xhtml+xml,application/xml;q=0.9,image/webp,*/*;q=0.8',
  'connection' => 'close',
  'content-type' => '',
  'content-length' => '',
)
[ info ] [ PARAM ] array (
)
[ info ] [ BEHAVIOR ] Run app\common\behavior\Common @module_init [ RunTime:0.000191s ]
[ info ] [ RUN ] app\ding\controller\Index->index[ /home/wwwroot/dt.julongjinrong.top/application/ding/controller/Index.php ]
[ info ] [ VIEW ] /home/wwwroot/dt.julongjinrong.top/public/../application/ding/view/index/index.html [ array (
) ]
[ info ] [ LOG ] INIT File
---------------------------------------------------------------
[ 2018-02-10T12:03:49+08:00 ] 117.136.23.133 GET /favicon.ico
[ info ] dt.julongjinrong.top/favicon.ico [运行时间：0.019513s][吞吐率：51.25req/s] [内存消耗：1,634.39kb] [文件加载：53]
[ info ] [ BEHAVIOR ] Run Closure @app_init [ RunTime:0.000014s ]
[ info ] [ CACHE ] INIT File
[ info ] [ BEHAVIOR ] Run Closure @app_init [ RunTime:0.001046s ]
[ info ] [ LANG ] /home/wwwroot/dt.julongjinrong.top/thinkphp/lang/zh-cn.php
[ info ] [ ROUTE ] array (
  'type' => 'module',
  'module' => 
  array (
    0 => 'favicon.ico',
    1 => NULL,
    2 => NULL,
  ),
)
[ info ] [ HEADER ] array (
  'user-agent' => 'Mozilla/5.0 (Linux; U; Android 6.0.1; zh-CN; PRO 6 Plus Build/MMB29T) AppleWebKit/537.36 (KHTML, like Gecko) Version/4.0 Chrome/40.0.2214.89 UCBrowser/11.6.6.951 UWS/2.11.0.42 Mobile Safari/537.36 AliApp(DingTalk/4.2.8) com.alibaba.android.rimet/0 Channel/228200 language/zh-CN',
  'cookie' => 'PHPSESSID=994fvr1b5seherge5cl0a0nu16; Hm_lvt_f8d0a8c400404989e195270b0bbf060a=1517499898; Hm_lpvt_f8d0a8c400404989e195270b0bbf060a=1518106505',
  'accept-language' => 'zh-CN,en-US;q=0.8',
  'accept-encoding' => 'gzip, deflate',
  'accept' => '*/*',
  'connection' => 'keep-alive',
  'host' => 'dt.julongjinrong.top',
  'content-type' => '',
  'content-length' => '',
)
[ info ] [ PARAM ] array (
)
[ info ] [ LOG ] INIT File
---------------------------------------------------------------
[ 2018-02-10T12:03:49+08:00 ] 42.156.251.201 GET /ding/index
[ info ] dt.julongjinrong.top/ding/index [运行时间：0.022148s][吞吐率：45.15req/s] [内存消耗：1,789.50kb] [文件加载：59]
[ info ] [ BEHAVIOR ] Run Closure @app_init [ RunTime:0.000016s ]
[ info ] [ CACHE ] INIT File
[ info ] [ BEHAVIOR ] Run Closure @app_init [ RunTime:0.001210s ]
[ info ] [ LANG ] /home/wwwroot/dt.julongjinrong.top/thinkphp/lang/zh-cn.php
[ info ] [ ROUTE ] array (
  'type' => 'module',
  'module' => 
  array (
    0 => 'ding',
    1 => 'index',
    2 => NULL,
  ),
)
[ info ] [ HEADER ] array (
  'host' => 'dt.julongjinrong.top',
  'accept-language' => 'zh-CN,en,*',
  'accept-encoding' => 'gzip, deflate',
  'connection' => 'Keep-Alive',
  'user-agent' => 'Mozilla/5.0 (Linux; Android 6.0.1; SM-G9006W Build/LRX22C) AppleWebKit/537.36 (KHTML, like Gecko) SamsungBrowser/3.0 Chrome/38.0.2125.102 Mobile Safari/537.36',
  'accept' => 'text/html,application/xhtml+xml,application/xml;q=0.9,*/*;q=0.8',
  'content-type' => '',
  'content-length' => '',
)
[ info ] [ PARAM ] array (
)
[ info ] [ BEHAVIOR ] Run app\common\behavior\Common @module_init [ RunTime:0.000192s ]
[ info ] [ RUN ] app\ding\controller\Index->index[ /home/wwwroot/dt.julongjinrong.top/application/ding/controller/Index.php ]
[ info ] [ VIEW ] /home/wwwroot/dt.julongjinrong.top/public/../application/ding/view/index/index.html [ array (
) ]
[ info ] [ LOG ] INIT File
---------------------------------------------------------------
[ 2018-02-10T15:36:37+08:00 ] 42.156.250.244 GET /ding/index
[ info ] dt.julongjinrong.top/ding/index [运行时间：0.022553s][吞吐率：44.34req/s] [内存消耗：1,791.98kb] [文件加载：59]
[ info ] [ BEHAVIOR ] Run Closure @app_init [ RunTime:0.000020s ]
[ info ] [ CACHE ] INIT File
[ info ] [ BEHAVIOR ] Run Closure @app_init [ RunTime:0.001066s ]
[ info ] [ LANG ] /home/wwwroot/dt.julongjinrong.top/thinkphp/lang/zh-cn.php
[ info ] [ ROUTE ] array (
  'type' => 'module',
  'module' => 
  array (
    0 => 'ding',
    1 => 'index',
    2 => NULL,
  ),
)
[ info ] [ HEADER ] array (
  'host' => 'dt.julongjinrong.top',
  'accept-language' => 'zh-CN,zh;q=0.8,en;q=0.6',
  'cookie' => 'ASPSESSIONIDQSBBSSCA=EHNFDMCDPGBLDLMEMCBPHOHJ; path=/',
  'accept-encoding' => 'gzip, deflate',
  'user-agent' => 'Mozilla/5.0 (Linux; Android 6.0.1; SM-N9100 Build/LRX22C  ) AppleWebKit/603.2.4 (KHTML, like Gecko) Version/10.0 Mobile/14F89 Safari/602.1',
  'accept' => 'text/html,application/xhtml+xml,application/xml;q=0.9,image/webp,*/*;q=0.8',
  'connection' => 'close',
  'content-type' => '',
  'content-length' => '',
)
[ info ] [ PARAM ] array (
)
[ info ] [ BEHAVIOR ] Run app\common\behavior\Common @module_init [ RunTime:0.000198s ]
[ info ] [ RUN ] app\ding\controller\Index->index[ /home/wwwroot/dt.julongjinrong.top/application/ding/controller/Index.php ]
[ info ] [ VIEW ] /home/wwwroot/dt.julongjinrong.top/public/../application/ding/view/index/index.html [ array (
) ]
[ info ] [ LOG ] INIT File
---------------------------------------------------------------
[ 2018-02-10T15:36:37+08:00 ] 42.156.250.244 GET /ding/index
[ info ] dt.julongjinrong.top/ding/index [运行时间：0.022046s][吞吐率：45.36req/s] [内存消耗：1,789.50kb] [文件加载：59]
[ info ] [ BEHAVIOR ] Run Closure @app_init [ RunTime:0.000016s ]
[ info ] [ CACHE ] INIT File
[ info ] [ BEHAVIOR ] Run Closure @app_init [ RunTime:0.001012s ]
[ info ] [ LANG ] /home/wwwroot/dt.julongjinrong.top/thinkphp/lang/zh-cn.php
[ info ] [ ROUTE ] array (
  'type' => 'module',
  'module' => 
  array (
    0 => 'ding',
    1 => 'index',
    2 => NULL,
  ),
)
[ info ] [ HEADER ] array (
  'host' => 'dt.julongjinrong.top',
  'accept-language' => 'zh-CN,en,*',
  'accept-encoding' => 'gzip, deflate',
  'connection' => 'Keep-Alive',
  'user-agent' => 'Mozilla/5.0 (Linux; Android 6.0.1; SM-N9100 Build/LRX22C  ) AppleWebKit/603.2.4 (KHTML, like Gecko) Version/10.0 Mobile/14F89 Safari/602.1',
  'accept' => 'text/html,application/xhtml+xml,application/xml;q=0.9,*/*;q=0.8',
  'content-type' => '',
  'content-length' => '',
)
[ info ] [ PARAM ] array (
)
[ info ] [ BEHAVIOR ] Run app\common\behavior\Common @module_init [ RunTime:0.000203s ]
[ info ] [ RUN ] app\ding\controller\Index->index[ /home/wwwroot/dt.julongjinrong.top/application/ding/controller/Index.php ]
[ info ] [ VIEW ] /home/wwwroot/dt.julongjinrong.top/public/../application/ding/view/index/index.html [ array (
) ]
[ info ] [ LOG ] INIT File
---------------------------------------------------------------
[ 2018-02-10T15:36:38+08:00 ] 117.136.23.133 GET /ding/index
[ info ] dt.julongjinrong.top/ding/index [运行时间：0.022417s][吞吐率：44.61req/s] [内存消耗：1,793.42kb] [文件加载：59]
[ info ] [ BEHAVIOR ] Run Closure @app_init [ RunTime:0.000018s ]
[ info ] [ CACHE ] INIT File
[ info ] [ BEHAVIOR ] Run Closure @app_init [ RunTime:0.001033s ]
[ info ] [ LANG ] /home/wwwroot/dt.julongjinrong.top/thinkphp/lang/zh-cn.php
[ info ] [ ROUTE ] array (
  'type' => 'module',
  'module' => 
  array (
    0 => 'ding',
    1 => 'index',
    2 => NULL,
  ),
)
[ info ] [ HEADER ] array (
  'cookie' => 'PHPSESSID=994fvr1b5seherge5cl0a0nu16; Hm_lvt_f8d0a8c400404989e195270b0bbf060a=1517499898; Hm_lpvt_f8d0a8c400404989e195270b0bbf060a=1518106505',
  'accept-encoding' => 'gzip, deflate',
  'referer' => 'http://dt.julongjinrong.top/ding/index',
  'accept-language' => 'zh-CN',
  'user-agent' => 'Mozilla/5.0 (Linux; U; Android 6.0.1; zh-CN; PRO 6 Plus Build/MMB29T) AppleWebKit/537.36 (KHTML, like Gecko) Version/4.0 Chrome/40.0.2214.89 UCBrowser/11.6.6.951 UWS/2.11.0.42 Mobile Safari/537.36 AliApp(DingTalk/4.2.8) com.alibaba.android.rimet/0 Channel/228200 language/zh-CN',
  'accept' => 'text/html,application/xhtml+xml,application/xml;q=0.9,image/webp,*/*;q=0.8,UC/3009',
  'connection' => 'keep-alive',
  'host' => 'dt.julongjinrong.top',
  'content-type' => '',
  'content-length' => '',
)
[ info ] [ PARAM ] array (
)
[ info ] [ BEHAVIOR ] Run app\common\behavior\Common @module_init [ RunTime:0.000203s ]
[ info ] [ RUN ] app\ding\controller\Index->index[ /home/wwwroot/dt.julongjinrong.top/application/ding/controller/Index.php ]
[ info ] [ VIEW ] /home/wwwroot/dt.julongjinrong.top/public/../application/ding/view/index/index.html [ array (
) ]
[ info ] [ LOG ] INIT File
---------------------------------------------------------------
[ 2018-02-10T15:36:38+08:00 ] 117.136.23.133 GET /favicon.ico
[ info ] dt.julongjinrong.top/favicon.ico [运行时间：0.020147s][吞吐率：49.63req/s] [内存消耗：1,634.39kb] [文件加载：53]
[ info ] [ BEHAVIOR ] Run Closure @app_init [ RunTime:0.000019s ]
[ info ] [ CACHE ] INIT File
[ info ] [ BEHAVIOR ] Run Closure @app_init [ RunTime:0.001056s ]
[ info ] [ LANG ] /home/wwwroot/dt.julongjinrong.top/thinkphp/lang/zh-cn.php
[ info ] [ ROUTE ] array (
  'type' => 'module',
  'module' => 
  array (
    0 => 'favicon.ico',
    1 => NULL,
    2 => NULL,
  ),
)
[ info ] [ HEADER ] array (
  'user-agent' => 'Mozilla/5.0 (Linux; U; Android 6.0.1; zh-CN; PRO 6 Plus Build/MMB29T) AppleWebKit/537.36 (KHTML, like Gecko) Version/4.0 Chrome/40.0.2214.89 UCBrowser/11.6.6.951 UWS/2.11.0.42 Mobile Safari/537.36 AliApp(DingTalk/4.2.8) com.alibaba.android.rimet/0 Channel/228200 language/zh-CN',
  'cookie' => 'PHPSESSID=994fvr1b5seherge5cl0a0nu16; Hm_lvt_f8d0a8c400404989e195270b0bbf060a=1517499898; Hm_lpvt_f8d0a8c400404989e195270b0bbf060a=1518106505',
  'accept-language' => 'zh-CN,en-US;q=0.8',
  'accept-encoding' => 'gzip, deflate',
  'accept' => '*/*',
  'connection' => 'keep-alive',
  'host' => 'dt.julongjinrong.top',
  'content-type' => '',
  'content-length' => '',
)
[ info ] [ PARAM ] array (
)
[ info ] [ LOG ] INIT File
---------------------------------------------------------------
[ 2018-02-10T15:36:39+08:00 ] 117.136.23.133 GET /ding/index
[ info ] dt.julongjinrong.top/ding/index [运行时间：0.028066s][吞吐率：35.63req/s] [内存消耗：1,793.42kb] [文件加载：59]
[ info ] [ BEHAVIOR ] Run Closure @app_init [ RunTime:0.000023s ]
[ info ] [ CACHE ] INIT File
[ info ] [ BEHAVIOR ] Run Closure @app_init [ RunTime:0.001388s ]
[ info ] [ LANG ] /home/wwwroot/dt.julongjinrong.top/thinkphp/lang/zh-cn.php
[ info ] [ ROUTE ] array (
  'type' => 'module',
  'module' => 
  array (
    0 => 'ding',
    1 => 'index',
    2 => NULL,
  ),
)
[ info ] [ HEADER ] array (
  'cookie' => 'PHPSESSID=994fvr1b5seherge5cl0a0nu16; Hm_lvt_f8d0a8c400404989e195270b0bbf060a=1517499898; Hm_lpvt_f8d0a8c400404989e195270b0bbf060a=1518106505',
  'accept-encoding' => 'gzip, deflate',
  'referer' => 'http://dt.julongjinrong.top/ding/index',
  'accept-language' => 'zh-CN',
  'user-agent' => 'Mozilla/5.0 (Linux; U; Android 6.0.1; zh-CN; PRO 6 Plus Build/MMB29T) AppleWebKit/537.36 (KHTML, like Gecko) Version/4.0 Chrome/40.0.2214.89 UCBrowser/11.6.6.951 UWS/2.11.0.42 Mobile Safari/537.36 AliApp(DingTalk/4.2.8) com.alibaba.android.rimet/0 Channel/228200 language/zh-CN',
  'accept' => 'text/html,application/xhtml+xml,application/xml;q=0.9,image/webp,*/*;q=0.8,UC/3009',
  'connection' => 'keep-alive',
  'host' => 'dt.julongjinrong.top',
  'content-type' => '',
  'content-length' => '',
)
[ info ] [ PARAM ] array (
)
[ info ] [ BEHAVIOR ] Run app\common\behavior\Common @module_init [ RunTime:0.000256s ]
[ info ] [ RUN ] app\ding\controller\Index->index[ /home/wwwroot/dt.julongjinrong.top/application/ding/controller/Index.php ]
[ info ] [ VIEW ] /home/wwwroot/dt.julongjinrong.top/public/../application/ding/view/index/index.html [ array (
) ]
[ info ] [ LOG ] INIT File
---------------------------------------------------------------
[ 2018-02-10T15:36:40+08:00 ] 117.136.23.133 GET /favicon.ico
[ info ] dt.julongjinrong.top/favicon.ico [运行时间：0.018964s][吞吐率：52.73req/s] [内存消耗：1,634.39kb] [文件加载：53]
[ info ] [ BEHAVIOR ] Run Closure @app_init [ RunTime:0.000018s ]
[ info ] [ CACHE ] INIT File
[ info ] [ BEHAVIOR ] Run Closure @app_init [ RunTime:0.001028s ]
[ info ] [ LANG ] /home/wwwroot/dt.julongjinrong.top/thinkphp/lang/zh-cn.php
[ info ] [ ROUTE ] array (
  'type' => 'module',
  'module' => 
  array (
    0 => 'favicon.ico',
    1 => NULL,
    2 => NULL,
  ),
)
[ info ] [ HEADER ] array (
  'user-agent' => 'Mozilla/5.0 (Linux; U; Android 6.0.1; zh-CN; PRO 6 Plus Build/MMB29T) AppleWebKit/537.36 (KHTML, like Gecko) Version/4.0 Chrome/40.0.2214.89 UCBrowser/11.6.6.951 UWS/2.11.0.42 Mobile Safari/537.36 AliApp(DingTalk/4.2.8) com.alibaba.android.rimet/0 Channel/228200 language/zh-CN',
  'cookie' => 'PHPSESSID=994fvr1b5seherge5cl0a0nu16; Hm_lvt_f8d0a8c400404989e195270b0bbf060a=1517499898; Hm_lpvt_f8d0a8c400404989e195270b0bbf060a=1518106505',
  'accept-language' => 'zh-CN,en-US;q=0.8',
  'accept-encoding' => 'gzip, deflate',
  'accept' => '*/*',
  'connection' => 'keep-alive',
  'host' => 'dt.julongjinrong.top',
  'content-type' => '',
  'content-length' => '',
)
[ info ] [ PARAM ] array (
)
[ info ] [ LOG ] INIT File
---------------------------------------------------------------
[ 2018-02-10T17:04:40+08:00 ] 117.136.23.133 GET /ding/index
[ info ] dt.julongjinrong.top/ding/index [运行时间：0.023820s][吞吐率：41.98req/s] [内存消耗：1,793.42kb] [文件加载：59]
[ info ] [ BEHAVIOR ] Run Closure @app_init [ RunTime:0.000022s ]
[ info ] [ CACHE ] INIT File
[ info ] [ BEHAVIOR ] Run Closure @app_init [ RunTime:0.001042s ]
[ info ] [ LANG ] /home/wwwroot/dt.julongjinrong.top/thinkphp/lang/zh-cn.php
[ info ] [ ROUTE ] array (
  'type' => 'module',
  'module' => 
  array (
    0 => 'ding',
    1 => 'index',
    2 => NULL,
  ),
)
[ info ] [ HEADER ] array (
  'cookie' => 'PHPSESSID=994fvr1b5seherge5cl0a0nu16; Hm_lvt_f8d0a8c400404989e195270b0bbf060a=1517499898; Hm_lpvt_f8d0a8c400404989e195270b0bbf060a=1518106505',
  'accept-encoding' => 'gzip, deflate',
  'referer' => 'http://dt.julongjinrong.top/ding/index',
  'accept-language' => 'zh-CN',
  'user-agent' => 'Mozilla/5.0 (Linux; U; Android 6.0.1; zh-CN; PRO 6 Plus Build/MMB29T) AppleWebKit/537.36 (KHTML, like Gecko) Version/4.0 Chrome/40.0.2214.89 UCBrowser/11.6.6.951 UWS/2.11.0.42 Mobile Safari/537.36 AliApp(DingTalk/4.2.8) com.alibaba.android.rimet/0 Channel/228200 language/zh-CN',
  'accept' => 'text/html,application/xhtml+xml,application/xml;q=0.9,image/webp,*/*;q=0.8,UC/3009',
  'connection' => 'keep-alive',
  'host' => 'dt.julongjinrong.top',
  'content-type' => '',
  'content-length' => '',
)
[ info ] [ PARAM ] array (
)
[ info ] [ BEHAVIOR ] Run app\common\behavior\Common @module_init [ RunTime:0.000195s ]
[ info ] [ RUN ] app\ding\controller\Index->index[ /home/wwwroot/dt.julongjinrong.top/application/ding/controller/Index.php ]
[ info ] [ VIEW ] /home/wwwroot/dt.julongjinrong.top/public/../application/ding/view/index/index.html [ array (
) ]
[ info ] [ LOG ] INIT File
---------------------------------------------------------------
[ 2018-02-10T17:04:41+08:00 ] 117.136.23.133 GET /favicon.ico
[ info ] dt.julongjinrong.top/favicon.ico [运行时间：0.019957s][吞吐率：50.11req/s] [内存消耗：1,634.39kb] [文件加载：53]
[ info ] [ BEHAVIOR ] Run Closure @app_init [ RunTime:0.000019s ]
[ info ] [ CACHE ] INIT File
[ info ] [ BEHAVIOR ] Run Closure @app_init [ RunTime:0.001050s ]
[ info ] [ LANG ] /home/wwwroot/dt.julongjinrong.top/thinkphp/lang/zh-cn.php
[ info ] [ ROUTE ] array (
  'type' => 'module',
  'module' => 
  array (
    0 => 'favicon.ico',
    1 => NULL,
    2 => NULL,
  ),
)
[ info ] [ HEADER ] array (
  'user-agent' => 'Mozilla/5.0 (Linux; U; Android 6.0.1; zh-CN; PRO 6 Plus Build/MMB29T) AppleWebKit/537.36 (KHTML, like Gecko) Version/4.0 Chrome/40.0.2214.89 UCBrowser/11.6.6.951 UWS/2.11.0.42 Mobile Safari/537.36 AliApp(DingTalk/4.2.8) com.alibaba.android.rimet/0 Channel/228200 language/zh-CN',
  'cookie' => 'PHPSESSID=994fvr1b5seherge5cl0a0nu16; Hm_lvt_f8d0a8c400404989e195270b0bbf060a=1517499898; Hm_lpvt_f8d0a8c400404989e195270b0bbf060a=1518106505',
  'accept-language' => 'zh-CN,en-US;q=0.8',
  'accept-encoding' => 'gzip, deflate',
  'accept' => '*/*',
  'connection' => 'keep-alive',
  'host' => 'dt.julongjinrong.top',
  'content-type' => '',
  'content-length' => '',
)
[ info ] [ PARAM ] array (
)
[ info ] [ LOG ] INIT File
---------------------------------------------------------------
[ 2018-02-10T17:04:42+08:00 ] 117.136.23.133 GET /ding/index
[ info ] dt.julongjinrong.top/ding/index [运行时间：0.021230s][吞吐率：47.10req/s] [内存消耗：1,793.42kb] [文件加载：59]
[ info ] [ BEHAVIOR ] Run Closure @app_init [ RunTime:0.000018s ]
[ info ] [ CACHE ] INIT File
[ info ] [ BEHAVIOR ] Run Closure @app_init [ RunTime:0.001061s ]
[ info ] [ LANG ] /home/wwwroot/dt.julongjinrong.top/thinkphp/lang/zh-cn.php
[ info ] [ ROUTE ] array (
  'type' => 'module',
  'module' => 
  array (
    0 => 'ding',
    1 => 'index',
    2 => NULL,
  ),
)
[ info ] [ HEADER ] array (
  'cookie' => 'PHPSESSID=994fvr1b5seherge5cl0a0nu16; Hm_lvt_f8d0a8c400404989e195270b0bbf060a=1517499898; Hm_lpvt_f8d0a8c400404989e195270b0bbf060a=1518106505',
  'accept-encoding' => 'gzip, deflate',
  'referer' => 'http://dt.julongjinrong.top/ding/index',
  'accept-language' => 'zh-CN',
  'user-agent' => 'Mozilla/5.0 (Linux; U; Android 6.0.1; zh-CN; PRO 6 Plus Build/MMB29T) AppleWebKit/537.36 (KHTML, like Gecko) Version/4.0 Chrome/40.0.2214.89 UCBrowser/11.6.6.951 UWS/2.11.0.42 Mobile Safari/537.36 AliApp(DingTalk/4.2.8) com.alibaba.android.rimet/0 Channel/228200 language/zh-CN',
  'accept' => 'text/html,application/xhtml+xml,application/xml;q=0.9,image/webp,*/*;q=0.8,UC/3009',
  'connection' => 'keep-alive',
  'host' => 'dt.julongjinrong.top',
  'content-type' => '',
  'content-length' => '',
)
[ info ] [ PARAM ] array (
)
[ info ] [ BEHAVIOR ] Run app\common\behavior\Common @module_init [ RunTime:0.000201s ]
[ info ] [ RUN ] app\ding\controller\Index->index[ /home/wwwroot/dt.julongjinrong.top/application/ding/controller/Index.php ]
[ info ] [ VIEW ] /home/wwwroot/dt.julongjinrong.top/public/../application/ding/view/index/index.html [ array (
) ]
[ info ] [ LOG ] INIT File
---------------------------------------------------------------
[ 2018-02-10T17:04:42+08:00 ] 117.136.23.133 GET /favicon.ico
[ info ] dt.julongjinrong.top/favicon.ico [运行时间：0.018895s][吞吐率：52.92req/s] [内存消耗：1,634.39kb] [文件加载：53]
[ info ] [ BEHAVIOR ] Run Closure @app_init [ RunTime:0.000019s ]
[ info ] [ CACHE ] INIT File
[ info ] [ BEHAVIOR ] Run Closure @app_init [ RunTime:0.000998s ]
[ info ] [ LANG ] /home/wwwroot/dt.julongjinrong.top/thinkphp/lang/zh-cn.php
[ info ] [ ROUTE ] array (
  'type' => 'module',
  'module' => 
  array (
    0 => 'favicon.ico',
    1 => NULL,
    2 => NULL,
  ),
)
[ info ] [ HEADER ] array (
  'user-agent' => 'Mozilla/5.0 (Linux; U; Android 6.0.1; zh-CN; PRO 6 Plus Build/MMB29T) AppleWebKit/537.36 (KHTML, like Gecko) Version/4.0 Chrome/40.0.2214.89 UCBrowser/11.6.6.951 UWS/2.11.0.42 Mobile Safari/537.36 AliApp(DingTalk/4.2.8) com.alibaba.android.rimet/0 Channel/228200 language/zh-CN',
  'cookie' => 'PHPSESSID=994fvr1b5seherge5cl0a0nu16; Hm_lvt_f8d0a8c400404989e195270b0bbf060a=1517499898; Hm_lpvt_f8d0a8c400404989e195270b0bbf060a=1518106505',
  'accept-language' => 'zh-CN,en-US;q=0.8',
  'accept-encoding' => 'gzip, deflate',
  'accept' => '*/*',
  'connection' => 'keep-alive',
  'host' => 'dt.julongjinrong.top',
  'content-type' => '',
  'content-length' => '',
)
[ info ] [ PARAM ] array (
)
[ info ] [ LOG ] INIT File
---------------------------------------------------------------
[ 2018-02-10T17:04:43+08:00 ] 42.156.251.191 GET /ding/index
[ info ] dt.julongjinrong.top/ding/index [运行时间：0.021086s][吞吐率：47.42req/s] [内存消耗：1,792.33kb] [文件加载：59]
[ info ] [ BEHAVIOR ] Run Closure @app_init [ RunTime:0.000018s ]
[ info ] [ CACHE ] INIT File
[ info ] [ BEHAVIOR ] Run Closure @app_init [ RunTime:0.001013s ]
[ info ] [ LANG ] /home/wwwroot/dt.julongjinrong.top/thinkphp/lang/zh-cn.php
[ info ] [ ROUTE ] array (
  'type' => 'module',
  'module' => 
  array (
    0 => 'ding',
    1 => 'index',
    2 => NULL,
  ),
)
[ info ] [ HEADER ] array (
  'host' => 'dt.julongjinrong.top',
  'accept-language' => 'zh-CN,zh;q=0.8,en;q=0.6',
  'cookie' => 'ECSCP_ID=402cfa4c85025596edccba9f3ab664bf; expires=Sun, 10-Feb-2019 09:04:43 GMT; path=/',
  'accept-encoding' => 'gzip, deflate',
  'user-agent' => 'Mozilla/5.0 (Linux; U; Android 6.0.1; zh-cn; OPPO R9sk Build/MMB29M) AppleWebKit/534.30 (KHTML, like Gecko) Version/4.0 UCBrowser/1.0.0.100 U3/0.8.0 Mobile Safari/534.30 AliApp(TB/6.7.0) WindVane/8.0.0 1080X1920 GCanvas/1.4.2.21',
  'accept' => 'text/html,application/xhtml+xml,application/xml;q=0.9,image/webp,*/*;q=0.8',
  'connection' => 'close',
  'content-type' => '',
  'content-length' => '',
)
[ info ] [ PARAM ] array (
)
[ info ] [ BEHAVIOR ] Run app\common\behavior\Common @module_init [ RunTime:0.000198s ]
[ info ] [ RUN ] app\ding\controller\Index->index[ /home/wwwroot/dt.julongjinrong.top/application/ding/controller/Index.php ]
[ info ] [ VIEW ] /home/wwwroot/dt.julongjinrong.top/public/../application/ding/view/index/index.html [ array (
) ]
[ info ] [ LOG ] INIT File
---------------------------------------------------------------
[ 2018-02-10T17:04:43+08:00 ] 42.156.251.191 GET /ding/index
[ info ] dt.julongjinrong.top/ding/index [运行时间：0.021709s][吞吐率：46.06req/s] [内存消耗：1,790.25kb] [文件加载：59]
[ info ] [ BEHAVIOR ] Run Closure @app_init [ RunTime:0.000016s ]
[ info ] [ CACHE ] INIT File
[ info ] [ BEHAVIOR ] Run Closure @app_init [ RunTime:0.000991s ]
[ info ] [ LANG ] /home/wwwroot/dt.julongjinrong.top/thinkphp/lang/zh-cn.php
[ info ] [ ROUTE ] array (
  'type' => 'module',
  'module' => 
  array (
    0 => 'ding',
    1 => 'index',
    2 => NULL,
  ),
)
[ info ] [ HEADER ] array (
  'host' => 'dt.julongjinrong.top',
  'accept-language' => 'zh-CN,en,*',
  'accept-encoding' => 'gzip, deflate',
  'connection' => 'Keep-Alive',
  'user-agent' => 'Mozilla/5.0 (Linux; U; Android 6.0.1; zh-cn; OPPO R9sk Build/MMB29M) AppleWebKit/534.30 (KHTML, like Gecko) Version/4.0 UCBrowser/1.0.0.100 U3/0.8.0 Mobile Safari/534.30 AliApp(TB/6.7.0) WindVane/8.0.0 1080X1920 GCanvas/1.4.2.21',
  'accept' => 'text/html,application/xhtml+xml,application/xml;q=0.9,*/*;q=0.8',
  'content-type' => '',
  'content-length' => '',
)
[ info ] [ PARAM ] array (
)
[ info ] [ BEHAVIOR ] Run app\common\behavior\Common @module_init [ RunTime:0.000191s ]
[ info ] [ RUN ] app\ding\controller\Index->index[ /home/wwwroot/dt.julongjinrong.top/application/ding/controller/Index.php ]
[ info ] [ VIEW ] /home/wwwroot/dt.julongjinrong.top/public/../application/ding/view/index/index.html [ array (
) ]
[ info ] [ LOG ] INIT File
---------------------------------------------------------------
[ 2018-02-10T17:22:30+08:00 ] 59.175.124.48 GET /ding/index
[ info ] dt.julongjinrong.top/ding/index [运行时间：0.021404s][吞吐率：46.72req/s] [内存消耗：1,792.58kb] [文件加载：59]
[ info ] [ BEHAVIOR ] Run Closure @app_init [ RunTime:0.000018s ]
[ info ] [ CACHE ] INIT File
[ info ] [ BEHAVIOR ] Run Closure @app_init [ RunTime:0.001001s ]
[ info ] [ LANG ] /home/wwwroot/dt.julongjinrong.top/thinkphp/lang/zh-cn.php
[ info ] [ ROUTE ] array (
  'type' => 'module',
  'module' => 
  array (
    0 => 'ding',
    1 => 'index',
    2 => NULL,
  ),
)
[ info ] [ HEADER ] array (
  'connection' => 'keep-alive',
  'accept-encoding' => 'gzip, deflate',
  'accept-language' => 'zh-cn',
  'user-agent' => 'Mozilla/5.0 (iPhone; CPU iPhone OS 11_2_1 like Mac OS X) AppleWebKit/604.4.7 (KHTML, like Gecko) Mobile/15C153 AliApp(DingTalk/4.2.8) com.laiwang.DingTalk/3130734 Channel/201200 language/zh-Hans-CN',
  'accept' => 'text/html,application/xhtml+xml,application/xml;q=0.9,*/*;q=0.8',
  'upgrade-insecure-requests' => '1',
  'dingtalk-flag' => '1',
  'cookie' => 'Hm_lvt_f8d0a8c400404989e195270b0bbf060a=1517810087,1517968651',
  'host' => 'dt.julongjinrong.top',
  'content-type' => '',
  'content-length' => '',
)
[ info ] [ PARAM ] array (
)
[ info ] [ BEHAVIOR ] Run app\common\behavior\Common @module_init [ RunTime:0.000237s ]
[ info ] [ RUN ] app\ding\controller\Index->index[ /home/wwwroot/dt.julongjinrong.top/application/ding/controller/Index.php ]
[ info ] [ VIEW ] /home/wwwroot/dt.julongjinrong.top/public/../application/ding/view/index/index.html [ array (
) ]
[ info ] [ LOG ] INIT File
---------------------------------------------------------------
[ 2018-02-10T17:22:33+08:00 ] 59.175.124.48 GET /ding/collect_case/index
[ info ] dt.julongjinrong.top/ding/collect_case/index [运行时间：0.022485s][吞吐率：44.47req/s] [内存消耗：1,795.37kb] [文件加载：59]
[ info ] [ BEHAVIOR ] Run Closure @app_init [ RunTime:0.000019s ]
[ info ] [ CACHE ] INIT File
[ info ] [ BEHAVIOR ] Run Closure @app_init [ RunTime:0.001160s ]
[ info ] [ LANG ] /home/wwwroot/dt.julongjinrong.top/thinkphp/lang/zh-cn.php
[ info ] [ ROUTE ] array (
  'type' => 'module',
  'module' => 
  array (
    0 => 'ding',
    1 => 'collect_case',
    2 => 'index',
  ),
)
[ info ] [ HEADER ] array (
  'accept-encoding' => 'gzip, deflate',
  'accept-language' => 'zh-cn',
  'referer' => 'http://dt.julongjinrong.top/ding/index',
  'user-agent' => 'Mozilla/5.0 (iPhone; CPU iPhone OS 11_2_1 like Mac OS X) AppleWebKit/604.4.7 (KHTML, like Gecko) Mobile/15C153 AliApp(DingTalk/4.2.8) com.laiwang.DingTalk/3130734 Channel/201200 language/zh-Hans-CN',
  'accept' => 'text/html,application/xhtml+xml,application/xml;q=0.9,*/*;q=0.8',
  'upgrade-insecure-requests' => '1',
  'dingtalk-flag' => '1',
  'connection' => 'keep-alive',
  'cookie' => 'Hm_lvt_f8d0a8c400404989e195270b0bbf060a=1517810087,1517968651',
  'host' => 'dt.julongjinrong.top',
  'content-type' => '',
  'content-length' => '',
)
[ info ] [ PARAM ] array (
)
[ info ] [ BEHAVIOR ] Run app\common\behavior\Common @module_init [ RunTime:0.000216s ]
[ info ] [ RUN ] app\ding\controller\CollectCase->index[ /home/wwwroot/dt.julongjinrong.top/application/ding/controller/CollectCase.php ]
[ info ] [ VIEW ] /home/wwwroot/dt.julongjinrong.top/public/../application/ding/view/collect_case/index.html [ array (
) ]
[ info ] [ LOG ] INIT File
---------------------------------------------------------------
[ 2018-02-10T17:22:36+08:00 ] 59.175.124.48 GET /ding/collect_case/crown_case
[ info ] dt.julongjinrong.top/ding/collect_case/crown_case [运行时间：0.022202s][吞吐率：45.04req/s] [内存消耗：1,800.97kb] [文件加载：59]
[ info ] [ BEHAVIOR ] Run Closure @app_init [ RunTime:0.000017s ]
[ info ] [ CACHE ] INIT File
[ info ] [ BEHAVIOR ] Run Closure @app_init [ RunTime:0.001057s ]
[ info ] [ LANG ] /home/wwwroot/dt.julongjinrong.top/thinkphp/lang/zh-cn.php
[ info ] [ ROUTE ] array (
  'type' => 'module',
  'module' => 
  array (
    0 => 'ding',
    1 => 'collect_case',
    2 => 'crown_case',
  ),
)
[ info ] [ HEADER ] array (
  'accept-encoding' => 'gzip, deflate',
  'accept-language' => 'zh-cn',
  'referer' => 'http://dt.julongjinrong.top/ding/collect_case/index',
  'user-agent' => 'Mozilla/5.0 (iPhone; CPU iPhone OS 11_2_1 like Mac OS X) AppleWebKit/604.4.7 (KHTML, like Gecko) Mobile/15C153 AliApp(DingTalk/4.2.8) com.laiwang.DingTalk/3130734 Channel/201200 language/zh-Hans-CN',
  'accept' => 'text/html,application/xhtml+xml,application/xml;q=0.9,*/*;q=0.8',
  'upgrade-insecure-requests' => '1',
  'dingtalk-flag' => '1',
  'connection' => 'keep-alive',
  'cookie' => 'Hm_lvt_f8d0a8c400404989e195270b0bbf060a=1517810087,1517968651',
  'host' => 'dt.julongjinrong.top',
  'content-type' => '',
  'content-length' => '',
)
[ info ] [ PARAM ] array (
)
[ info ] [ BEHAVIOR ] Run app\common\behavior\Common @module_init [ RunTime:0.000193s ]
[ info ] [ RUN ] app\ding\controller\CollectCase->crown_case[ /home/wwwroot/dt.julongjinrong.top/application/ding/controller/CollectCase.php ]
[ info ] [ VIEW ] /home/wwwroot/dt.julongjinrong.top/public/../application/ding/view/collect_case/crown_case.html [ array (
) ]
[ info ] [ LOG ] INIT File
---------------------------------------------------------------
[ 2018-02-10T17:22:39+08:00 ] 59.175.124.48 GET /ding/collect_case/administrative_case
[ info ] dt.julongjinrong.top/ding/collect_case/administrative_case [运行时间：0.022852s][吞吐率：43.76req/s] [内存消耗：1,801.12kb] [文件加载：59]
[ info ] [ BEHAVIOR ] Run Closure @app_init [ RunTime:0.000064s ]
[ info ] [ CACHE ] INIT File
[ info ] [ BEHAVIOR ] Run Closure @app_init [ RunTime:0.001078s ]
[ info ] [ LANG ] /home/wwwroot/dt.julongjinrong.top/thinkphp/lang/zh-cn.php
[ info ] [ ROUTE ] array (
  'type' => 'module',
  'module' => 
  array (
    0 => 'ding',
    1 => 'collect_case',
    2 => 'administrative_case',
  ),
)
[ info ] [ HEADER ] array (
  'accept-encoding' => 'gzip, deflate',
  'accept-language' => 'zh-cn',
  'referer' => 'http://dt.julongjinrong.top/ding/collect_case/index',
  'user-agent' => 'Mozilla/5.0 (iPhone; CPU iPhone OS 11_2_1 like Mac OS X) AppleWebKit/604.4.7 (KHTML, like Gecko) Mobile/15C153 AliApp(DingTalk/4.2.8) com.laiwang.DingTalk/3130734 Channel/201200 language/zh-Hans-CN',
  'accept' => 'text/html,application/xhtml+xml,application/xml;q=0.9,*/*;q=0.8',
  'upgrade-insecure-requests' => '1',
  'dingtalk-flag' => '1',
  'connection' => 'keep-alive',
  'cookie' => 'Hm_lvt_f8d0a8c400404989e195270b0bbf060a=1517810087,1517968651',
  'host' => 'dt.julongjinrong.top',
  'content-type' => '',
  'content-length' => '',
)
[ info ] [ PARAM ] array (
)
[ info ] [ BEHAVIOR ] Run app\common\behavior\Common @module_init [ RunTime:0.000240s ]
[ info ] [ RUN ] app\ding\controller\CollectCase->administrative_case[ /home/wwwroot/dt.julongjinrong.top/application/ding/controller/CollectCase.php ]
[ info ] [ VIEW ] /home/wwwroot/dt.julongjinrong.top/public/../application/ding/view/collect_case/administrative_case.html [ array (
) ]
[ info ] [ LOG ] INIT File
---------------------------------------------------------------
[ 2018-02-10T17:22:43+08:00 ] 59.175.124.48 GET /ding/manage_case/index
[ info ] dt.julongjinrong.top/ding/manage_case/index [运行时间：0.022169s][吞吐率：45.11req/s] [内存消耗：1,798.02kb] [文件加载：59]
[ info ] [ BEHAVIOR ] Run Closure @app_init [ RunTime:0.000019s ]
[ info ] [ CACHE ] INIT File
[ info ] [ BEHAVIOR ] Run Closure @app_init [ RunTime:0.001087s ]
[ info ] [ LANG ] /home/wwwroot/dt.julongjinrong.top/thinkphp/lang/zh-cn.php
[ info ] [ ROUTE ] array (
  'type' => 'module',
  'module' => 
  array (
    0 => 'ding',
    1 => 'manage_case',
    2 => 'index',
  ),
)
[ info ] [ HEADER ] array (
  'accept-encoding' => 'gzip, deflate',
  'accept-language' => 'zh-cn',
  'referer' => 'http://dt.julongjinrong.top/ding/index',
  'user-agent' => 'Mozilla/5.0 (iPhone; CPU iPhone OS 11_2_1 like Mac OS X) AppleWebKit/604.4.7 (KHTML, like Gecko) Mobile/15C153 AliApp(DingTalk/4.2.8) com.laiwang.DingTalk/3130734 Channel/201200 language/zh-Hans-CN',
  'accept' => 'text/html,application/xhtml+xml,application/xml;q=0.9,*/*;q=0.8',
  'upgrade-insecure-requests' => '1',
  'dingtalk-flag' => '1',
  'connection' => 'keep-alive',
  'cookie' => 'Hm_lvt_f8d0a8c400404989e195270b0bbf060a=1517810087,1517968651',
  'host' => 'dt.julongjinrong.top',
  'content-type' => '',
  'content-length' => '',
)
[ info ] [ PARAM ] array (
)
[ info ] [ BEHAVIOR ] Run app\common\behavior\Common @module_init [ RunTime:0.000202s ]
[ info ] [ RUN ] app\ding\controller\ManageCase->index[ /home/wwwroot/dt.julongjinrong.top/application/ding/controller/ManageCase.php ]
[ info ] [ VIEW ] /home/wwwroot/dt.julongjinrong.top/public/../application/ding/view/manage_case/index.html [ array (
) ]
[ info ] [ LOG ] INIT File
---------------------------------------------------------------
[ 2018-02-10T17:22:47+08:00 ] 59.175.124.48 GET /ding/manage_case/info_case
[ info ] dt.julongjinrong.top/ding/manage_case/info_case [运行时间：0.022442s][吞吐率：44.56req/s] [内存消耗：1,810.59kb] [文件加载：59]
[ info ] [ BEHAVIOR ] Run Closure @app_init [ RunTime:0.000018s ]
[ info ] [ CACHE ] INIT File
[ info ] [ BEHAVIOR ] Run Closure @app_init [ RunTime:0.001060s ]
[ info ] [ LANG ] /home/wwwroot/dt.julongjinrong.top/thinkphp/lang/zh-cn.php
[ info ] [ ROUTE ] array (
  'type' => 'module',
  'module' => 
  array (
    0 => 'ding',
    1 => 'manage_case',
    2 => 'info_case',
  ),
)
[ info ] [ HEADER ] array (
  'accept-encoding' => 'gzip, deflate',
  'accept-language' => 'zh-cn',
  'referer' => 'http://dt.julongjinrong.top/ding/manage_case/index',
  'user-agent' => 'Mozilla/5.0 (iPhone; CPU iPhone OS 11_2_1 like Mac OS X) AppleWebKit/604.4.7 (KHTML, like Gecko) Mobile/15C153 AliApp(DingTalk/4.2.8) com.laiwang.DingTalk/3130734 Channel/201200 language/zh-Hans-CN',
  'accept' => 'text/html,application/xhtml+xml,application/xml;q=0.9,*/*;q=0.8',
  'upgrade-insecure-requests' => '1',
  'dingtalk-flag' => '1',
  'connection' => 'keep-alive',
  'cookie' => 'Hm_lvt_f8d0a8c400404989e195270b0bbf060a=1517810087,1517968651',
  'host' => 'dt.julongjinrong.top',
  'content-type' => '',
  'content-length' => '',
)
[ info ] [ PARAM ] array (
)
[ info ] [ BEHAVIOR ] Run app\common\behavior\Common @module_init [ RunTime:0.000251s ]
[ info ] [ RUN ] app\ding\controller\ManageCase->info_case[ /home/wwwroot/dt.julongjinrong.top/application/ding/controller/ManageCase.php ]
[ info ] [ VIEW ] /home/wwwroot/dt.julongjinrong.top/public/../application/ding/view/manage_case/info_case.html [ array (
) ]
[ info ] [ LOG ] INIT File
---------------------------------------------------------------
[ 2018-02-10T17:22:53+08:00 ] 59.175.124.48 GET /ding/chapter_case/index
[ info ] dt.julongjinrong.top/ding/chapter_case/index [运行时间：0.022949s][吞吐率：43.57req/s] [内存消耗：1,806.22kb] [文件加载：59]
[ info ] [ BEHAVIOR ] Run Closure @app_init [ RunTime:0.000019s ]
[ info ] [ CACHE ] INIT File
[ info ] [ BEHAVIOR ] Run Closure @app_init [ RunTime:0.001050s ]
[ info ] [ LANG ] /home/wwwroot/dt.julongjinrong.top/thinkphp/lang/zh-cn.php
[ info ] [ ROUTE ] array (
  'type' => 'module',
  'module' => 
  array (
    0 => 'ding',
    1 => 'chapter_case',
    2 => 'index',
  ),
)
[ info ] [ HEADER ] array (
  'accept-encoding' => 'gzip, deflate',
  'accept-language' => 'zh-cn',
  'referer' => 'http://dt.julongjinrong.top/ding/index',
  'user-agent' => 'Mozilla/5.0 (iPhone; CPU iPhone OS 11_2_1 like Mac OS X) AppleWebKit/604.4.7 (KHTML, like Gecko) Mobile/15C153 AliApp(DingTalk/4.2.8) com.laiwang.DingTalk/3130734 Channel/201200 language/zh-Hans-CN',
  'accept' => 'text/html,application/xhtml+xml,application/xml;q=0.9,*/*;q=0.8',
  'upgrade-insecure-requests' => '1',
  'dingtalk-flag' => '1',
  'connection' => 'keep-alive',
  'cookie' => 'Hm_lvt_f8d0a8c400404989e195270b0bbf060a=1517810087,1517968651',
  'host' => 'dt.julongjinrong.top',
  'content-type' => '',
  'content-length' => '',
)
[ info ] [ PARAM ] array (
)
[ info ] [ BEHAVIOR ] Run app\common\behavior\Common @module_init [ RunTime:0.000250s ]
[ info ] [ RUN ] app\ding\controller\ChapterCase->index[ /home/wwwroot/dt.julongjinrong.top/application/ding/controller/ChapterCase.php ]
[ info ] [ VIEW ] /home/wwwroot/dt.julongjinrong.top/public/../application/ding/view/chapter_case/index.html [ array (
) ]
[ info ] [ LOG ] INIT File
---------------------------------------------------------------
[ 2018-02-10T17:22:56+08:00 ] 59.175.124.48 GET /ding/individual_account/index
[ info ] dt.julongjinrong.top/ding/individual_account/index [运行时间：0.022113s][吞吐率：45.22req/s] [内存消耗：1,850.13kb] [文件加载：60]
[ info ] [ BEHAVIOR ] Run Closure @app_init [ RunTime:0.000017s ]
[ info ] [ CACHE ] INIT File
[ info ] [ BEHAVIOR ] Run Closure @app_init [ RunTime:0.000996s ]
[ info ] [ LANG ] /home/wwwroot/dt.julongjinrong.top/thinkphp/lang/zh-cn.php
[ info ] [ ROUTE ] array (
  'type' => 'module',
  'module' => 
  array (
    0 => 'ding',
    1 => 'individual_account',
    2 => 'index',
  ),
)
[ info ] [ HEADER ] array (
  'accept-encoding' => 'gzip, deflate',
  'accept-language' => 'zh-cn',
  'referer' => 'http://dt.julongjinrong.top/ding/index',
  'user-agent' => 'Mozilla/5.0 (iPhone; CPU iPhone OS 11_2_1 like Mac OS X) AppleWebKit/604.4.7 (KHTML, like Gecko) Mobile/15C153 AliApp(DingTalk/4.2.8) com.laiwang.DingTalk/3130734 Channel/201200 language/zh-Hans-CN',
  'accept' => 'text/html,application/xhtml+xml,application/xml;q=0.9,*/*;q=0.8',
  'upgrade-insecure-requests' => '1',
  'dingtalk-flag' => '1',
  'connection' => 'keep-alive',
  'cookie' => 'Hm_lvt_f8d0a8c400404989e195270b0bbf060a=1517810087,1517968651',
  'host' => 'dt.julongjinrong.top',
  'content-type' => '',
  'content-length' => '',
)
[ info ] [ PARAM ] array (
)
[ info ] [ BEHAVIOR ] Run app\common\behavior\Common @module_init [ RunTime:0.000184s ]
[ info ] [ RUN ] app\ding\controller\IndividualAccount->index[ /home/wwwroot/dt.julongjinrong.top/application/ding/controller/IndividualAccount.php ]
[ info ] [ VIEW ] /home/wwwroot/dt.julongjinrong.top/public/../application/ding/view/individual_account/index.html [ array (
) ]
[ info ] [ LOG ] INIT File
---------------------------------------------------------------
[ 2018-02-10T18:02:02+08:00 ] 59.175.124.48 GET /ding/index
[ info ] dt.julongjinrong.top/ding/index [运行时间：0.022319s][吞吐率：44.80req/s] [内存消耗：1,792.83kb] [文件加载：59]
[ info ] [ BEHAVIOR ] Run Closure @app_init [ RunTime:0.000019s ]
[ info ] [ CACHE ] INIT File
[ info ] [ BEHAVIOR ] Run Closure @app_init [ RunTime:0.001110s ]
[ info ] [ LANG ] /home/wwwroot/dt.julongjinrong.top/thinkphp/lang/zh-cn.php
[ info ] [ ROUTE ] array (
  'type' => 'module',
  'module' => 
  array (
    0 => 'ding',
    1 => 'index',
    2 => NULL,
  ),
)
[ info ] [ HEADER ] array (
  'accept-encoding' => 'gzip, deflate',
  'need-care-about-cache' => 'true',
  'accept-language' => 'zh-cn',
  'user-agent' => 'Mozilla/5.0 (iPhone; CPU iPhone OS 11_2_2 like Mac OS X) AppleWebKit/604.4.7 (KHTML, like Gecko) Mobile/15C202 AliApp(DingTalk/4.1.1) com.laiwang.DingTalk/2884930 Channel/201200 language/zh-Hans-CN',
  'accept' => 'text/html,application/xhtml+xml,application/xml;q=0.9,*/*;q=0.8',
  'upgrade-insecure-requests' => '1',
  'dingtalk-flag' => '1',
  'connection' => 'keep-alive',
  'cookie' => 'Hm_lvt_f8d0a8c400404989e195270b0bbf060a=1517750981,1517752628,1517959428',
  'host' => 'dt.julongjinrong.top',
  'content-type' => '',
  'content-length' => '',
)
[ info ] [ PARAM ] array (
)
[ info ] [ BEHAVIOR ] Run app\common\behavior\Common @module_init [ RunTime:0.000200s ]
[ info ] [ RUN ] app\ding\controller\Index->index[ /home/wwwroot/dt.julongjinrong.top/application/ding/controller/Index.php ]
[ info ] [ VIEW ] /home/wwwroot/dt.julongjinrong.top/public/../application/ding/view/index/index.html [ array (
) ]
[ info ] [ LOG ] INIT File
---------------------------------------------------------------
[ 2018-02-10T19:11:30+08:00 ] 115.190.124.213 GET /ding/index
[ info ] dt.julongjinrong.top/ding/index [运行时间：0.022556s][吞吐率：44.33req/s] [内存消耗：1,793.42kb] [文件加载：59]
[ info ] [ BEHAVIOR ] Run Closure @app_init [ RunTime:0.000021s ]
[ info ] [ CACHE ] INIT File
[ info ] [ BEHAVIOR ] Run Closure @app_init [ RunTime:0.001046s ]
[ info ] [ LANG ] /home/wwwroot/dt.julongjinrong.top/thinkphp/lang/zh-cn.php
[ info ] [ ROUTE ] array (
  'type' => 'module',
  'module' => 
  array (
    0 => 'ding',
    1 => 'index',
    2 => NULL,
  ),
)
[ info ] [ HEADER ] array (
  'cookie' => 'PHPSESSID=994fvr1b5seherge5cl0a0nu16; Hm_lvt_f8d0a8c400404989e195270b0bbf060a=1517499898; Hm_lpvt_f8d0a8c400404989e195270b0bbf060a=1518106505',
  'accept-encoding' => 'gzip, deflate',
  'referer' => 'http://dt.julongjinrong.top/ding/index',
  'accept-language' => 'zh-CN',
  'user-agent' => 'Mozilla/5.0 (Linux; U; Android 6.0.1; zh-CN; PRO 6 Plus Build/MMB29T) AppleWebKit/537.36 (KHTML, like Gecko) Version/4.0 Chrome/40.0.2214.89 UCBrowser/11.6.6.951 UWS/2.11.0.42 Mobile Safari/537.36 AliApp(DingTalk/4.2.8) com.alibaba.android.rimet/0 Channel/228200 language/zh-CN',
  'accept' => 'text/html,application/xhtml+xml,application/xml;q=0.9,image/webp,*/*;q=0.8,UC/3009',
  'connection' => 'keep-alive',
  'host' => 'dt.julongjinrong.top',
  'content-type' => '',
  'content-length' => '',
)
[ info ] [ PARAM ] array (
)
[ info ] [ BEHAVIOR ] Run app\common\behavior\Common @module_init [ RunTime:0.000206s ]
[ info ] [ RUN ] app\ding\controller\Index->index[ /home/wwwroot/dt.julongjinrong.top/application/ding/controller/Index.php ]
[ info ] [ VIEW ] /home/wwwroot/dt.julongjinrong.top/public/../application/ding/view/index/index.html [ array (
) ]
[ info ] [ LOG ] INIT File
---------------------------------------------------------------
[ 2018-02-10T19:11:31+08:00 ] 115.190.124.213 GET /favicon.ico
[ info ] dt.julongjinrong.top/favicon.ico [运行时间：0.019136s][吞吐率：52.26req/s] [内存消耗：1,634.39kb] [文件加载：53]
[ info ] [ BEHAVIOR ] Run Closure @app_init [ RunTime:0.000019s ]
[ info ] [ CACHE ] INIT File
[ info ] [ BEHAVIOR ] Run Closure @app_init [ RunTime:0.001021s ]
[ info ] [ LANG ] /home/wwwroot/dt.julongjinrong.top/thinkphp/lang/zh-cn.php
[ info ] [ ROUTE ] array (
  'type' => 'module',
  'module' => 
  array (
    0 => 'favicon.ico',
    1 => NULL,
    2 => NULL,
  ),
)
[ info ] [ HEADER ] array (
  'user-agent' => 'Mozilla/5.0 (Linux; U; Android 6.0.1; zh-CN; PRO 6 Plus Build/MMB29T) AppleWebKit/537.36 (KHTML, like Gecko) Version/4.0 Chrome/40.0.2214.89 UCBrowser/11.6.6.951 UWS/2.11.0.42 Mobile Safari/537.36 AliApp(DingTalk/4.2.8) com.alibaba.android.rimet/0 Channel/228200 language/zh-CN',
  'cookie' => 'PHPSESSID=994fvr1b5seherge5cl0a0nu16; Hm_lvt_f8d0a8c400404989e195270b0bbf060a=1517499898; Hm_lpvt_f8d0a8c400404989e195270b0bbf060a=1518106505',
  'accept-language' => 'zh-CN,en-US;q=0.8',
  'accept-encoding' => 'gzip, deflate',
  'accept' => '*/*',
  'connection' => 'keep-alive',
  'host' => 'dt.julongjinrong.top',
  'content-type' => '',
  'content-length' => '',
)
[ info ] [ PARAM ] array (
)
[ info ] [ LOG ] INIT File
---------------------------------------------------------------
[ 2018-02-10T19:11:32+08:00 ] 115.190.124.213 GET /ding/index
[ info ] dt.julongjinrong.top/ding/index [运行时间：0.022399s][吞吐率：44.64req/s] [内存消耗：1,793.42kb] [文件加载：59]
[ info ] [ BEHAVIOR ] Run Closure @app_init [ RunTime:0.000020s ]
[ info ] [ CACHE ] INIT File
[ info ] [ BEHAVIOR ] Run Closure @app_init [ RunTime:0.001053s ]
[ info ] [ LANG ] /home/wwwroot/dt.julongjinrong.top/thinkphp/lang/zh-cn.php
[ info ] [ ROUTE ] array (
  'type' => 'module',
  'module' => 
  array (
    0 => 'ding',
    1 => 'index',
    2 => NULL,
  ),
)
[ info ] [ HEADER ] array (
  'cookie' => 'PHPSESSID=994fvr1b5seherge5cl0a0nu16; Hm_lvt_f8d0a8c400404989e195270b0bbf060a=1517499898; Hm_lpvt_f8d0a8c400404989e195270b0bbf060a=1518106505',
  'accept-encoding' => 'gzip, deflate',
  'referer' => 'http://dt.julongjinrong.top/ding/index',
  'accept-language' => 'zh-CN',
  'user-agent' => 'Mozilla/5.0 (Linux; U; Android 6.0.1; zh-CN; PRO 6 Plus Build/MMB29T) AppleWebKit/537.36 (KHTML, like Gecko) Version/4.0 Chrome/40.0.2214.89 UCBrowser/11.6.6.951 UWS/2.11.0.42 Mobile Safari/537.36 AliApp(DingTalk/4.2.8) com.alibaba.android.rimet/0 Channel/228200 language/zh-CN',
  'accept' => 'text/html,application/xhtml+xml,application/xml;q=0.9,image/webp,*/*;q=0.8,UC/3009',
  'connection' => 'keep-alive',
  'host' => 'dt.julongjinrong.top',
  'content-type' => '',
  'content-length' => '',
)
[ info ] [ PARAM ] array (
)
[ info ] [ BEHAVIOR ] Run app\common\behavior\Common @module_init [ RunTime:0.000202s ]
[ info ] [ RUN ] app\ding\controller\Index->index[ /home/wwwroot/dt.julongjinrong.top/application/ding/controller/Index.php ]
[ info ] [ VIEW ] /home/wwwroot/dt.julongjinrong.top/public/../application/ding/view/index/index.html [ array (
) ]
[ info ] [ LOG ] INIT File
---------------------------------------------------------------
[ 2018-02-10T19:11:32+08:00 ] 42.156.251.189 GET /ding/index
[ info ] dt.julongjinrong.top/ding/index [运行时间：0.021035s][吞吐率：47.54req/s] [内存消耗：1,791.98kb] [文件加载：59]
[ info ] [ BEHAVIOR ] Run Closure @app_init [ RunTime:0.000015s ]
[ info ] [ CACHE ] INIT File
[ info ] [ BEHAVIOR ] Run Closure @app_init [ RunTime:0.000963s ]
[ info ] [ LANG ] /home/wwwroot/dt.julongjinrong.top/thinkphp/lang/zh-cn.php
[ info ] [ ROUTE ] array (
  'type' => 'module',
  'module' => 
  array (
    0 => 'ding',
    1 => 'index',
    2 => NULL,
  ),
)
[ info ] [ HEADER ] array (
  'host' => 'dt.julongjinrong.top',
  'accept-language' => 'zh-CN,zh;q=0.8,en;q=0.6',
  'cookie' => 'route=34a9786b6ba76a430daf28f03d8f64a6; Path=/',
  'accept-encoding' => 'gzip, deflate',
  'user-agent' => 'Mozilla/5.0 (Linux; Android 5.0.2; SM-A5000 Build/LRX22C) AppleWebKit/537.36 (KHTML, like Gecko) SamsungBrowser/3.0 Chrome/38.0.2125.102 Mobile Safari/537.36',
  'accept' => 'text/html,application/xhtml+xml,application/xml;q=0.9,image/webp,*/*;q=0.8',
  'connection' => 'close',
  'content-type' => '',
  'content-length' => '',
)
[ info ] [ PARAM ] array (
)
[ info ] [ BEHAVIOR ] Run app\common\behavior\Common @module_init [ RunTime:0.000192s ]
[ info ] [ RUN ] app\ding\controller\Index->index[ /home/wwwroot/dt.julongjinrong.top/application/ding/controller/Index.php ]
[ info ] [ VIEW ] /home/wwwroot/dt.julongjinrong.top/public/../application/ding/view/index/index.html [ array (
) ]
[ info ] [ LOG ] INIT File
---------------------------------------------------------------
[ 2018-02-10T19:11:32+08:00 ] 42.156.251.189 GET /ding/index
[ info ] dt.julongjinrong.top/ding/index [运行时间：0.020966s][吞吐率：47.70req/s] [内存消耗：1,789.50kb] [文件加载：59]
[ info ] [ BEHAVIOR ] Run Closure @app_init [ RunTime:0.000014s ]
[ info ] [ CACHE ] INIT File
[ info ] [ BEHAVIOR ] Run Closure @app_init [ RunTime:0.000980s ]
[ info ] [ LANG ] /home/wwwroot/dt.julongjinrong.top/thinkphp/lang/zh-cn.php
[ info ] [ ROUTE ] array (
  'type' => 'module',
  'module' => 
  array (
    0 => 'ding',
    1 => 'index',
    2 => NULL,
  ),
)
[ info ] [ HEADER ] array (
  'host' => 'dt.julongjinrong.top',
  'accept-language' => 'zh-CN,en,*',
  'accept-encoding' => 'gzip, deflate',
  'connection' => 'Keep-Alive',
  'user-agent' => 'Mozilla/5.0 (Linux; Android 5.0.2; SM-A5000 Build/LRX22C) AppleWebKit/537.36 (KHTML, like Gecko) SamsungBrowser/3.0 Chrome/38.0.2125.102 Mobile Safari/537.36',
  'accept' => 'text/html,application/xhtml+xml,application/xml;q=0.9,*/*;q=0.8',
  'content-type' => '',
  'content-length' => '',
)
[ info ] [ PARAM ] array (
)
[ info ] [ BEHAVIOR ] Run app\common\behavior\Common @module_init [ RunTime:0.000202s ]
[ info ] [ RUN ] app\ding\controller\Index->index[ /home/wwwroot/dt.julongjinrong.top/application/ding/controller/Index.php ]
[ info ] [ VIEW ] /home/wwwroot/dt.julongjinrong.top/public/../application/ding/view/index/index.html [ array (
) ]
[ info ] [ LOG ] INIT File
---------------------------------------------------------------
[ 2018-02-10T19:11:33+08:00 ] 115.190.124.213 GET /favicon.ico
[ info ] dt.julongjinrong.top/favicon.ico [运行时间：0.019160s][吞吐率：52.19req/s] [内存消耗：1,634.39kb] [文件加载：53]
[ info ] [ BEHAVIOR ] Run Closure @app_init [ RunTime:0.000019s ]
[ info ] [ CACHE ] INIT File
[ info ] [ BEHAVIOR ] Run Closure @app_init [ RunTime:0.000991s ]
[ info ] [ LANG ] /home/wwwroot/dt.julongjinrong.top/thinkphp/lang/zh-cn.php
[ info ] [ ROUTE ] array (
  'type' => 'module',
  'module' => 
  array (
    0 => 'favicon.ico',
    1 => NULL,
    2 => NULL,
  ),
)
[ info ] [ HEADER ] array (
  'user-agent' => 'Mozilla/5.0 (Linux; U; Android 6.0.1; zh-CN; PRO 6 Plus Build/MMB29T) AppleWebKit/537.36 (KHTML, like Gecko) Version/4.0 Chrome/40.0.2214.89 UCBrowser/11.6.6.951 UWS/2.11.0.42 Mobile Safari/537.36 AliApp(DingTalk/4.2.8) com.alibaba.android.rimet/0 Channel/228200 language/zh-CN',
  'cookie' => 'PHPSESSID=994fvr1b5seherge5cl0a0nu16; Hm_lvt_f8d0a8c400404989e195270b0bbf060a=1517499898; Hm_lpvt_f8d0a8c400404989e195270b0bbf060a=1518106505',
  'accept-language' => 'zh-CN,en-US;q=0.8',
  'accept-encoding' => 'gzip, deflate',
  'accept' => '*/*',
  'connection' => 'keep-alive',
  'host' => 'dt.julongjinrong.top',
  'content-type' => '',
  'content-length' => '',
)
[ info ] [ PARAM ] array (
)
[ info ] [ LOG ] INIT File
---------------------------------------------------------------
[ 2018-02-10T19:11:42+08:00 ] 115.190.124.213 GET /ding/index
[ info ] dt.julongjinrong.top/ding/index [运行时间：0.022228s][吞吐率：44.99req/s] [内存消耗：1,793.42kb] [文件加载：59]
[ info ] [ BEHAVIOR ] Run Closure @app_init [ RunTime:0.000019s ]
[ info ] [ CACHE ] INIT File
[ info ] [ BEHAVIOR ] Run Closure @app_init [ RunTime:0.001069s ]
[ info ] [ LANG ] /home/wwwroot/dt.julongjinrong.top/thinkphp/lang/zh-cn.php
[ info ] [ ROUTE ] array (
  'type' => 'module',
  'module' => 
  array (
    0 => 'ding',
    1 => 'index',
    2 => NULL,
  ),
)
[ info ] [ HEADER ] array (
  'cookie' => 'PHPSESSID=994fvr1b5seherge5cl0a0nu16; Hm_lvt_f8d0a8c400404989e195270b0bbf060a=1517499898; Hm_lpvt_f8d0a8c400404989e195270b0bbf060a=1518106505',
  'accept-encoding' => 'gzip, deflate',
  'referer' => 'http://dt.julongjinrong.top/ding/index',
  'accept-language' => 'zh-CN',
  'user-agent' => 'Mozilla/5.0 (Linux; U; Android 6.0.1; zh-CN; PRO 6 Plus Build/MMB29T) AppleWebKit/537.36 (KHTML, like Gecko) Version/4.0 Chrome/40.0.2214.89 UCBrowser/11.6.6.951 UWS/2.11.0.42 Mobile Safari/537.36 AliApp(DingTalk/4.2.8) com.alibaba.android.rimet/0 Channel/228200 language/zh-CN',
  'accept' => 'text/html,application/xhtml+xml,application/xml;q=0.9,image/webp,*/*;q=0.8,UC/3009',
  'connection' => 'keep-alive',
  'host' => 'dt.julongjinrong.top',
  'content-type' => '',
  'content-length' => '',
)
[ info ] [ PARAM ] array (
)
[ info ] [ BEHAVIOR ] Run app\common\behavior\Common @module_init [ RunTime:0.000204s ]
[ info ] [ RUN ] app\ding\controller\Index->index[ /home/wwwroot/dt.julongjinrong.top/application/ding/controller/Index.php ]
[ info ] [ VIEW ] /home/wwwroot/dt.julongjinrong.top/public/../application/ding/view/index/index.html [ array (
) ]
[ info ] [ LOG ] INIT File
---------------------------------------------------------------
[ 2018-02-10T19:11:42+08:00 ] 115.190.124.213 GET /favicon.ico
[ info ] dt.julongjinrong.top/favicon.ico [运行时间：0.018994s][吞吐率：52.65req/s] [内存消耗：1,634.39kb] [文件加载：53]
[ info ] [ BEHAVIOR ] Run Closure @app_init [ RunTime:0.000016s ]
[ info ] [ CACHE ] INIT File
[ info ] [ BEHAVIOR ] Run Closure @app_init [ RunTime:0.001122s ]
[ info ] [ LANG ] /home/wwwroot/dt.julongjinrong.top/thinkphp/lang/zh-cn.php
[ info ] [ ROUTE ] array (
  'type' => 'module',
  'module' => 
  array (
    0 => 'favicon.ico',
    1 => NULL,
    2 => NULL,
  ),
)
[ info ] [ HEADER ] array (
  'user-agent' => 'Mozilla/5.0 (Linux; U; Android 6.0.1; zh-CN; PRO 6 Plus Build/MMB29T) AppleWebKit/537.36 (KHTML, like Gecko) Version/4.0 Chrome/40.0.2214.89 UCBrowser/11.6.6.951 UWS/2.11.0.42 Mobile Safari/537.36 AliApp(DingTalk/4.2.8) com.alibaba.android.rimet/0 Channel/228200 language/zh-CN',
  'cookie' => 'PHPSESSID=994fvr1b5seherge5cl0a0nu16; Hm_lvt_f8d0a8c400404989e195270b0bbf060a=1517499898; Hm_lpvt_f8d0a8c400404989e195270b0bbf060a=1518106505',
  'accept-language' => 'zh-CN,en-US;q=0.8',
  'accept-encoding' => 'gzip, deflate',
  'accept' => '*/*',
  'connection' => 'keep-alive',
  'host' => 'dt.julongjinrong.top',
  'content-type' => '',
  'content-length' => '',
)
[ info ] [ PARAM ] array (
)
[ info ] [ LOG ] INIT File
---------------------------------------------------------------
[ 2018-02-10T19:11:50+08:00 ] 115.190.124.213 GET /ding/index
[ info ] dt.julongjinrong.top/ding/index [运行时间：0.022550s][吞吐率：44.35req/s] [内存消耗：1,793.42kb] [文件加载：59]
[ info ] [ BEHAVIOR ] Run Closure @app_init [ RunTime:0.000029s ]
[ info ] [ CACHE ] INIT File
[ info ] [ BEHAVIOR ] Run Closure @app_init [ RunTime:0.001095s ]
[ info ] [ LANG ] /home/wwwroot/dt.julongjinrong.top/thinkphp/lang/zh-cn.php
[ info ] [ ROUTE ] array (
  'type' => 'module',
  'module' => 
  array (
    0 => 'ding',
    1 => 'index',
    2 => NULL,
  ),
)
[ info ] [ HEADER ] array (
  'cookie' => 'PHPSESSID=994fvr1b5seherge5cl0a0nu16; Hm_lvt_f8d0a8c400404989e195270b0bbf060a=1517499898; Hm_lpvt_f8d0a8c400404989e195270b0bbf060a=1518106505',
  'accept-encoding' => 'gzip, deflate',
  'referer' => 'http://dt.julongjinrong.top/ding/index',
  'accept-language' => 'zh-CN',
  'user-agent' => 'Mozilla/5.0 (Linux; U; Android 6.0.1; zh-CN; PRO 6 Plus Build/MMB29T) AppleWebKit/537.36 (KHTML, like Gecko) Version/4.0 Chrome/40.0.2214.89 UCBrowser/11.6.6.951 UWS/2.11.0.42 Mobile Safari/537.36 AliApp(DingTalk/4.2.8) com.alibaba.android.rimet/0 Channel/228200 language/zh-CN',
  'accept' => 'text/html,application/xhtml+xml,application/xml;q=0.9,image/webp,*/*;q=0.8,UC/3009',
  'connection' => 'keep-alive',
  'host' => 'dt.julongjinrong.top',
  'content-type' => '',
  'content-length' => '',
)
[ info ] [ PARAM ] array (
)
[ info ] [ BEHAVIOR ] Run app\common\behavior\Common @module_init [ RunTime:0.000196s ]
[ info ] [ RUN ] app\ding\controller\Index->index[ /home/wwwroot/dt.julongjinrong.top/application/ding/controller/Index.php ]
[ info ] [ VIEW ] /home/wwwroot/dt.julongjinrong.top/public/../application/ding/view/index/index.html [ array (
) ]
[ info ] [ LOG ] INIT File
---------------------------------------------------------------
[ 2018-02-10T19:11:50+08:00 ] 115.190.124.213 GET /favicon.ico
[ info ] dt.julongjinrong.top/favicon.ico [运行时间：0.018623s][吞吐率：53.70req/s] [内存消耗：1,634.39kb] [文件加载：53]
[ info ] [ BEHAVIOR ] Run Closure @app_init [ RunTime:0.000016s ]
[ info ] [ CACHE ] INIT File
[ info ] [ BEHAVIOR ] Run Closure @app_init [ RunTime:0.001007s ]
[ info ] [ LANG ] /home/wwwroot/dt.julongjinrong.top/thinkphp/lang/zh-cn.php
[ info ] [ ROUTE ] array (
  'type' => 'module',
  'module' => 
  array (
    0 => 'favicon.ico',
    1 => NULL,
    2 => NULL,
  ),
)
[ info ] [ HEADER ] array (
  'user-agent' => 'Mozilla/5.0 (Linux; U; Android 6.0.1; zh-CN; PRO 6 Plus Build/MMB29T) AppleWebKit/537.36 (KHTML, like Gecko) Version/4.0 Chrome/40.0.2214.89 UCBrowser/11.6.6.951 UWS/2.11.0.42 Mobile Safari/537.36 AliApp(DingTalk/4.2.8) com.alibaba.android.rimet/0 Channel/228200 language/zh-CN',
  'cookie' => 'PHPSESSID=994fvr1b5seherge5cl0a0nu16; Hm_lvt_f8d0a8c400404989e195270b0bbf060a=1517499898; Hm_lpvt_f8d0a8c400404989e195270b0bbf060a=1518106505',
  'accept-language' => 'zh-CN,en-US;q=0.8',
  'accept-encoding' => 'gzip, deflate',
  'accept' => '*/*',
  'connection' => 'keep-alive',
  'host' => 'dt.julongjinrong.top',
  'content-type' => '',
  'content-length' => '',
)
[ info ] [ PARAM ] array (
)
[ info ] [ LOG ] INIT File
---------------------------------------------------------------
[ 2018-02-10T19:42:14+08:00 ] 117.136.74.146 GET /ding/index
[ info ] dt.julongjinrong.top/ding/index [运行时间：0.021242s][吞吐率：47.08req/s] [内存消耗：1,793.42kb] [文件加载：59]
[ info ] [ BEHAVIOR ] Run Closure @app_init [ RunTime:0.000017s ]
[ info ] [ CACHE ] INIT File
[ info ] [ BEHAVIOR ] Run Closure @app_init [ RunTime:0.000999s ]
[ info ] [ LANG ] /home/wwwroot/dt.julongjinrong.top/thinkphp/lang/zh-cn.php
[ info ] [ ROUTE ] array (
  'type' => 'module',
  'module' => 
  array (
    0 => 'ding',
    1 => 'index',
    2 => NULL,
  ),
)
[ info ] [ HEADER ] array (
  'cookie' => 'PHPSESSID=994fvr1b5seherge5cl0a0nu16; Hm_lvt_f8d0a8c400404989e195270b0bbf060a=1517499898; Hm_lpvt_f8d0a8c400404989e195270b0bbf060a=1518106505',
  'accept-encoding' => 'gzip, deflate',
  'referer' => 'http://dt.julongjinrong.top/ding/index',
  'accept-language' => 'zh-CN',
  'user-agent' => 'Mozilla/5.0 (Linux; U; Android 6.0.1; zh-CN; PRO 6 Plus Build/MMB29T) AppleWebKit/537.36 (KHTML, like Gecko) Version/4.0 Chrome/40.0.2214.89 UCBrowser/11.6.6.951 UWS/2.11.0.42 Mobile Safari/537.36 AliApp(DingTalk/4.2.8) com.alibaba.android.rimet/0 Channel/228200 language/zh-CN',
  'accept' => 'text/html,application/xhtml+xml,application/xml;q=0.9,image/webp,*/*;q=0.8,UC/3009',
  'connection' => 'keep-alive',
  'host' => 'dt.julongjinrong.top',
  'content-type' => '',
  'content-length' => '',
)
[ info ] [ PARAM ] array (
)
[ info ] [ BEHAVIOR ] Run app\common\behavior\Common @module_init [ RunTime:0.000230s ]
[ info ] [ RUN ] app\ding\controller\Index->index[ /home/wwwroot/dt.julongjinrong.top/application/ding/controller/Index.php ]
[ info ] [ VIEW ] /home/wwwroot/dt.julongjinrong.top/public/../application/ding/view/index/index.html [ array (
) ]
[ info ] [ LOG ] INIT File
---------------------------------------------------------------
[ 2018-02-10T19:42:15+08:00 ] 117.136.74.146 GET /favicon.ico
[ info ] dt.julongjinrong.top/favicon.ico [运行时间：0.019645s][吞吐率：50.90req/s] [内存消耗：1,634.39kb] [文件加载：53]
[ info ] [ BEHAVIOR ] Run Closure @app_init [ RunTime:0.000018s ]
[ info ] [ CACHE ] INIT File
[ info ] [ BEHAVIOR ] Run Closure @app_init [ RunTime:0.001017s ]
[ info ] [ LANG ] /home/wwwroot/dt.julongjinrong.top/thinkphp/lang/zh-cn.php
[ info ] [ ROUTE ] array (
  'type' => 'module',
  'module' => 
  array (
    0 => 'favicon.ico',
    1 => NULL,
    2 => NULL,
  ),
)
[ info ] [ HEADER ] array (
  'user-agent' => 'Mozilla/5.0 (Linux; U; Android 6.0.1; zh-CN; PRO 6 Plus Build/MMB29T) AppleWebKit/537.36 (KHTML, like Gecko) Version/4.0 Chrome/40.0.2214.89 UCBrowser/11.6.6.951 UWS/2.11.0.42 Mobile Safari/537.36 AliApp(DingTalk/4.2.8) com.alibaba.android.rimet/0 Channel/228200 language/zh-CN',
  'cookie' => 'PHPSESSID=994fvr1b5seherge5cl0a0nu16; Hm_lvt_f8d0a8c400404989e195270b0bbf060a=1517499898; Hm_lpvt_f8d0a8c400404989e195270b0bbf060a=1518106505',
  'accept-language' => 'zh-CN,en-US;q=0.8',
  'accept-encoding' => 'gzip, deflate',
  'accept' => '*/*',
  'connection' => 'keep-alive',
  'host' => 'dt.julongjinrong.top',
  'content-type' => '',
  'content-length' => '',
)
[ info ] [ PARAM ] array (
)
[ info ] [ LOG ] INIT File
---------------------------------------------------------------
[ 2018-02-10T19:42:16+08:00 ] 117.136.74.146 GET /ding/index
[ info ] dt.julongjinrong.top/ding/index [运行时间：0.022265s][吞吐率：44.91req/s] [内存消耗：1,793.42kb] [文件加载：59]
[ info ] [ BEHAVIOR ] Run Closure @app_init [ RunTime:0.000035s ]
[ info ] [ CACHE ] INIT File
[ info ] [ BEHAVIOR ] Run Closure @app_init [ RunTime:0.001117s ]
[ info ] [ LANG ] /home/wwwroot/dt.julongjinrong.top/thinkphp/lang/zh-cn.php
[ info ] [ ROUTE ] array (
  'type' => 'module',
  'module' => 
  array (
    0 => 'ding',
    1 => 'index',
    2 => NULL,
  ),
)
[ info ] [ HEADER ] array (
  'cookie' => 'PHPSESSID=994fvr1b5seherge5cl0a0nu16; Hm_lvt_f8d0a8c400404989e195270b0bbf060a=1517499898; Hm_lpvt_f8d0a8c400404989e195270b0bbf060a=1518106505',
  'accept-encoding' => 'gzip, deflate',
  'referer' => 'http://dt.julongjinrong.top/ding/index',
  'accept-language' => 'zh-CN',
  'user-agent' => 'Mozilla/5.0 (Linux; U; Android 6.0.1; zh-CN; PRO 6 Plus Build/MMB29T) AppleWebKit/537.36 (KHTML, like Gecko) Version/4.0 Chrome/40.0.2214.89 UCBrowser/11.6.6.951 UWS/2.11.0.42 Mobile Safari/537.36 AliApp(DingTalk/4.2.8) com.alibaba.android.rimet/0 Channel/228200 language/zh-CN',
  'accept' => 'text/html,application/xhtml+xml,application/xml;q=0.9,image/webp,*/*;q=0.8,UC/3009',
  'connection' => 'keep-alive',
  'host' => 'dt.julongjinrong.top',
  'content-type' => '',
  'content-length' => '',
)
[ info ] [ PARAM ] array (
)
[ info ] [ BEHAVIOR ] Run app\common\behavior\Common @module_init [ RunTime:0.000197s ]
[ info ] [ RUN ] app\ding\controller\Index->index[ /home/wwwroot/dt.julongjinrong.top/application/ding/controller/Index.php ]
[ info ] [ VIEW ] /home/wwwroot/dt.julongjinrong.top/public/../application/ding/view/index/index.html [ array (
) ]
[ info ] [ LOG ] INIT File
---------------------------------------------------------------
[ 2018-02-10T19:42:16+08:00 ] 117.136.74.146 GET /favicon.ico
[ info ] dt.julongjinrong.top/favicon.ico [运行时间：0.019222s][吞吐率：52.02req/s] [内存消耗：1,634.39kb] [文件加载：53]
[ info ] [ BEHAVIOR ] Run Closure @app_init [ RunTime:0.000020s ]
[ info ] [ CACHE ] INIT File
[ info ] [ BEHAVIOR ] Run Closure @app_init [ RunTime:0.001024s ]
[ info ] [ LANG ] /home/wwwroot/dt.julongjinrong.top/thinkphp/lang/zh-cn.php
[ info ] [ ROUTE ] array (
  'type' => 'module',
  'module' => 
  array (
    0 => 'favicon.ico',
    1 => NULL,
    2 => NULL,
  ),
)
[ info ] [ HEADER ] array (
  'user-agent' => 'Mozilla/5.0 (Linux; U; Android 6.0.1; zh-CN; PRO 6 Plus Build/MMB29T) AppleWebKit/537.36 (KHTML, like Gecko) Version/4.0 Chrome/40.0.2214.89 UCBrowser/11.6.6.951 UWS/2.11.0.42 Mobile Safari/537.36 AliApp(DingTalk/4.2.8) com.alibaba.android.rimet/0 Channel/228200 language/zh-CN',
  'cookie' => 'PHPSESSID=994fvr1b5seherge5cl0a0nu16; Hm_lvt_f8d0a8c400404989e195270b0bbf060a=1517499898; Hm_lpvt_f8d0a8c400404989e195270b0bbf060a=1518106505',
  'accept-language' => 'zh-CN,en-US;q=0.8',
  'accept-encoding' => 'gzip, deflate',
  'accept' => '*/*',
  'connection' => 'keep-alive',
  'host' => 'dt.julongjinrong.top',
  'content-type' => '',
  'content-length' => '',
)
[ info ] [ PARAM ] array (
)
[ info ] [ LOG ] INIT File
---------------------------------------------------------------
[ 2018-02-10T21:10:16+08:00 ] 117.136.74.146 GET /ding/index
[ info ] dt.julongjinrong.top/ding/index [运行时间：0.021143s][吞吐率：47.30req/s] [内存消耗：1,793.42kb] [文件加载：59]
[ info ] [ BEHAVIOR ] Run Closure @app_init [ RunTime:0.000019s ]
[ info ] [ CACHE ] INIT File
[ info ] [ BEHAVIOR ] Run Closure @app_init [ RunTime:0.001034s ]
[ info ] [ LANG ] /home/wwwroot/dt.julongjinrong.top/thinkphp/lang/zh-cn.php
[ info ] [ ROUTE ] array (
  'type' => 'module',
  'module' => 
  array (
    0 => 'ding',
    1 => 'index',
    2 => NULL,
  ),
)
[ info ] [ HEADER ] array (
  'cookie' => 'PHPSESSID=994fvr1b5seherge5cl0a0nu16; Hm_lvt_f8d0a8c400404989e195270b0bbf060a=1517499898; Hm_lpvt_f8d0a8c400404989e195270b0bbf060a=1518106505',
  'accept-encoding' => 'gzip, deflate',
  'referer' => 'http://dt.julongjinrong.top/ding/index',
  'accept-language' => 'zh-CN',
  'user-agent' => 'Mozilla/5.0 (Linux; U; Android 6.0.1; zh-CN; PRO 6 Plus Build/MMB29T) AppleWebKit/537.36 (KHTML, like Gecko) Version/4.0 Chrome/40.0.2214.89 UCBrowser/11.6.6.951 UWS/2.11.0.42 Mobile Safari/537.36 AliApp(DingTalk/4.2.8) com.alibaba.android.rimet/0 Channel/228200 language/zh-CN',
  'accept' => 'text/html,application/xhtml+xml,application/xml;q=0.9,image/webp,*/*;q=0.8,UC/3009',
  'connection' => 'keep-alive',
  'host' => 'dt.julongjinrong.top',
  'content-type' => '',
  'content-length' => '',
)
[ info ] [ PARAM ] array (
)
[ info ] [ BEHAVIOR ] Run app\common\behavior\Common @module_init [ RunTime:0.000193s ]
[ info ] [ RUN ] app\ding\controller\Index->index[ /home/wwwroot/dt.julongjinrong.top/application/ding/controller/Index.php ]
[ info ] [ VIEW ] /home/wwwroot/dt.julongjinrong.top/public/../application/ding/view/index/index.html [ array (
) ]
[ info ] [ LOG ] INIT File
---------------------------------------------------------------
[ 2018-02-10T21:10:16+08:00 ] 117.136.74.146 GET /favicon.ico
[ info ] dt.julongjinrong.top/favicon.ico [运行时间：0.020252s][吞吐率：49.38req/s] [内存消耗：1,634.39kb] [文件加载：53]
[ info ] [ BEHAVIOR ] Run Closure @app_init [ RunTime:0.000019s ]
[ info ] [ CACHE ] INIT File
[ info ] [ BEHAVIOR ] Run Closure @app_init [ RunTime:0.001110s ]
[ info ] [ LANG ] /home/wwwroot/dt.julongjinrong.top/thinkphp/lang/zh-cn.php
[ info ] [ ROUTE ] array (
  'type' => 'module',
  'module' => 
  array (
    0 => 'favicon.ico',
    1 => NULL,
    2 => NULL,
  ),
)
[ info ] [ HEADER ] array (
  'user-agent' => 'Mozilla/5.0 (Linux; U; Android 6.0.1; zh-CN; PRO 6 Plus Build/MMB29T) AppleWebKit/537.36 (KHTML, like Gecko) Version/4.0 Chrome/40.0.2214.89 UCBrowser/11.6.6.951 UWS/2.11.0.42 Mobile Safari/537.36 AliApp(DingTalk/4.2.8) com.alibaba.android.rimet/0 Channel/228200 language/zh-CN',
  'cookie' => 'PHPSESSID=994fvr1b5seherge5cl0a0nu16; Hm_lvt_f8d0a8c400404989e195270b0bbf060a=1517499898; Hm_lpvt_f8d0a8c400404989e195270b0bbf060a=1518106505',
  'accept-language' => 'zh-CN,en-US;q=0.8',
  'accept-encoding' => 'gzip, deflate',
  'accept' => '*/*',
  'connection' => 'keep-alive',
  'host' => 'dt.julongjinrong.top',
  'content-type' => '',
  'content-length' => '',
)
[ info ] [ PARAM ] array (
)
[ info ] [ LOG ] INIT File
---------------------------------------------------------------
[ 2018-02-10T21:10:19+08:00 ] 117.136.74.146 GET /ding/index
[ info ] dt.julongjinrong.top/ding/index [运行时间：0.021997s][吞吐率：45.46req/s] [内存消耗：1,793.42kb] [文件加载：59]
[ info ] [ BEHAVIOR ] Run Closure @app_init [ RunTime:0.000020s ]
[ info ] [ CACHE ] INIT File
[ info ] [ BEHAVIOR ] Run Closure @app_init [ RunTime:0.001051s ]
[ info ] [ LANG ] /home/wwwroot/dt.julongjinrong.top/thinkphp/lang/zh-cn.php
[ info ] [ ROUTE ] array (
  'type' => 'module',
  'module' => 
  array (
    0 => 'ding',
    1 => 'index',
    2 => NULL,
  ),
)
[ info ] [ HEADER ] array (
  'cookie' => 'PHPSESSID=994fvr1b5seherge5cl0a0nu16; Hm_lvt_f8d0a8c400404989e195270b0bbf060a=1517499898; Hm_lpvt_f8d0a8c400404989e195270b0bbf060a=1518106505',
  'accept-encoding' => 'gzip, deflate',
  'referer' => 'http://dt.julongjinrong.top/ding/index',
  'accept-language' => 'zh-CN',
  'user-agent' => 'Mozilla/5.0 (Linux; U; Android 6.0.1; zh-CN; PRO 6 Plus Build/MMB29T) AppleWebKit/537.36 (KHTML, like Gecko) Version/4.0 Chrome/40.0.2214.89 UCBrowser/11.6.6.951 UWS/2.11.0.42 Mobile Safari/537.36 AliApp(DingTalk/4.2.8) com.alibaba.android.rimet/0 Channel/228200 language/zh-CN',
  'accept' => 'text/html,application/xhtml+xml,application/xml;q=0.9,image/webp,*/*;q=0.8,UC/3009',
  'connection' => 'keep-alive',
  'host' => 'dt.julongjinrong.top',
  'content-type' => '',
  'content-length' => '',
)
[ info ] [ PARAM ] array (
)
[ info ] [ BEHAVIOR ] Run app\common\behavior\Common @module_init [ RunTime:0.000197s ]
[ info ] [ RUN ] app\ding\controller\Index->index[ /home/wwwroot/dt.julongjinrong.top/application/ding/controller/Index.php ]
[ info ] [ VIEW ] /home/wwwroot/dt.julongjinrong.top/public/../application/ding/view/index/index.html [ array (
) ]
[ info ] [ LOG ] INIT File
---------------------------------------------------------------
[ 2018-02-10T21:10:19+08:00 ] 117.136.74.146 GET /favicon.ico
[ info ] dt.julongjinrong.top/favicon.ico [运行时间：0.019695s][吞吐率：50.77req/s] [内存消耗：1,634.39kb] [文件加载：53]
[ info ] [ BEHAVIOR ] Run Closure @app_init [ RunTime:0.000017s ]
[ info ] [ CACHE ] INIT File
[ info ] [ BEHAVIOR ] Run Closure @app_init [ RunTime:0.001027s ]
[ info ] [ LANG ] /home/wwwroot/dt.julongjinrong.top/thinkphp/lang/zh-cn.php
[ info ] [ ROUTE ] array (
  'type' => 'module',
  'module' => 
  array (
    0 => 'favicon.ico',
    1 => NULL,
    2 => NULL,
  ),
)
[ info ] [ HEADER ] array (
  'user-agent' => 'Mozilla/5.0 (Linux; U; Android 6.0.1; zh-CN; PRO 6 Plus Build/MMB29T) AppleWebKit/537.36 (KHTML, like Gecko) Version/4.0 Chrome/40.0.2214.89 UCBrowser/11.6.6.951 UWS/2.11.0.42 Mobile Safari/537.36 AliApp(DingTalk/4.2.8) com.alibaba.android.rimet/0 Channel/228200 language/zh-CN',
  'cookie' => 'PHPSESSID=994fvr1b5seherge5cl0a0nu16; Hm_lvt_f8d0a8c400404989e195270b0bbf060a=1517499898; Hm_lpvt_f8d0a8c400404989e195270b0bbf060a=1518106505',
  'accept-language' => 'zh-CN,en-US;q=0.8',
  'accept-encoding' => 'gzip, deflate',
  'accept' => '*/*',
  'connection' => 'keep-alive',
  'host' => 'dt.julongjinrong.top',
  'content-type' => '',
  'content-length' => '',
)
[ info ] [ PARAM ] array (
)
[ info ] [ LOG ] INIT File
