---------------------------------------------------------------
[ 2018-02-18T09:20:08+08:00 ] 171.82.155.175 GET /ding/index/index
[ info ] dt.julongjinrong.top/ding/index/index [运行时间：0.355787s][吞吐率：2.81req/s] [内存消耗：1,871.48kb] [文件加载：65]
[ info ] [ BEHAVIOR ] Run Closure @app_init [ RunTime:0.000018s ]
[ info ] [ CACHE ] INIT File
[ info ] [ BEHAVIOR ] Run Closure @app_init [ RunTime:0.001104s ]
[ info ] [ LANG ] /home/wwwroot/dt.julongjinrong.top/thinkphp/lang/zh-cn.php
[ info ] [ ROUTE ] array (
  'type' => 'module',
  'module' => 
  array (
    0 => 'ding',
    1 => 'index',
    2 => 'index',
  ),
)
[ info ] [ HEADER ] array (
  'cookie' => 'Hm_lvt_f8d0a8c400404989e195270b0bbf060a=1517577788,1517967570; Hm_lpvt_f8d0a8c400404989e195270b0bbf060a=1517973143',
  'accept-encoding' => 'gzip, deflate',
  'referer' => 'http://dt.julongjinrong.top/ding/index/index',
  'accept-language' => 'zh-CN',
  'user-agent' => 'Mozilla/5.0 (Linux; U; Android 7.0; zh-CN; SM-G9550 Build/NRD90M) AppleWebKit/537.36 (KHTML, like Gecko) Version/4.0 Chrome/40.0.2214.89 UCBrowser/11.6.6.951 UWS/2.11.0.42 Mobile Safari/537.36 AliApp(DingTalk/4.2.8) com.alibaba.android.rimet/0 Channel/10002068 language/zh-CN',
  'accept' => 'text/html,application/xhtml+xml,application/xml;q=0.9,image/webp,*/*;q=0.8,UC/3009',
  'connection' => 'keep-alive',
  'host' => 'dt.julongjinrong.top',
  'content-type' => '',
  'content-length' => '',
)
[ info ] [ PARAM ] array (
)
[ info ] [ BEHAVIOR ] Run app\common\behavior\Common @module_init [ RunTime:0.000204s ]
[ info ] [ RUN ] app\ding\controller\Index->index[ /home/wwwroot/dt.julongjinrong.top/application/ding/controller/Index.php ]
[ info ] [ VIEW ] /home/wwwroot/dt.julongjinrong.top/public/../application/ding/view/index/index.html [ array (
  0 => 'list',
) ]
[ info ] [ LOG ] INIT File
---------------------------------------------------------------
[ 2018-02-18T09:20:10+08:00 ] 171.82.155.175 GET /favicon.ico
[ info ] dt.julongjinrong.top/favicon.ico [运行时间：0.022800s][吞吐率：43.86req/s] [内存消耗：1,634.33kb] [文件加载：53]
[ info ] [ BEHAVIOR ] Run Closure @app_init [ RunTime:0.000019s ]
[ info ] [ CACHE ] INIT File
[ info ] [ BEHAVIOR ] Run Closure @app_init [ RunTime:0.001095s ]
[ info ] [ LANG ] /home/wwwroot/dt.julongjinrong.top/thinkphp/lang/zh-cn.php
[ info ] [ ROUTE ] array (
  'type' => 'module',
  'module' => 
  array (
    0 => 'favicon.ico',
    1 => NULL,
    2 => NULL,
  ),
)
[ info ] [ HEADER ] array (
  'user-agent' => 'Mozilla/5.0 (Linux; U; Android 7.0; zh-CN; SM-G9550 Build/NRD90M) AppleWebKit/537.36 (KHTML, like Gecko) Version/4.0 Chrome/40.0.2214.89 UCBrowser/11.6.6.951 UWS/2.11.0.42 Mobile Safari/537.36 AliApp(DingTalk/4.2.8) com.alibaba.android.rimet/0 Channel/10002068 language/zh-CN',
  'cookie' => 'Hm_lvt_f8d0a8c400404989e195270b0bbf060a=1517577788,1517967570; Hm_lpvt_f8d0a8c400404989e195270b0bbf060a=1517973143',
  'accept-language' => 'zh-CN,en-US;q=0.8',
  'accept-encoding' => 'gzip, deflate',
  'accept' => '*/*',
  'connection' => 'keep-alive',
  'host' => 'dt.julongjinrong.top',
  'content-type' => '',
  'content-length' => '',
)
[ info ] [ PARAM ] array (
)
[ info ] [ LOG ] INIT File
---------------------------------------------------------------
[ 2018-02-18T09:20:11+08:00 ] 171.82.155.175 GET /ding/index/index
[ info ] dt.julongjinrong.top/ding/index/index [运行时间：0.362050s][吞吐率：2.76req/s] [内存消耗：1,871.48kb] [文件加载：65]
[ info ] [ BEHAVIOR ] Run Closure @app_init [ RunTime:0.000020s ]
[ info ] [ CACHE ] INIT File
[ info ] [ BEHAVIOR ] Run Closure @app_init [ RunTime:0.001129s ]
[ info ] [ LANG ] /home/wwwroot/dt.julongjinrong.top/thinkphp/lang/zh-cn.php
[ info ] [ ROUTE ] array (
  'type' => 'module',
  'module' => 
  array (
    0 => 'ding',
    1 => 'index',
    2 => 'index',
  ),
)
[ info ] [ HEADER ] array (
  'cookie' => 'Hm_lvt_f8d0a8c400404989e195270b0bbf060a=1517577788,1517967570; Hm_lpvt_f8d0a8c400404989e195270b0bbf060a=1517973143',
  'accept-encoding' => 'gzip, deflate',
  'referer' => 'http://dt.julongjinrong.top/ding/index/index',
  'accept-language' => 'zh-CN',
  'user-agent' => 'Mozilla/5.0 (Linux; U; Android 7.0; zh-CN; SM-G9550 Build/NRD90M) AppleWebKit/537.36 (KHTML, like Gecko) Version/4.0 Chrome/40.0.2214.89 UCBrowser/11.6.6.951 UWS/2.11.0.42 Mobile Safari/537.36 AliApp(DingTalk/4.2.8) com.alibaba.android.rimet/0 Channel/10002068 language/zh-CN',
  'accept' => 'text/html,application/xhtml+xml,application/xml;q=0.9,image/webp,*/*;q=0.8,UC/3009',
  'connection' => 'keep-alive',
  'host' => 'dt.julongjinrong.top',
  'content-type' => '',
  'content-length' => '',
)
[ info ] [ PARAM ] array (
)
[ info ] [ BEHAVIOR ] Run app\common\behavior\Common @module_init [ RunTime:0.000202s ]
[ info ] [ RUN ] app\ding\controller\Index->index[ /home/wwwroot/dt.julongjinrong.top/application/ding/controller/Index.php ]
[ info ] [ VIEW ] /home/wwwroot/dt.julongjinrong.top/public/../application/ding/view/index/index.html [ array (
  0 => 'list',
) ]
[ info ] [ LOG ] INIT File
---------------------------------------------------------------
[ 2018-02-18T09:20:11+08:00 ] 171.82.155.175 GET /favicon.ico
[ info ] dt.julongjinrong.top/favicon.ico [运行时间：0.024608s][吞吐率：40.64req/s] [内存消耗：1,634.33kb] [文件加载：53]
[ info ] [ BEHAVIOR ] Run Closure @app_init [ RunTime:0.000023s ]
[ info ] [ CACHE ] INIT File
[ info ] [ BEHAVIOR ] Run Closure @app_init [ RunTime:0.001407s ]
[ info ] [ LANG ] /home/wwwroot/dt.julongjinrong.top/thinkphp/lang/zh-cn.php
[ info ] [ ROUTE ] array (
  'type' => 'module',
  'module' => 
  array (
    0 => 'favicon.ico',
    1 => NULL,
    2 => NULL,
  ),
)
[ info ] [ HEADER ] array (
  'user-agent' => 'Mozilla/5.0 (Linux; U; Android 7.0; zh-CN; SM-G9550 Build/NRD90M) AppleWebKit/537.36 (KHTML, like Gecko) Version/4.0 Chrome/40.0.2214.89 UCBrowser/11.6.6.951 UWS/2.11.0.42 Mobile Safari/537.36 AliApp(DingTalk/4.2.8) com.alibaba.android.rimet/0 Channel/10002068 language/zh-CN',
  'cookie' => 'Hm_lvt_f8d0a8c400404989e195270b0bbf060a=1517577788,1517967570; Hm_lpvt_f8d0a8c400404989e195270b0bbf060a=1517973143',
  'accept-language' => 'zh-CN,en-US;q=0.8',
  'accept-encoding' => 'gzip, deflate',
  'accept' => '*/*',
  'connection' => 'keep-alive',
  'host' => 'dt.julongjinrong.top',
  'content-type' => '',
  'content-length' => '',
)
[ info ] [ PARAM ] array (
)
[ info ] [ LOG ] INIT File
---------------------------------------------------------------
[ 2018-02-18T13:36:04+08:00 ] 42.156.250.242 GET /ding/index/index
[ info ] dt.julongjinrong.top/ding/index/index [运行时间：0.417676s][吞吐率：2.39req/s] [内存消耗：1,870.11kb] [文件加载：65]
[ info ] [ BEHAVIOR ] Run Closure @app_init [ RunTime:0.000021s ]
[ info ] [ CACHE ] INIT File
[ info ] [ BEHAVIOR ] Run Closure @app_init [ RunTime:0.001090s ]
[ info ] [ LANG ] /home/wwwroot/dt.julongjinrong.top/thinkphp/lang/zh-cn.php
[ info ] [ ROUTE ] array (
  'type' => 'module',
  'module' => 
  array (
    0 => 'ding',
    1 => 'index',
    2 => 'index',
  ),
)
[ info ] [ HEADER ] array (
  'host' => 'dt.julongjinrong.top',
  'accept-language' => 'zh-CN,zh;q=0.8,en;q=0.6',
  'cookie' => 'JSESSIONID=C5772A0E7BEED2D0940C9F4B4AE6FC80; Path=/idcerp; HttpOnly',
  'accept-encoding' => 'gzip, deflate',
  'user-agent' => 'Mozilla/5.0 (Linux; Android 5.0.2; SM-A5000 Build/LRX22C ) AppleWebKit/603.2.4 (KHTML, like Gecko) Mobile/14F89 Tx(CUNTAO/5.3.2) WindVane/8.1.0 750x1334',
  'accept' => 'text/html,application/xhtml+xml,application/xml;q=0.9,image/webp,*/*;q=0.8',
  'connection' => 'close',
  'content-type' => '',
  'content-length' => '',
)
[ info ] [ PARAM ] array (
)
[ info ] [ BEHAVIOR ] Run app\common\behavior\Common @module_init [ RunTime:0.000214s ]
[ info ] [ RUN ] app\ding\controller\Index->index[ /home/wwwroot/dt.julongjinrong.top/application/ding/controller/Index.php ]
[ info ] [ VIEW ] /home/wwwroot/dt.julongjinrong.top/public/../application/ding/view/index/index.html [ array (
  0 => 'list',
) ]
[ info ] [ LOG ] INIT File
---------------------------------------------------------------
[ 2018-02-18T13:36:04+08:00 ] 42.156.250.242 GET /ding/index/index
[ info ] dt.julongjinrong.top/ding/index/index [运行时间：0.325598s][吞吐率：3.07req/s] [内存消耗：1,868.09kb] [文件加载：65]
[ info ] [ BEHAVIOR ] Run Closure @app_init [ RunTime:0.000017s ]
[ info ] [ CACHE ] INIT File
[ info ] [ BEHAVIOR ] Run Closure @app_init [ RunTime:0.001049s ]
[ info ] [ LANG ] /home/wwwroot/dt.julongjinrong.top/thinkphp/lang/zh-cn.php
[ info ] [ ROUTE ] array (
  'type' => 'module',
  'module' => 
  array (
    0 => 'ding',
    1 => 'index',
    2 => 'index',
  ),
)
[ info ] [ HEADER ] array (
  'host' => 'dt.julongjinrong.top',
  'accept-language' => 'zh-CN,en,*',
  'accept-encoding' => 'gzip, deflate',
  'connection' => 'Keep-Alive',
  'user-agent' => 'Mozilla/5.0 (Linux; Android 5.0.2; SM-A5000 Build/LRX22C ) AppleWebKit/603.2.4 (KHTML, like Gecko) Mobile/14F89 Tx(CUNTAO/5.3.2) WindVane/8.1.0 750x1334',
  'accept' => 'text/html,application/xhtml+xml,application/xml;q=0.9,*/*;q=0.8',
  'content-type' => '',
  'content-length' => '',
)
[ info ] [ PARAM ] array (
)
[ info ] [ BEHAVIOR ] Run app\common\behavior\Common @module_init [ RunTime:0.000219s ]
[ info ] [ RUN ] app\ding\controller\Index->index[ /home/wwwroot/dt.julongjinrong.top/application/ding/controller/Index.php ]
[ info ] [ VIEW ] /home/wwwroot/dt.julongjinrong.top/public/../application/ding/view/index/index.html [ array (
  0 => 'list',
) ]
[ info ] [ LOG ] INIT File
---------------------------------------------------------------
[ 2018-02-18T13:36:05+08:00 ] 27.23.198.234 GET /ding/index/index
[ info ] dt.julongjinrong.top/ding/index/index [运行时间：0.372823s][吞吐率：2.68req/s] [内存消耗：1,871.55kb] [文件加载：65]
[ info ] [ BEHAVIOR ] Run Closure @app_init [ RunTime:0.000016s ]
[ info ] [ CACHE ] INIT File
[ info ] [ BEHAVIOR ] Run Closure @app_init [ RunTime:0.001072s ]
[ info ] [ LANG ] /home/wwwroot/dt.julongjinrong.top/thinkphp/lang/zh-cn.php
[ info ] [ ROUTE ] array (
  'type' => 'module',
  'module' => 
  array (
    0 => 'ding',
    1 => 'index',
    2 => 'index',
  ),
)
[ info ] [ HEADER ] array (
  'cookie' => 'PHPSESSID=994fvr1b5seherge5cl0a0nu16; Hm_lvt_f8d0a8c400404989e195270b0bbf060a=1517499898; Hm_lpvt_f8d0a8c400404989e195270b0bbf060a=1518106505',
  'accept-encoding' => 'gzip, deflate',
  'referer' => 'http://dt.julongjinrong.top/ding/index/index',
  'accept-language' => 'zh-CN',
  'user-agent' => 'Mozilla/5.0 (Linux; U; Android 6.0.1; zh-CN; PRO 6 Plus Build/MMB29T) AppleWebKit/537.36 (KHTML, like Gecko) Version/4.0 Chrome/40.0.2214.89 UCBrowser/11.6.6.951 UWS/2.11.0.42 Mobile Safari/537.36 AliApp(DingTalk/4.2.8) com.alibaba.android.rimet/0 Channel/228200 language/zh-CN',
  'accept' => 'text/html,application/xhtml+xml,application/xml;q=0.9,image/webp,*/*;q=0.8,UC/3009',
  'connection' => 'keep-alive',
  'host' => 'dt.julongjinrong.top',
  'content-type' => '',
  'content-length' => '',
)
[ info ] [ PARAM ] array (
)
[ info ] [ BEHAVIOR ] Run app\common\behavior\Common @module_init [ RunTime:0.000220s ]
[ info ] [ RUN ] app\ding\controller\Index->index[ /home/wwwroot/dt.julongjinrong.top/application/ding/controller/Index.php ]
[ info ] [ VIEW ] /home/wwwroot/dt.julongjinrong.top/public/../application/ding/view/index/index.html [ array (
  0 => 'list',
) ]
[ info ] [ LOG ] INIT File
---------------------------------------------------------------
[ 2018-02-18T13:36:05+08:00 ] 27.23.198.234 GET /favicon.ico
[ info ] dt.julongjinrong.top/favicon.ico [运行时间：0.019484s][吞吐率：51.32req/s] [内存消耗：1,634.39kb] [文件加载：53]
[ info ] [ BEHAVIOR ] Run Closure @app_init [ RunTime:0.000018s ]
[ info ] [ CACHE ] INIT File
[ info ] [ BEHAVIOR ] Run Closure @app_init [ RunTime:0.001068s ]
[ info ] [ LANG ] /home/wwwroot/dt.julongjinrong.top/thinkphp/lang/zh-cn.php
[ info ] [ ROUTE ] array (
  'type' => 'module',
  'module' => 
  array (
    0 => 'favicon.ico',
    1 => NULL,
    2 => NULL,
  ),
)
[ info ] [ HEADER ] array (
  'user-agent' => 'Mozilla/5.0 (Linux; U; Android 6.0.1; zh-CN; PRO 6 Plus Build/MMB29T) AppleWebKit/537.36 (KHTML, like Gecko) Version/4.0 Chrome/40.0.2214.89 UCBrowser/11.6.6.951 UWS/2.11.0.42 Mobile Safari/537.36 AliApp(DingTalk/4.2.8) com.alibaba.android.rimet/0 Channel/228200 language/zh-CN',
  'cookie' => 'PHPSESSID=994fvr1b5seherge5cl0a0nu16; Hm_lvt_f8d0a8c400404989e195270b0bbf060a=1517499898; Hm_lpvt_f8d0a8c400404989e195270b0bbf060a=1518106505',
  'accept-language' => 'zh-CN,en-US;q=0.8',
  'accept-encoding' => 'gzip, deflate',
  'accept' => '*/*',
  'connection' => 'keep-alive',
  'host' => 'dt.julongjinrong.top',
  'content-type' => '',
  'content-length' => '',
)
[ info ] [ PARAM ] array (
)
[ info ] [ LOG ] INIT File
---------------------------------------------------------------
[ 2018-02-18T13:36:06+08:00 ] 27.23.198.234 GET /ding/index/index
[ info ] dt.julongjinrong.top/ding/index/index [运行时间：0.391724s][吞吐率：2.55req/s] [内存消耗：1,871.55kb] [文件加载：65]
[ info ] [ BEHAVIOR ] Run Closure @app_init [ RunTime:0.000019s ]
[ info ] [ CACHE ] INIT File
[ info ] [ BEHAVIOR ] Run Closure @app_init [ RunTime:0.001065s ]
[ info ] [ LANG ] /home/wwwroot/dt.julongjinrong.top/thinkphp/lang/zh-cn.php
[ info ] [ ROUTE ] array (
  'type' => 'module',
  'module' => 
  array (
    0 => 'ding',
    1 => 'index',
    2 => 'index',
  ),
)
[ info ] [ HEADER ] array (
  'cookie' => 'PHPSESSID=994fvr1b5seherge5cl0a0nu16; Hm_lvt_f8d0a8c400404989e195270b0bbf060a=1517499898; Hm_lpvt_f8d0a8c400404989e195270b0bbf060a=1518106505',
  'accept-encoding' => 'gzip, deflate',
  'referer' => 'http://dt.julongjinrong.top/ding/index/index',
  'accept-language' => 'zh-CN',
  'user-agent' => 'Mozilla/5.0 (Linux; U; Android 6.0.1; zh-CN; PRO 6 Plus Build/MMB29T) AppleWebKit/537.36 (KHTML, like Gecko) Version/4.0 Chrome/40.0.2214.89 UCBrowser/11.6.6.951 UWS/2.11.0.42 Mobile Safari/537.36 AliApp(DingTalk/4.2.8) com.alibaba.android.rimet/0 Channel/228200 language/zh-CN',
  'accept' => 'text/html,application/xhtml+xml,application/xml;q=0.9,image/webp,*/*;q=0.8,UC/3009',
  'connection' => 'keep-alive',
  'host' => 'dt.julongjinrong.top',
  'content-type' => '',
  'content-length' => '',
)
[ info ] [ PARAM ] array (
)
[ info ] [ BEHAVIOR ] Run app\common\behavior\Common @module_init [ RunTime:0.000200s ]
[ info ] [ RUN ] app\ding\controller\Index->index[ /home/wwwroot/dt.julongjinrong.top/application/ding/controller/Index.php ]
[ info ] [ VIEW ] /home/wwwroot/dt.julongjinrong.top/public/../application/ding/view/index/index.html [ array (
  0 => 'list',
) ]
[ info ] [ LOG ] INIT File
---------------------------------------------------------------
[ 2018-02-18T13:36:07+08:00 ] 27.23.198.234 GET /favicon.ico
[ info ] dt.julongjinrong.top/favicon.ico [运行时间：0.019426s][吞吐率：51.48req/s] [内存消耗：1,634.39kb] [文件加载：53]
[ info ] [ BEHAVIOR ] Run Closure @app_init [ RunTime:0.000019s ]
[ info ] [ CACHE ] INIT File
[ info ] [ BEHAVIOR ] Run Closure @app_init [ RunTime:0.001089s ]
[ info ] [ LANG ] /home/wwwroot/dt.julongjinrong.top/thinkphp/lang/zh-cn.php
[ info ] [ ROUTE ] array (
  'type' => 'module',
  'module' => 
  array (
    0 => 'favicon.ico',
    1 => NULL,
    2 => NULL,
  ),
)
[ info ] [ HEADER ] array (
  'user-agent' => 'Mozilla/5.0 (Linux; U; Android 6.0.1; zh-CN; PRO 6 Plus Build/MMB29T) AppleWebKit/537.36 (KHTML, like Gecko) Version/4.0 Chrome/40.0.2214.89 UCBrowser/11.6.6.951 UWS/2.11.0.42 Mobile Safari/537.36 AliApp(DingTalk/4.2.8) com.alibaba.android.rimet/0 Channel/228200 language/zh-CN',
  'cookie' => 'PHPSESSID=994fvr1b5seherge5cl0a0nu16; Hm_lvt_f8d0a8c400404989e195270b0bbf060a=1517499898; Hm_lpvt_f8d0a8c400404989e195270b0bbf060a=1518106505',
  'accept-language' => 'zh-CN,en-US;q=0.8',
  'accept-encoding' => 'gzip, deflate',
  'accept' => '*/*',
  'connection' => 'keep-alive',
  'host' => 'dt.julongjinrong.top',
  'content-type' => '',
  'content-length' => '',
)
[ info ] [ PARAM ] array (
)
[ info ] [ LOG ] INIT File
---------------------------------------------------------------
[ 2018-02-18T16:51:46+08:00 ] 106.11.225.73 GET /
[ info ] dt.julongjinrong.top/ [运行时间：0.027513s][吞吐率：36.35req/s] [内存消耗：2,292.40kb] [文件加载：66]
[ info ] [ BEHAVIOR ] Run Closure @app_init [ RunTime:0.000019s ]
[ info ] [ CACHE ] INIT File
[ info ] [ BEHAVIOR ] Run Closure @app_init [ RunTime:0.001064s ]
[ info ] [ LANG ] /home/wwwroot/dt.julongjinrong.top/thinkphp/lang/zh-cn.php
[ info ] [ ROUTE ] array (
  'type' => 'module',
  'module' => 
  array (
    0 => '',
    1 => NULL,
    2 => NULL,
  ),
)
[ info ] [ HEADER ] array (
  'connection' => 'keep-alive',
  'accept' => 'text/html, image/gif, image/jpeg, *; q=.2, */*; q=.2',
  'host' => 'dt.julongjinrong.top',
  'pragma' => 'no-cache',
  'cache-control' => 'no-cache',
  'user-agent' => 'Mozilla/5.0 (iPad; CPU OS 9_1 like Mac OS X) AppleWebKit/601.1.46 (KHTML, like Gecko) Version/9.0 Mobile/13B143 Safari/601.1',
  'accept-encoding' => 'gzip',
  'content-type' => '',
  'content-length' => '',
)
[ info ] [ PARAM ] array (
)
[ info ] [ LANG ] /home/wwwroot/dt.julongjinrong.top/public/../application/index/lang/zh-cn.php
[ info ] [ BEHAVIOR ] Run app\common\behavior\Common @module_init [ RunTime:0.000203s ]
[ info ] [ LANG ] /home/wwwroot/dt.julongjinrong.top/public/../application/index/lang/zh-cn/index.php
[ info ] [ RUN ] app\index\controller\Index->index[ /home/wwwroot/dt.julongjinrong.top/application/index/controller/Index.php ]
[ info ] [ VIEW ] /home/wwwroot/dt.julongjinrong.top/public/../application/index/view/index/index.html [ array (
  0 => 'user',
  1 => 'site',
  2 => 'config',
) ]
[ info ] [ LOG ] INIT File
---------------------------------------------------------------
[ 2018-02-18T17:33:23+08:00 ] 223.104.101.10 GET /favicon.ico
[ info ] dt.julongjinrong.top/favicon.ico [运行时间：0.020151s][吞吐率：49.62req/s] [内存消耗：1,631.72kb] [文件加载：53]
[ info ] [ BEHAVIOR ] Run Closure @app_init [ RunTime:0.000020s ]
[ info ] [ CACHE ] INIT File
[ info ] [ BEHAVIOR ] Run Closure @app_init [ RunTime:0.001076s ]
[ info ] [ LANG ] /home/wwwroot/dt.julongjinrong.top/thinkphp/lang/zh-cn.php
[ info ] [ ROUTE ] array (
  'type' => 'module',
  'module' => 
  array (
    0 => 'favicon.ico',
    1 => NULL,
    2 => NULL,
  ),
)
[ info ] [ HEADER ] array (
  'user-agent' => 'Mozilla/5.0 (Linux; U; Android 6.0; zh-CN; Redmi Note 4X Build/MRA58K) AppleWebKit/537.36 (KHTML, like Gecko) Version/4.0 Chrome/40.0.2214.89 UCBrowser/11.6.6.951 UWS/2.11.0.42 Mobile Safari/537.36 AliApp(DingTalk/4.2.8) com.alibaba.android.rimet/0 Channel/700159 language/zh-CN',
  'accept-language' => 'zh-CN,en-US;q=0.8',
  'accept-encoding' => 'gzip, deflate',
  'accept' => '*/*',
  'connection' => 'keep-alive',
  'host' => 'dt.julongjinrong.top',
  'content-type' => '',
  'content-length' => '',
)
[ info ] [ PARAM ] array (
)
[ info ] [ LOG ] INIT File
---------------------------------------------------------------
[ 2018-02-18T19:11:53+08:00 ] 113.57.182.3 GET /ding/index/index
[ info ] dt.julongjinrong.top/ding/index/index [运行时间：0.381311s][吞吐率：2.62req/s] [内存消耗：1,870.67kb] [文件加载：65]
[ info ] [ BEHAVIOR ] Run Closure @app_init [ RunTime:0.000021s ]
[ info ] [ CACHE ] INIT File
[ info ] [ BEHAVIOR ] Run Closure @app_init [ RunTime:0.001018s ]
[ info ] [ LANG ] /home/wwwroot/dt.julongjinrong.top/thinkphp/lang/zh-cn.php
[ info ] [ ROUTE ] array (
  'type' => 'module',
  'module' => 
  array (
    0 => 'ding',
    1 => 'index',
    2 => 'index',
  ),
)
[ info ] [ HEADER ] array (
  'connection' => 'keep-alive',
  'accept-encoding' => 'gzip, deflate',
  'accept-language' => 'zh-cn',
  'user-agent' => 'Mozilla/5.0 (iPhone; CPU iPhone OS 11_2_1 like Mac OS X) AppleWebKit/604.4.7 (KHTML, like Gecko) Mobile/15C153 AliApp(DingTalk/4.2.8) com.laiwang.DingTalk/3130734 Channel/201200 language/zh-Hans-CN',
  'accept' => 'text/html,application/xhtml+xml,application/xml;q=0.9,*/*;q=0.8',
  'upgrade-insecure-requests' => '1',
  'dingtalk-flag' => '1',
  'cookie' => 'Hm_lvt_f8d0a8c400404989e195270b0bbf060a=1517810087,1517968651',
  'host' => 'dt.julongjinrong.top',
  'content-type' => '',
  'content-length' => '',
)
[ info ] [ PARAM ] array (
)
[ info ] [ BEHAVIOR ] Run app\common\behavior\Common @module_init [ RunTime:0.000189s ]
[ info ] [ RUN ] app\ding\controller\Index->index[ /home/wwwroot/dt.julongjinrong.top/application/ding/controller/Index.php ]
[ info ] [ VIEW ] /home/wwwroot/dt.julongjinrong.top/public/../application/ding/view/index/index.html [ array (
  0 => 'list',
) ]
[ info ] [ LOG ] INIT File
---------------------------------------------------------------
[ 2018-02-18T19:54:30+08:00 ] 106.121.64.159 GET /ding/index/index
[ info ] dt.julongjinrong.top/ding/index/index [运行时间：0.407933s][吞吐率：2.45req/s] [内存消耗：1,870.44kb] [文件加载：65]
[ info ] [ BEHAVIOR ] Run Closure @app_init [ RunTime:0.000019s ]
[ info ] [ CACHE ] INIT File
[ info ] [ BEHAVIOR ] Run Closure @app_init [ RunTime:0.001075s ]
[ info ] [ LANG ] /home/wwwroot/dt.julongjinrong.top/thinkphp/lang/zh-cn.php
[ info ] [ ROUTE ] array (
  'type' => 'module',
  'module' => 
  array (
    0 => 'ding',
    1 => 'index',
    2 => 'index',
  ),
)
[ info ] [ HEADER ] array (
  'accept-encoding' => 'gzip, deflate',
  'referer' => 'http://dt.julongjinrong.top/ding/index/index',
  'accept-language' => 'zh-CN',
  'user-agent' => 'Mozilla/5.0 (Linux; U; Android 7.0; zh-CN; VTR-AL00 Build/HUAWEIVTR-AL00) AppleWebKit/537.36 (KHTML, like Gecko) Version/4.0 Chrome/40.0.2214.89 UCBrowser/11.6.6.951 UWS/2.11.0.42 Mobile Safari/537.36 AliApp(DingTalk/4.2.8) com.alibaba.android.rimet/0 Channel/227200 language/zh-CN',
  'accept' => 'text/html,application/xhtml+xml,application/xml;q=0.9,image/webp,*/*;q=0.8,UC/3009',
  'connection' => 'keep-alive',
  'host' => 'dt.julongjinrong.top',
  'content-type' => '',
  'content-length' => '',
)
[ info ] [ PARAM ] array (
)
[ info ] [ BEHAVIOR ] Run app\common\behavior\Common @module_init [ RunTime:0.000238s ]
[ info ] [ RUN ] app\ding\controller\Index->index[ /home/wwwroot/dt.julongjinrong.top/application/ding/controller/Index.php ]
[ info ] [ VIEW ] /home/wwwroot/dt.julongjinrong.top/public/../application/ding/view/index/index.html [ array (
  0 => 'list',
) ]
[ info ] [ LOG ] INIT File
---------------------------------------------------------------
[ 2018-02-18T19:54:30+08:00 ] 106.121.64.159 GET /favicon.ico
[ info ] dt.julongjinrong.top/favicon.ico [运行时间：0.020208s][吞吐率：49.49req/s] [内存消耗：1,631.72kb] [文件加载：53]
[ info ] [ BEHAVIOR ] Run Closure @app_init [ RunTime:0.000018s ]
[ info ] [ CACHE ] INIT File
[ info ] [ BEHAVIOR ] Run Closure @app_init [ RunTime:0.001089s ]
[ info ] [ LANG ] /home/wwwroot/dt.julongjinrong.top/thinkphp/lang/zh-cn.php
[ info ] [ ROUTE ] array (
  'type' => 'module',
  'module' => 
  array (
    0 => 'favicon.ico',
    1 => NULL,
    2 => NULL,
  ),
)
[ info ] [ HEADER ] array (
  'user-agent' => 'Mozilla/5.0 (Linux; U; Android 7.0; zh-CN; VTR-AL00 Build/HUAWEIVTR-AL00) AppleWebKit/537.36 (KHTML, like Gecko) Version/4.0 Chrome/40.0.2214.89 UCBrowser/11.6.6.951 UWS/2.11.0.42 Mobile Safari/537.36 AliApp(DingTalk/4.2.8) com.alibaba.android.rimet/0 Channel/227200 language/zh-CN',
  'accept-language' => 'zh-CN,en-US;q=0.8',
  'accept-encoding' => 'gzip, deflate',
  'accept' => '*/*',
  'connection' => 'keep-alive',
  'host' => 'dt.julongjinrong.top',
  'content-type' => '',
  'content-length' => '',
)
[ info ] [ PARAM ] array (
)
[ info ] [ LOG ] INIT File
---------------------------------------------------------------
[ 2018-02-18T19:54:32+08:00 ] 106.121.64.159 GET /ding/index/index
[ info ] dt.julongjinrong.top/ding/index/index [运行时间：0.358561s][吞吐率：2.79req/s] [内存消耗：1,870.44kb] [文件加载：65]
[ info ] [ BEHAVIOR ] Run Closure @app_init [ RunTime:0.000035s ]
[ info ] [ CACHE ] INIT File
[ info ] [ BEHAVIOR ] Run Closure @app_init [ RunTime:0.001031s ]
[ info ] [ LANG ] /home/wwwroot/dt.julongjinrong.top/thinkphp/lang/zh-cn.php
[ info ] [ ROUTE ] array (
  'type' => 'module',
  'module' => 
  array (
    0 => 'ding',
    1 => 'index',
    2 => 'index',
  ),
)
[ info ] [ HEADER ] array (
  'accept-encoding' => 'gzip, deflate',
  'referer' => 'http://dt.julongjinrong.top/ding/index/index',
  'accept-language' => 'zh-CN',
  'user-agent' => 'Mozilla/5.0 (Linux; U; Android 7.0; zh-CN; VTR-AL00 Build/HUAWEIVTR-AL00) AppleWebKit/537.36 (KHTML, like Gecko) Version/4.0 Chrome/40.0.2214.89 UCBrowser/11.6.6.951 UWS/2.11.0.42 Mobile Safari/537.36 AliApp(DingTalk/4.2.8) com.alibaba.android.rimet/0 Channel/227200 language/zh-CN',
  'accept' => 'text/html,application/xhtml+xml,application/xml;q=0.9,image/webp,*/*;q=0.8,UC/3009',
  'connection' => 'keep-alive',
  'host' => 'dt.julongjinrong.top',
  'content-type' => '',
  'content-length' => '',
)
[ info ] [ PARAM ] array (
)
[ info ] [ BEHAVIOR ] Run app\common\behavior\Common @module_init [ RunTime:0.000196s ]
[ info ] [ RUN ] app\ding\controller\Index->index[ /home/wwwroot/dt.julongjinrong.top/application/ding/controller/Index.php ]
[ info ] [ VIEW ] /home/wwwroot/dt.julongjinrong.top/public/../application/ding/view/index/index.html [ array (
  0 => 'list',
) ]
[ info ] [ LOG ] INIT File
---------------------------------------------------------------
[ 2018-02-18T19:54:32+08:00 ] 106.121.64.159 GET /favicon.ico
[ info ] dt.julongjinrong.top/favicon.ico [运行时间：0.019694s][吞吐率：50.78req/s] [内存消耗：1,631.72kb] [文件加载：53]
[ info ] [ BEHAVIOR ] Run Closure @app_init [ RunTime:0.000020s ]
[ info ] [ CACHE ] INIT File
[ info ] [ BEHAVIOR ] Run Closure @app_init [ RunTime:0.001070s ]
[ info ] [ LANG ] /home/wwwroot/dt.julongjinrong.top/thinkphp/lang/zh-cn.php
[ info ] [ ROUTE ] array (
  'type' => 'module',
  'module' => 
  array (
    0 => 'favicon.ico',
    1 => NULL,
    2 => NULL,
  ),
)
[ info ] [ HEADER ] array (
  'user-agent' => 'Mozilla/5.0 (Linux; U; Android 7.0; zh-CN; VTR-AL00 Build/HUAWEIVTR-AL00) AppleWebKit/537.36 (KHTML, like Gecko) Version/4.0 Chrome/40.0.2214.89 UCBrowser/11.6.6.951 UWS/2.11.0.42 Mobile Safari/537.36 AliApp(DingTalk/4.2.8) com.alibaba.android.rimet/0 Channel/227200 language/zh-CN',
  'accept-language' => 'zh-CN,en-US;q=0.8',
  'accept-encoding' => 'gzip, deflate',
  'accept' => '*/*',
  'connection' => 'keep-alive',
  'host' => 'dt.julongjinrong.top',
  'content-type' => '',
  'content-length' => '',
)
[ info ] [ PARAM ] array (
)
[ info ] [ LOG ] INIT File
---------------------------------------------------------------
[ 2018-02-18T19:54:35+08:00 ] 106.121.64.159 GET /ding/index/index
[ info ] dt.julongjinrong.top/ding/index/index [运行时间：0.373452s][吞吐率：2.68req/s] [内存消耗：1,870.44kb] [文件加载：65]
[ info ] [ BEHAVIOR ] Run Closure @app_init [ RunTime:0.000019s ]
[ info ] [ CACHE ] INIT File
[ info ] [ BEHAVIOR ] Run Closure @app_init [ RunTime:0.002102s ]
[ info ] [ LANG ] /home/wwwroot/dt.julongjinrong.top/thinkphp/lang/zh-cn.php
[ info ] [ ROUTE ] array (
  'type' => 'module',
  'module' => 
  array (
    0 => 'ding',
    1 => 'index',
    2 => 'index',
  ),
)
[ info ] [ HEADER ] array (
  'accept-encoding' => 'gzip, deflate',
  'referer' => 'http://dt.julongjinrong.top/ding/index/index',
  'accept-language' => 'zh-CN',
  'user-agent' => 'Mozilla/5.0 (Linux; U; Android 7.0; zh-CN; VTR-AL00 Build/HUAWEIVTR-AL00) AppleWebKit/537.36 (KHTML, like Gecko) Version/4.0 Chrome/40.0.2214.89 UCBrowser/11.6.6.951 UWS/2.11.0.42 Mobile Safari/537.36 AliApp(DingTalk/4.2.8) com.alibaba.android.rimet/0 Channel/227200 language/zh-CN',
  'accept' => 'text/html,application/xhtml+xml,application/xml;q=0.9,image/webp,*/*;q=0.8,UC/3009',
  'connection' => 'keep-alive',
  'host' => 'dt.julongjinrong.top',
  'content-type' => '',
  'content-length' => '',
)
[ info ] [ PARAM ] array (
)
[ info ] [ BEHAVIOR ] Run app\common\behavior\Common @module_init [ RunTime:0.000265s ]
[ info ] [ RUN ] app\ding\controller\Index->index[ /home/wwwroot/dt.julongjinrong.top/application/ding/controller/Index.php ]
[ info ] [ VIEW ] /home/wwwroot/dt.julongjinrong.top/public/../application/ding/view/index/index.html [ array (
  0 => 'list',
) ]
[ info ] [ LOG ] INIT File
---------------------------------------------------------------
[ 2018-02-18T19:55:39+08:00 ] 106.121.64.159 GET /favicon.ico
[ info ] dt.julongjinrong.top/favicon.ico [运行时间：0.024261s][吞吐率：41.22req/s] [内存消耗：1,631.72kb] [文件加载：53]
[ info ] [ BEHAVIOR ] Run Closure @app_init [ RunTime:0.000021s ]
[ info ] [ CACHE ] INIT File
[ info ] [ BEHAVIOR ] Run Closure @app_init [ RunTime:0.001371s ]
[ info ] [ LANG ] /home/wwwroot/dt.julongjinrong.top/thinkphp/lang/zh-cn.php
[ info ] [ ROUTE ] array (
  'type' => 'module',
  'module' => 
  array (
    0 => 'favicon.ico',
    1 => NULL,
    2 => NULL,
  ),
)
[ info ] [ HEADER ] array (
  'user-agent' => 'Mozilla/5.0 (Linux; U; Android 7.0; zh-CN; VTR-AL00 Build/HUAWEIVTR-AL00) AppleWebKit/537.36 (KHTML, like Gecko) Version/4.0 Chrome/40.0.2214.89 UCBrowser/11.6.6.951 UWS/2.11.0.42 Mobile Safari/537.36 AliApp(DingTalk/4.2.8) com.alibaba.android.rimet/0 Channel/227200 language/zh-CN',
  'accept-language' => 'zh-CN,en-US;q=0.8',
  'accept-encoding' => 'gzip, deflate',
  'accept' => '*/*',
  'connection' => 'keep-alive',
  'host' => 'dt.julongjinrong.top',
  'content-type' => '',
  'content-length' => '',
)
[ info ] [ PARAM ] array (
)
[ info ] [ LOG ] INIT File
---------------------------------------------------------------
[ 2018-02-18T19:55:44+08:00 ] 106.121.64.159 GET /ding/index/index
[ info ] dt.julongjinrong.top/ding/index/index [运行时间：0.389229s][吞吐率：2.57req/s] [内存消耗：1,870.44kb] [文件加载：65]
[ info ] [ BEHAVIOR ] Run Closure @app_init [ RunTime:0.000018s ]
[ info ] [ CACHE ] INIT File
[ info ] [ BEHAVIOR ] Run Closure @app_init [ RunTime:0.001097s ]
[ info ] [ LANG ] /home/wwwroot/dt.julongjinrong.top/thinkphp/lang/zh-cn.php
[ info ] [ ROUTE ] array (
  'type' => 'module',
  'module' => 
  array (
    0 => 'ding',
    1 => 'index',
    2 => 'index',
  ),
)
[ info ] [ HEADER ] array (
  'accept-encoding' => 'gzip, deflate',
  'referer' => 'http://dt.julongjinrong.top/ding/index/index',
  'accept-language' => 'zh-CN',
  'user-agent' => 'Mozilla/5.0 (Linux; U; Android 7.0; zh-CN; VTR-AL00 Build/HUAWEIVTR-AL00) AppleWebKit/537.36 (KHTML, like Gecko) Version/4.0 Chrome/40.0.2214.89 UCBrowser/11.6.6.951 UWS/2.11.0.42 Mobile Safari/537.36 AliApp(DingTalk/4.2.8) com.alibaba.android.rimet/0 Channel/227200 language/zh-CN',
  'accept' => 'text/html,application/xhtml+xml,application/xml;q=0.9,image/webp,*/*;q=0.8,UC/3009',
  'connection' => 'keep-alive',
  'host' => 'dt.julongjinrong.top',
  'content-type' => '',
  'content-length' => '',
)
[ info ] [ PARAM ] array (
)
[ info ] [ BEHAVIOR ] Run app\common\behavior\Common @module_init [ RunTime:0.000202s ]
[ info ] [ RUN ] app\ding\controller\Index->index[ /home/wwwroot/dt.julongjinrong.top/application/ding/controller/Index.php ]
[ info ] [ VIEW ] /home/wwwroot/dt.julongjinrong.top/public/../application/ding/view/index/index.html [ array (
  0 => 'list',
) ]
[ info ] [ LOG ] INIT File
---------------------------------------------------------------
[ 2018-02-18T19:55:46+08:00 ] 106.121.64.159 GET /favicon.ico
[ info ] dt.julongjinrong.top/favicon.ico [运行时间：0.019904s][吞吐率：50.24req/s] [内存消耗：1,631.72kb] [文件加载：53]
[ info ] [ BEHAVIOR ] Run Closure @app_init [ RunTime:0.000018s ]
[ info ] [ CACHE ] INIT File
[ info ] [ BEHAVIOR ] Run Closure @app_init [ RunTime:0.001069s ]
[ info ] [ LANG ] /home/wwwroot/dt.julongjinrong.top/thinkphp/lang/zh-cn.php
[ info ] [ ROUTE ] array (
  'type' => 'module',
  'module' => 
  array (
    0 => 'favicon.ico',
    1 => NULL,
    2 => NULL,
  ),
)
[ info ] [ HEADER ] array (
  'user-agent' => 'Mozilla/5.0 (Linux; U; Android 7.0; zh-CN; VTR-AL00 Build/HUAWEIVTR-AL00) AppleWebKit/537.36 (KHTML, like Gecko) Version/4.0 Chrome/40.0.2214.89 UCBrowser/11.6.6.951 UWS/2.11.0.42 Mobile Safari/537.36 AliApp(DingTalk/4.2.8) com.alibaba.android.rimet/0 Channel/227200 language/zh-CN',
  'accept-language' => 'zh-CN,en-US;q=0.8',
  'accept-encoding' => 'gzip, deflate',
  'accept' => '*/*',
  'connection' => 'keep-alive',
  'host' => 'dt.julongjinrong.top',
  'content-type' => '',
  'content-length' => '',
)
[ info ] [ PARAM ] array (
)
[ info ] [ LOG ] INIT File
---------------------------------------------------------------
[ 2018-02-18T19:55:56+08:00 ] 106.121.64.159 GET /ding/index/index
[ info ] dt.julongjinrong.top/ding/index/index [运行时间：0.378471s][吞吐率：2.64req/s] [内存消耗：1,870.44kb] [文件加载：65]
[ info ] [ BEHAVIOR ] Run Closure @app_init [ RunTime:0.000020s ]
[ info ] [ CACHE ] INIT File
[ info ] [ BEHAVIOR ] Run Closure @app_init [ RunTime:0.001057s ]
[ info ] [ LANG ] /home/wwwroot/dt.julongjinrong.top/thinkphp/lang/zh-cn.php
[ info ] [ ROUTE ] array (
  'type' => 'module',
  'module' => 
  array (
    0 => 'ding',
    1 => 'index',
    2 => 'index',
  ),
)
[ info ] [ HEADER ] array (
  'accept-encoding' => 'gzip, deflate',
  'referer' => 'http://dt.julongjinrong.top/ding/index/index',
  'accept-language' => 'zh-CN',
  'user-agent' => 'Mozilla/5.0 (Linux; U; Android 7.0; zh-CN; VTR-AL00 Build/HUAWEIVTR-AL00) AppleWebKit/537.36 (KHTML, like Gecko) Version/4.0 Chrome/40.0.2214.89 UCBrowser/11.6.6.951 UWS/2.11.0.42 Mobile Safari/537.36 AliApp(DingTalk/4.2.8) com.alibaba.android.rimet/0 Channel/227200 language/zh-CN',
  'accept' => 'text/html,application/xhtml+xml,application/xml;q=0.9,image/webp,*/*;q=0.8,UC/3009',
  'connection' => 'keep-alive',
  'host' => 'dt.julongjinrong.top',
  'content-type' => '',
  'content-length' => '',
)
[ info ] [ PARAM ] array (
)
[ info ] [ BEHAVIOR ] Run app\common\behavior\Common @module_init [ RunTime:0.000189s ]
[ info ] [ RUN ] app\ding\controller\Index->index[ /home/wwwroot/dt.julongjinrong.top/application/ding/controller/Index.php ]
[ info ] [ VIEW ] /home/wwwroot/dt.julongjinrong.top/public/../application/ding/view/index/index.html [ array (
  0 => 'list',
) ]
[ info ] [ LOG ] INIT File
---------------------------------------------------------------
[ 2018-02-18T19:55:56+08:00 ] 42.156.251.194 GET /ding/index/index
[ info ] dt.julongjinrong.top/ding/index/index [运行时间：0.355575s][吞吐率：2.81req/s] [内存消耗：1,870.08kb] [文件加载：65]
[ info ] [ BEHAVIOR ] Run Closure @app_init [ RunTime:0.000016s ]
[ info ] [ CACHE ] INIT File
[ info ] [ BEHAVIOR ] Run Closure @app_init [ RunTime:0.001008s ]
[ info ] [ LANG ] /home/wwwroot/dt.julongjinrong.top/thinkphp/lang/zh-cn.php
[ info ] [ ROUTE ] array (
  'type' => 'module',
  'module' => 
  array (
    0 => 'ding',
    1 => 'index',
    2 => 'index',
  ),
)
[ info ] [ HEADER ] array (
  'host' => 'dt.julongjinrong.top',
  'accept-language' => 'zh-CN,zh;q=0.8,en;q=0.6',
  'cookie' => 'ASPSESSIONIDQQQCAQBD=OMFHLCGAMIPKOFGIELDOCCLB; path=/',
  'accept-encoding' => 'gzip, deflate',
  'user-agent' => 'Mozilla/5.0 (Linux; Android 6.0.1; SM-N9100 Build/LRX22C) AppleWebKit/601.1.46 (KHTML, like Gecko) Mobile/13G35 Tx(CUNTAO/5.3.2) WindVane/8.1.0 750x1334',
  'accept' => 'text/html,application/xhtml+xml,application/xml;q=0.9,image/webp,*/*;q=0.8',
  'connection' => 'close',
  'content-type' => '',
  'content-length' => '',
)
[ info ] [ PARAM ] array (
)
[ info ] [ BEHAVIOR ] Run app\common\behavior\Common @module_init [ RunTime:0.000195s ]
[ info ] [ RUN ] app\ding\controller\Index->index[ /home/wwwroot/dt.julongjinrong.top/application/ding/controller/Index.php ]
[ info ] [ VIEW ] /home/wwwroot/dt.julongjinrong.top/public/../application/ding/view/index/index.html [ array (
  0 => 'list',
) ]
[ info ] [ LOG ] INIT File
---------------------------------------------------------------
[ 2018-02-18T19:55:57+08:00 ] 106.121.64.159 GET /favicon.ico
[ info ] dt.julongjinrong.top/favicon.ico [运行时间：0.019534s][吞吐率：51.19req/s] [内存消耗：1,631.72kb] [文件加载：53]
[ info ] [ BEHAVIOR ] Run Closure @app_init [ RunTime:0.000018s ]
[ info ] [ CACHE ] INIT File
[ info ] [ BEHAVIOR ] Run Closure @app_init [ RunTime:0.001093s ]
[ info ] [ LANG ] /home/wwwroot/dt.julongjinrong.top/thinkphp/lang/zh-cn.php
[ info ] [ ROUTE ] array (
  'type' => 'module',
  'module' => 
  array (
    0 => 'favicon.ico',
    1 => NULL,
    2 => NULL,
  ),
)
[ info ] [ HEADER ] array (
  'user-agent' => 'Mozilla/5.0 (Linux; U; Android 7.0; zh-CN; VTR-AL00 Build/HUAWEIVTR-AL00) AppleWebKit/537.36 (KHTML, like Gecko) Version/4.0 Chrome/40.0.2214.89 UCBrowser/11.6.6.951 UWS/2.11.0.42 Mobile Safari/537.36 AliApp(DingTalk/4.2.8) com.alibaba.android.rimet/0 Channel/227200 language/zh-CN',
  'accept-language' => 'zh-CN,en-US;q=0.8',
  'accept-encoding' => 'gzip, deflate',
  'accept' => '*/*',
  'connection' => 'keep-alive',
  'host' => 'dt.julongjinrong.top',
  'content-type' => '',
  'content-length' => '',
)
[ info ] [ PARAM ] array (
)
[ info ] [ LOG ] INIT File
---------------------------------------------------------------
[ 2018-02-18T19:55:59+08:00 ] 42.156.251.194 GET /ding/index/index
[ info ] dt.julongjinrong.top/ding/index/index [运行时间：0.382586s][吞吐率：2.61req/s] [内存消耗：1,868.09kb] [文件加载：65]
[ info ] [ BEHAVIOR ] Run Closure @app_init [ RunTime:0.000018s ]
[ info ] [ CACHE ] INIT File
[ info ] [ BEHAVIOR ] Run Closure @app_init [ RunTime:0.001036s ]
[ info ] [ LANG ] /home/wwwroot/dt.julongjinrong.top/thinkphp/lang/zh-cn.php
[ info ] [ ROUTE ] array (
  'type' => 'module',
  'module' => 
  array (
    0 => 'ding',
    1 => 'index',
    2 => 'index',
  ),
)
[ info ] [ HEADER ] array (
  'host' => 'dt.julongjinrong.top',
  'accept-language' => 'zh-CN,en,*',
  'accept-encoding' => 'gzip, deflate',
  'connection' => 'Keep-Alive',
  'user-agent' => 'Mozilla/5.0 (Linux; Android 6.0.1; SM-N9100 Build/LRX22C) AppleWebKit/601.1.46 (KHTML, like Gecko) Mobile/13G35 Tx(CUNTAO/5.3.2) WindVane/8.1.0 750x1334',
  'accept' => 'text/html,application/xhtml+xml,application/xml;q=0.9,*/*;q=0.8',
  'content-type' => '',
  'content-length' => '',
)
[ info ] [ PARAM ] array (
)
[ info ] [ BEHAVIOR ] Run app\common\behavior\Common @module_init [ RunTime:0.000194s ]
[ info ] [ RUN ] app\ding\controller\Index->index[ /home/wwwroot/dt.julongjinrong.top/application/ding/controller/Index.php ]
[ info ] [ VIEW ] /home/wwwroot/dt.julongjinrong.top/public/../application/ding/view/index/index.html [ array (
  0 => 'list',
) ]
[ info ] [ LOG ] INIT File
---------------------------------------------------------------
[ 2018-02-18T19:56:08+08:00 ] 106.121.64.159 GET /ding/index/index
[ info ] dt.julongjinrong.top/ding/index/index [运行时间：0.415367s][吞吐率：2.41req/s] [内存消耗：1,870.44kb] [文件加载：65]
[ info ] [ BEHAVIOR ] Run Closure @app_init [ RunTime:0.000023s ]
[ info ] [ CACHE ] INIT File
[ info ] [ BEHAVIOR ] Run Closure @app_init [ RunTime:0.001265s ]
[ info ] [ LANG ] /home/wwwroot/dt.julongjinrong.top/thinkphp/lang/zh-cn.php
[ info ] [ ROUTE ] array (
  'type' => 'module',
  'module' => 
  array (
    0 => 'ding',
    1 => 'index',
    2 => 'index',
  ),
)
[ info ] [ HEADER ] array (
  'accept-encoding' => 'gzip, deflate',
  'referer' => 'http://dt.julongjinrong.top/ding/index/index',
  'accept-language' => 'zh-CN',
  'user-agent' => 'Mozilla/5.0 (Linux; U; Android 7.0; zh-CN; VTR-AL00 Build/HUAWEIVTR-AL00) AppleWebKit/537.36 (KHTML, like Gecko) Version/4.0 Chrome/40.0.2214.89 UCBrowser/11.6.6.951 UWS/2.11.0.42 Mobile Safari/537.36 AliApp(DingTalk/4.2.8) com.alibaba.android.rimet/0 Channel/227200 language/zh-CN',
  'accept' => 'text/html,application/xhtml+xml,application/xml;q=0.9,image/webp,*/*;q=0.8,UC/3009',
  'connection' => 'keep-alive',
  'host' => 'dt.julongjinrong.top',
  'content-type' => '',
  'content-length' => '',
)
[ info ] [ PARAM ] array (
)
[ info ] [ BEHAVIOR ] Run app\common\behavior\Common @module_init [ RunTime:0.000275s ]
[ info ] [ RUN ] app\ding\controller\Index->index[ /home/wwwroot/dt.julongjinrong.top/application/ding/controller/Index.php ]
[ info ] [ VIEW ] /home/wwwroot/dt.julongjinrong.top/public/../application/ding/view/index/index.html [ array (
  0 => 'list',
) ]
[ info ] [ LOG ] INIT File
---------------------------------------------------------------
[ 2018-02-18T19:56:09+08:00 ] 106.121.64.159 GET /favicon.ico
[ info ] dt.julongjinrong.top/favicon.ico [运行时间：0.018757s][吞吐率：53.31req/s] [内存消耗：1,631.72kb] [文件加载：53]
[ info ] [ BEHAVIOR ] Run Closure @app_init [ RunTime:0.000018s ]
[ info ] [ CACHE ] INIT File
[ info ] [ BEHAVIOR ] Run Closure @app_init [ RunTime:0.001033s ]
[ info ] [ LANG ] /home/wwwroot/dt.julongjinrong.top/thinkphp/lang/zh-cn.php
[ info ] [ ROUTE ] array (
  'type' => 'module',
  'module' => 
  array (
    0 => 'favicon.ico',
    1 => NULL,
    2 => NULL,
  ),
)
[ info ] [ HEADER ] array (
  'user-agent' => 'Mozilla/5.0 (Linux; U; Android 7.0; zh-CN; VTR-AL00 Build/HUAWEIVTR-AL00) AppleWebKit/537.36 (KHTML, like Gecko) Version/4.0 Chrome/40.0.2214.89 UCBrowser/11.6.6.951 UWS/2.11.0.42 Mobile Safari/537.36 AliApp(DingTalk/4.2.8) com.alibaba.android.rimet/0 Channel/227200 language/zh-CN',
  'accept-language' => 'zh-CN,en-US;q=0.8',
  'accept-encoding' => 'gzip, deflate',
  'accept' => '*/*',
  'connection' => 'keep-alive',
  'host' => 'dt.julongjinrong.top',
  'content-type' => '',
  'content-length' => '',
)
[ info ] [ PARAM ] array (
)
[ info ] [ LOG ] INIT File
---------------------------------------------------------------
[ 2018-02-18T19:56:17+08:00 ] 106.121.64.159 GET /ding/index/index
[ info ] dt.julongjinrong.top/ding/index/index [运行时间：0.408660s][吞吐率：2.45req/s] [内存消耗：1,870.44kb] [文件加载：65]
[ info ] [ BEHAVIOR ] Run Closure @app_init [ RunTime:0.000019s ]
[ info ] [ CACHE ] INIT File
[ info ] [ BEHAVIOR ] Run Closure @app_init [ RunTime:0.001067s ]
[ info ] [ LANG ] /home/wwwroot/dt.julongjinrong.top/thinkphp/lang/zh-cn.php
[ info ] [ ROUTE ] array (
  'type' => 'module',
  'module' => 
  array (
    0 => 'ding',
    1 => 'index',
    2 => 'index',
  ),
)
[ info ] [ HEADER ] array (
  'accept-encoding' => 'gzip, deflate',
  'referer' => 'http://dt.julongjinrong.top/ding/index/index',
  'accept-language' => 'zh-CN',
  'user-agent' => 'Mozilla/5.0 (Linux; U; Android 7.0; zh-CN; VTR-AL00 Build/HUAWEIVTR-AL00) AppleWebKit/537.36 (KHTML, like Gecko) Version/4.0 Chrome/40.0.2214.89 UCBrowser/11.6.6.951 UWS/2.11.0.42 Mobile Safari/537.36 AliApp(DingTalk/4.2.8) com.alibaba.android.rimet/0 Channel/227200 language/zh-CN',
  'accept' => 'text/html,application/xhtml+xml,application/xml;q=0.9,image/webp,*/*;q=0.8,UC/3009',
  'connection' => 'keep-alive',
  'host' => 'dt.julongjinrong.top',
  'content-type' => '',
  'content-length' => '',
)
[ info ] [ PARAM ] array (
)
[ info ] [ BEHAVIOR ] Run app\common\behavior\Common @module_init [ RunTime:0.000210s ]
[ info ] [ RUN ] app\ding\controller\Index->index[ /home/wwwroot/dt.julongjinrong.top/application/ding/controller/Index.php ]
[ info ] [ VIEW ] /home/wwwroot/dt.julongjinrong.top/public/../application/ding/view/index/index.html [ array (
  0 => 'list',
) ]
[ info ] [ LOG ] INIT File
---------------------------------------------------------------
[ 2018-02-18T19:56:18+08:00 ] 106.121.64.159 GET /favicon.ico
[ info ] dt.julongjinrong.top/favicon.ico [运行时间：0.019365s][吞吐率：51.64req/s] [内存消耗：1,631.72kb] [文件加载：53]
[ info ] [ BEHAVIOR ] Run Closure @app_init [ RunTime:0.000019s ]
[ info ] [ CACHE ] INIT File
[ info ] [ BEHAVIOR ] Run Closure @app_init [ RunTime:0.001032s ]
[ info ] [ LANG ] /home/wwwroot/dt.julongjinrong.top/thinkphp/lang/zh-cn.php
[ info ] [ ROUTE ] array (
  'type' => 'module',
  'module' => 
  array (
    0 => 'favicon.ico',
    1 => NULL,
    2 => NULL,
  ),
)
[ info ] [ HEADER ] array (
  'user-agent' => 'Mozilla/5.0 (Linux; U; Android 7.0; zh-CN; VTR-AL00 Build/HUAWEIVTR-AL00) AppleWebKit/537.36 (KHTML, like Gecko) Version/4.0 Chrome/40.0.2214.89 UCBrowser/11.6.6.951 UWS/2.11.0.42 Mobile Safari/537.36 AliApp(DingTalk/4.2.8) com.alibaba.android.rimet/0 Channel/227200 language/zh-CN',
  'accept-language' => 'zh-CN,en-US;q=0.8',
  'accept-encoding' => 'gzip, deflate',
  'accept' => '*/*',
  'connection' => 'keep-alive',
  'host' => 'dt.julongjinrong.top',
  'content-type' => '',
  'content-length' => '',
)
[ info ] [ PARAM ] array (
)
[ info ] [ LOG ] INIT File
---------------------------------------------------------------
[ 2018-02-18T19:56:29+08:00 ] 106.121.64.159 GET /ding/index/index
[ info ] dt.julongjinrong.top/ding/index/index [运行时间：0.373383s][吞吐率：2.68req/s] [内存消耗：1,870.44kb] [文件加载：65]
[ info ] [ BEHAVIOR ] Run Closure @app_init [ RunTime:0.000019s ]
[ info ] [ CACHE ] INIT File
[ info ] [ BEHAVIOR ] Run Closure @app_init [ RunTime:0.001091s ]
[ info ] [ LANG ] /home/wwwroot/dt.julongjinrong.top/thinkphp/lang/zh-cn.php
[ info ] [ ROUTE ] array (
  'type' => 'module',
  'module' => 
  array (
    0 => 'ding',
    1 => 'index',
    2 => 'index',
  ),
)
[ info ] [ HEADER ] array (
  'accept-encoding' => 'gzip, deflate',
  'referer' => 'http://dt.julongjinrong.top/ding/index/index',
  'accept-language' => 'zh-CN',
  'user-agent' => 'Mozilla/5.0 (Linux; U; Android 7.0; zh-CN; VTR-AL00 Build/HUAWEIVTR-AL00) AppleWebKit/537.36 (KHTML, like Gecko) Version/4.0 Chrome/40.0.2214.89 UCBrowser/11.6.6.951 UWS/2.11.0.42 Mobile Safari/537.36 AliApp(DingTalk/4.2.8) com.alibaba.android.rimet/0 Channel/227200 language/zh-CN',
  'accept' => 'text/html,application/xhtml+xml,application/xml;q=0.9,image/webp,*/*;q=0.8,UC/3009',
  'connection' => 'keep-alive',
  'host' => 'dt.julongjinrong.top',
  'content-type' => '',
  'content-length' => '',
)
[ info ] [ PARAM ] array (
)
[ info ] [ BEHAVIOR ] Run app\common\behavior\Common @module_init [ RunTime:0.000215s ]
[ info ] [ RUN ] app\ding\controller\Index->index[ /home/wwwroot/dt.julongjinrong.top/application/ding/controller/Index.php ]
[ info ] [ VIEW ] /home/wwwroot/dt.julongjinrong.top/public/../application/ding/view/index/index.html [ array (
  0 => 'list',
) ]
[ info ] [ LOG ] INIT File
---------------------------------------------------------------
[ 2018-02-18T19:56:29+08:00 ] 106.121.64.159 GET /favicon.ico
[ info ] dt.julongjinrong.top/favicon.ico [运行时间：0.019939s][吞吐率：50.15req/s] [内存消耗：1,631.72kb] [文件加载：53]
[ info ] [ BEHAVIOR ] Run Closure @app_init [ RunTime:0.000019s ]
[ info ] [ CACHE ] INIT File
[ info ] [ BEHAVIOR ] Run Closure @app_init [ RunTime:0.001069s ]
[ info ] [ LANG ] /home/wwwroot/dt.julongjinrong.top/thinkphp/lang/zh-cn.php
[ info ] [ ROUTE ] array (
  'type' => 'module',
  'module' => 
  array (
    0 => 'favicon.ico',
    1 => NULL,
    2 => NULL,
  ),
)
[ info ] [ HEADER ] array (
  'user-agent' => 'Mozilla/5.0 (Linux; U; Android 7.0; zh-CN; VTR-AL00 Build/HUAWEIVTR-AL00) AppleWebKit/537.36 (KHTML, like Gecko) Version/4.0 Chrome/40.0.2214.89 UCBrowser/11.6.6.951 UWS/2.11.0.42 Mobile Safari/537.36 AliApp(DingTalk/4.2.8) com.alibaba.android.rimet/0 Channel/227200 language/zh-CN',
  'accept-language' => 'zh-CN,en-US;q=0.8',
  'accept-encoding' => 'gzip, deflate',
  'accept' => '*/*',
  'connection' => 'keep-alive',
  'host' => 'dt.julongjinrong.top',
  'content-type' => '',
  'content-length' => '',
)
[ info ] [ PARAM ] array (
)
[ info ] [ LOG ] INIT File
---------------------------------------------------------------
[ 2018-02-18T21:09:06+08:00 ] 111.16.228.210 GET /ding/index/index
[ info ] dt.julongjinrong.top/ding/index/index [运行时间：0.398281s][吞吐率：2.51req/s] [内存消耗：1,870.25kb] [文件加载：65]
[ info ] [ BEHAVIOR ] Run Closure @app_init [ RunTime:0.000021s ]
[ info ] [ CACHE ] INIT File
[ info ] [ BEHAVIOR ] Run Closure @app_init [ RunTime:0.001100s ]
[ info ] [ LANG ] /home/wwwroot/dt.julongjinrong.top/thinkphp/lang/zh-cn.php
[ info ] [ ROUTE ] array (
  'type' => 'module',
  'module' => 
  array (
    0 => 'ding',
    1 => 'index',
    2 => 'index',
  ),
)
[ info ] [ HEADER ] array (
  'connection' => 'keep-alive',
  'accept-encoding' => 'gzip, deflate',
  'accept-language' => 'zh-cn',
  'user-agent' => 'Mozilla/5.0 (iPhone; CPU iPhone OS 11_2_2 like Mac OS X) AppleWebKit/604.4.7 (KHTML, like Gecko) Mobile/15C202 AliApp(DingTalk/4.2.8) com.laiwang.DingTalk/3130734 Channel/201200 language/zh-Hans-CN',
  'accept' => 'text/html,application/xhtml+xml,application/xml;q=0.9,*/*;q=0.8',
  'upgrade-insecure-requests' => '1',
  'dingtalk-flag' => '1',
  'host' => 'dt.julongjinrong.top',
  'content-type' => '',
  'content-length' => '',
)
[ info ] [ PARAM ] array (
)
[ info ] [ BEHAVIOR ] Run app\common\behavior\Common @module_init [ RunTime:0.000201s ]
[ info ] [ RUN ] app\ding\controller\Index->index[ /home/wwwroot/dt.julongjinrong.top/application/ding/controller/Index.php ]
[ info ] [ VIEW ] /home/wwwroot/dt.julongjinrong.top/public/../application/ding/view/index/index.html [ array (
  0 => 'list',
) ]
[ info ] [ LOG ] INIT File
